-- The C compiler identification is GNU 13.3.0
-- The CXX compiler identification is GNU 13.3.0
-- Detecting C compiler ABI info
-- Detecting C compiler ABI info - done
-- Check for working C compiler: /usr/bin/cc - skipped
-- Detecting C compile features
-- Detecting C compile features - done
-- Detecting CXX compiler ABI info
-- Detecting CXX compiler ABI info - done
-- Check for working CXX compiler: /usr/bin/c++ - skipped
-- Detecting CXX compile features
-- Detecting CXX compile features - done
-- Found ament_cmake: 2.5.4 (/opt/ros/jazzy/share/ament_cmake/cmake)
-- Found Python3: /usr/bin/python3 (found version "3.12.3") found components: Interpreter 
-- Found sensor_msgs: 5.3.6 (/opt/ros/jazzy/share/sensor_msgs/cmake)
-- Found rosidl_generator_c: 4.6.6 (/opt/ros/jazzy/share/rosidl_generator_c/cmake)
-- Found rosidl_generator_cpp: 4.6.6 (/opt/ros/jazzy/share/rosidl_generator_cpp/cmake)
-- Using all available rosidl_typesupport_c: rosidl_typesupport_fastrtps_c;rosidl_typesupport_introspection_c
-- Using all available rosidl_typesupport_cpp: rosidl_typesupport_fastrtps_cpp;rosidl_typesupport_introspection_cpp
-- Found rosidl_default_generators: 1.6.0 (/opt/ros/jazzy/share/rosidl_default_generators/cmake)
-- Found rosidl_adapter: 4.6.6 (/opt/ros/jazzy/share/rosidl_adapter/cmake)
-- Found ament_cmake_ros: 0.12.0 (/opt/ros/jazzy/share/ament_cmake_ros/cmake)
-- Using all available rosidl_typesupport_c: rosidl_typesupport_fastrtps_c;rosidl_typesupport_introspection_c
-- Using all available rosidl_typesupport_cpp: rosidl_typesupport_fastrtps_cpp;rosidl_typesupport_introspection_cpp
-- Found python_cmake_module: 0.11.1 (/opt/ros/jazzy/share/python_cmake_module/cmake)
-- Found PythonExtra: /usr/bin/python3  
-- Found Python3: /usr/bin/python3 (found version "3.12.3") found components: Interpreter Development NumPy Development.Module Development.Embed 
-- Found ament_lint_auto: 0.17.3 (/opt/ros/jazzy/share/ament_lint_auto/cmake)
-- Added test 'lint_cmake' to check CMake code style
-- Added test 'xmllint' to check XML markup files
-- Configuring done (6.8s)
-- Generating done (0.0s)
-- Build files have been written to: /home/marc/conveyor_packages/ros2_ws/build/vision_interfaces
[  1%] [34m[1mGenerating type hashes for ROS interfaces[0m
[  1%] Built target ament_cmake_python_copy_vision_interfaces
running egg_info
creating vision_interfaces.egg-info
[  1%] Built target vision_interfaces__rosidl_generator_type_description
writing vision_interfaces.egg-info/PKG-INFO
writing dependency_links to vision_interfaces.egg-info/dependency_links.txt
writing top-level names to vision_interfaces.egg-info/top_level.txt
writing manifest file 'vision_interfaces.egg-info/SOURCES.txt'
[  3%] [34m[1mGenerating C code for ROS interfaces[0m
[  5%] [34m[1mGenerating C++ code for ROS interfaces[0m
reading manifest file 'vision_interfaces.egg-info/SOURCES.txt'
writing manifest file 'vision_interfaces.egg-info/SOURCES.txt'
[  5%] Built target ament_cmake_python_build_vision_interfaces_egg
[  5%] Built target vision_interfaces__cpp
[  9%] [32mBuilding C object CMakeFiles/vision_interfaces__rosidl_generator_c.dir/rosidl_generator_c/vision_interfaces/srv/detail/detect_boxes__description.c.o[0m
[ 11%] [32mBuilding C object CMakeFiles/vision_interfaces__rosidl_generator_c.dir/rosidl_generator_c/vision_interfaces/srv/detail/detect_boxes__type_support.c.o[0m
[  9%] [32mBuilding C object CMakeFiles/vision_interfaces__rosidl_generator_c.dir/rosidl_generator_c/vision_interfaces/srv/detail/detect_boxes__functions.c.o[0m
[ 12%] [32mBuilding C object CMakeFiles/vision_interfaces__rosidl_generator_c.dir/rosidl_generator_c/vision_interfaces/srv/detail/get_image__description.c.o[0m
[ 14%] [32mBuilding C object CMakeFiles/vision_interfaces__rosidl_generator_c.dir/rosidl_generator_c/vision_interfaces/srv/detail/get_image__functions.c.o[0m
[ 16%] [32mBuilding C object CMakeFiles/vision_interfaces__rosidl_generator_c.dir/rosidl_generator_c/vision_interfaces/srv/detail/arrange_pallet__functions.c.o[0m
[ 18%] [32mBuilding C object CMakeFiles/vision_interfaces__rosidl_generator_c.dir/rosidl_generator_c/vision_interfaces/srv/detail/get_image__type_support.c.o[0m
[ 20%] [32mBuilding C object CMakeFiles/vision_interfaces__rosidl_generator_c.dir/rosidl_generator_c/vision_interfaces/srv/detail/arrange_pallet__type_support.c.o[0m
[ 22%] [32mBuilding C object CMakeFiles/vision_interfaces__rosidl_generator_c.dir/rosidl_generator_c/vision_interfaces/srv/detail/arrange_pallet__description.c.o[0m
[ 24%] [32m[1mLinking C shared library libvision_interfaces__rosidl_generator_c.so[0m
[ 24%] Built target vision_interfaces__rosidl_generator_c
[ 29%] [34m[1mGenerating C++ introspection for ROS interfaces[0m
[ 29%] [34m[1mGenerating C++ type support dispatch for ROS interfaces[0m
[ 29%] [34m[1mGenerating C introspection for ROS interfaces[0m
[ 33%] [34m[1mGenerating C type support for eProsima Fast-RTPS[0m
[ 33%] [34m[1mGenerating C type support dispatch for ROS interfaces[0m
[ 35%] [34m[1mGenerating C++ type support for eProsima Fast-RTPS[0m
[ 37%] [32mBuilding CXX object CMakeFiles/vision_interfaces__rosidl_typesupport_c.dir/rosidl_typesupport_c/vision_interfaces/srv/detect_boxes__type_support.cpp.o[0m
[ 38%] [32mBuilding CXX object CMakeFiles/vision_interfaces__rosidl_typesupport_c.dir/rosidl_typesupport_c/vision_interfaces/srv/arrange_pallet__type_support.cpp.o[0m
[ 40%] [32mBuilding CXX object CMakeFiles/vision_interfaces__rosidl_typesupport_c.dir/rosidl_typesupport_c/vision_interfaces/srv/get_image__type_support.cpp.o[0m
[ 42%] [32mBuilding CXX object CMakeFiles/vision_interfaces__rosidl_typesupport_cpp.dir/rosidl_typesupport_cpp/vision_interfaces/srv/get_image__type_support.cpp.o[0m
[ 44%] [32mBuilding CXX object CMakeFiles/vision_interfaces__rosidl_typesupport_cpp.dir/rosidl_typesupport_cpp/vision_interfaces/srv/arrange_pallet__type_support.cpp.o[0m
[ 46%] [32mBuilding CXX object CMakeFiles/vision_interfaces__rosidl_typesupport_cpp.dir/rosidl_typesupport_cpp/vision_interfaces/srv/detect_boxes__type_support.cpp.o[0m
[ 48%] [32mBuilding CXX object CMakeFiles/vision_interfaces__rosidl_typesupport_introspection_cpp.dir/rosidl_typesupport_introspection_cpp/vision_interfaces/srv/detail/detect_boxes__type_support.cpp.o[0m
[ 50%] [32mBuilding CXX object CMakeFiles/vision_interfaces__rosidl_typesupport_introspection_cpp.dir/rosidl_typesupport_introspection_cpp/vision_interfaces/srv/detail/get_image__type_support.cpp.o[0m
[ 51%] [32mBuilding CXX object CMakeFiles/vision_interfaces__rosidl_typesupport_introspection_cpp.dir/rosidl_typesupport_introspection_cpp/vision_interfaces/srv/detail/arrange_pallet__type_support.cpp.o[0m
[ 53%] [32m[1mLinking CXX shared library libvision_interfaces__rosidl_typesupport_c.so[0m
[ 57%] [32mBuilding C object CMakeFiles/vision_interfaces__rosidl_typesupport_introspection_c.dir/rosidl_typesupport_introspection_c/vision_interfaces/srv/detail/detect_boxes__type_support.c.o[0m
[ 59%] [32mBuilding C object CMakeFiles/vision_interfaces__rosidl_typesupport_introspection_c.dir/rosidl_typesupport_introspection_c/vision_interfaces/srv/detail/get_image__type_support.c.o[0m
[ 59%] [32mBuilding C object CMakeFiles/vision_interfaces__rosidl_typesupport_introspection_c.dir/rosidl_typesupport_introspection_c/vision_interfaces/srv/detail/arrange_pallet__type_support.c.o[0m
[ 61%] [32m[1mLinking C shared library libvision_interfaces__rosidl_typesupport_introspection_c.so[0m
[ 61%] Built target vision_interfaces__rosidl_typesupport_c
[ 62%] [32mBuilding CXX object CMakeFiles/vision_interfaces__rosidl_typesupport_fastrtps_cpp.dir/rosidl_typesupport_fastrtps_cpp/vision_interfaces/srv/detail/dds_fastrtps/detect_boxes__type_support.cpp.o[0m
[ 64%] [32mBuilding CXX object CMakeFiles/vision_interfaces__rosidl_typesupport_fastrtps_cpp.dir/rosidl_typesupport_fastrtps_cpp/vision_interfaces/srv/detail/dds_fastrtps/arrange_pallet__type_support.cpp.o[0m
[ 66%] [32mBuilding CXX object CMakeFiles/vision_interfaces__rosidl_typesupport_fastrtps_cpp.dir/rosidl_typesupport_fastrtps_cpp/vision_interfaces/srv/detail/dds_fastrtps/get_image__type_support.cpp.o[0m
[ 66%] Built target vision_interfaces__rosidl_typesupport_introspection_c
[ 68%] [32mBuilding CXX object CMakeFiles/vision_interfaces__rosidl_typesupport_fastrtps_c.dir/rosidl_typesupport_fastrtps_c/vision_interfaces/srv/detail/detect_boxes__type_support_c.cpp.o[0m
[ 72%] [32mBuilding CXX object CMakeFiles/vision_interfaces__rosidl_typesupport_fastrtps_c.dir/rosidl_typesupport_fastrtps_c/vision_interfaces/srv/detail/arrange_pallet__type_support_c.cpp.o[0m
[ 72%] [32mBuilding CXX object CMakeFiles/vision_interfaces__rosidl_typesupport_fastrtps_c.dir/rosidl_typesupport_fastrtps_c/vision_interfaces/srv/detail/get_image__type_support_c.cpp.o[0m
[ 74%] [32m[1mLinking CXX shared library libvision_interfaces__rosidl_typesupport_cpp.so[0m
[ 75%] [32m[1mLinking CXX shared library libvision_interfaces__rosidl_typesupport_introspection_cpp.so[0m
[ 75%] Built target vision_interfaces__rosidl_typesupport_cpp
[ 77%] [32m[1mLinking CXX shared library libvision_interfaces__rosidl_typesupport_fastrtps_c.so[0m
[ 77%] Built target vision_interfaces__rosidl_typesupport_introspection_cpp
[ 79%] [32m[1mLinking CXX shared library libvision_interfaces__rosidl_typesupport_fastrtps_cpp.so[0m
[ 79%] Built target vision_interfaces__rosidl_typesupport_fastrtps_c
[ 79%] Built target vision_interfaces__rosidl_typesupport_fastrtps_cpp
[ 79%] Built target vision_interfaces
[ 81%] [34m[1mGenerating Python code for ROS interfaces[0m
[ 81%] Built target vision_interfaces__py
[ 87%] [32mBuilding C object CMakeFiles/vision_interfaces__rosidl_generator_py.dir/rosidl_generator_py/vision_interfaces/srv/_get_image_s.c.o[0m
[ 87%] [32mBuilding C object CMakeFiles/vision_interfaces__rosidl_generator_py.dir/rosidl_generator_py/vision_interfaces/srv/_detect_boxes_s.c.o[0m
[ 85%] [32mBuilding C object CMakeFiles/vision_interfaces__rosidl_generator_py.dir/rosidl_generator_py/vision_interfaces/srv/_arrange_pallet_s.c.o[0m
[ 88%] [32m[1mLinking C shared library libvision_interfaces__rosidl_generator_py.so[0m
[ 88%] Built target vision_interfaces__rosidl_generator_py
[ 92%] [32mBuilding C object CMakeFiles/vision_interfaces_s__rosidl_typesupport_c.dir/rosidl_generator_py/vision_interfaces/_vision_interfaces_s.ep.rosidl_typesupport_c.c.o[0m
[ 92%] [32mBuilding C object CMakeFiles/vision_interfaces_s__rosidl_typesupport_introspection_c.dir/rosidl_generator_py/vision_interfaces/_vision_interfaces_s.ep.rosidl_typesupport_introspection_c.c.o[0m
[ 94%] [32mBuilding C object CMakeFiles/vision_interfaces_s__rosidl_typesupport_fastrtps_c.dir/rosidl_generator_py/vision_interfaces/_vision_interfaces_s.ep.rosidl_typesupport_fastrtps_c.c.o[0m
[ 96%] [32m[1mLinking C shared module rosidl_generator_py/vision_interfaces/vision_interfaces_s__rosidl_typesupport_c.so[0m
[ 98%] [32m[1mLinking C shared module rosidl_generator_py/vision_interfaces/vision_interfaces_s__rosidl_typesupport_introspection_c.so[0m
[100%] [32m[1mLinking C shared module rosidl_generator_py/vision_interfaces/vision_interfaces_s__rosidl_typesupport_fastrtps_c.so[0m
[100%] Built target vision_interfaces_s__rosidl_typesupport_c
[100%] Built target vision_interfaces_s__rosidl_typesupport_introspection_c
[100%] Built target vision_interfaces_s__rosidl_typesupport_fastrtps_c
-- Install configuration: ""
-- Installing: /home/marc/conveyor_packages/ros2_ws/install/vision_interfaces/share/ament_index/resource_index/rosidl_interfaces/vision_interfaces
-- Installing: /home/marc/conveyor_packages/ros2_ws/install/vision_interfaces/share/vision_interfaces/srv/DetectBoxes.json
-- Installing: /home/marc/conveyor_packages/ros2_ws/install/vision_interfaces/share/vision_interfaces/srv/GetImage.json
-- Installing: /home/marc/conveyor_packages/ros2_ws/install/vision_interfaces/share/vision_interfaces/srv/ArrangePallet.json
-- Installing: /home/marc/conveyor_packages/ros2_ws/install/vision_interfaces/include/vision_interfaces/vision_interfaces
-- Installing: /home/marc/conveyor_packages/ros2_ws/install/vision_interfaces/include/vision_interfaces/vision_interfaces/msg
-- Installing: /home/marc/conveyor_packages/ros2_ws/install/vision_interfaces/include/vision_interfaces/vision_interfaces/msg/rosidl_generator_c__visibility_control.h
-- Installing: /home/marc/conveyor_packages/ros2_ws/install/vision_interfaces/include/vision_interfaces/vision_interfaces/srv
-- Installing: /home/marc/conveyor_packages/ros2_ws/install/vision_interfaces/include/vision_interfaces/vision_interfaces/srv/detect_boxes.h
-- Installing: /home/marc/conveyor_packages/ros2_ws/install/vision_interfaces/include/vision_interfaces/vision_interfaces/srv/detail
-- Installing: /home/marc/conveyor_packages/ros2_ws/install/vision_interfaces/include/vision_interfaces/vision_interfaces/srv/detail/arrange_pallet__type_support.h
-- Installing: /home/marc/conveyor_packages/ros2_ws/install/vision_interfaces/include/vision_interfaces/vision_interfaces/srv/detail/detect_boxes__type_support.c
-- Installing: /home/marc/conveyor_packages/ros2_ws/install/vision_interfaces/include/vision_interfaces/vision_interfaces/srv/detail/detect_boxes__functions.h
-- Installing: /home/marc/conveyor_packages/ros2_ws/install/vision_interfaces/include/vision_interfaces/vision_interfaces/srv/detail/arrange_pallet__type_support.c
-- Installing: /home/marc/conveyor_packages/ros2_ws/install/vision_interfaces/include/vision_interfaces/vision_interfaces/srv/detail/arrange_pallet__description.c
-- Installing: /home/marc/conveyor_packages/ros2_ws/install/vision_interfaces/include/vision_interfaces/vision_interfaces/srv/detail/get_image__type_support.c
-- Installing: /home/marc/conveyor_packages/ros2_ws/install/vision_interfaces/include/vision_interfaces/vision_interfaces/srv/detail/detect_boxes__type_support.h
-- Installing: /home/marc/conveyor_packages/ros2_ws/install/vision_interfaces/include/vision_interfaces/vision_interfaces/srv/detail/arrange_pallet__functions.h
-- Installing: /home/marc/conveyor_packages/ros2_ws/install/vision_interfaces/include/vision_interfaces/vision_interfaces/srv/detail/detect_boxes__description.c
-- Installing: /home/marc/conveyor_packages/ros2_ws/install/vision_interfaces/include/vision_interfaces/vision_interfaces/srv/detail/get_image__functions.c
-- Installing: /home/marc/conveyor_packages/ros2_ws/install/vision_interfaces/include/vision_interfaces/vision_interfaces/srv/detail/get_image__type_support.h
-- Installing: /home/marc/conveyor_packages/ros2_ws/install/vision_interfaces/include/vision_interfaces/vision_interfaces/srv/detail/arrange_pallet__struct.h
-- Installing: /home/marc/conveyor_packages/ros2_ws/install/vision_interfaces/include/vision_interfaces/vision_interfaces/srv/detail/detect_boxes__struct.h
-- Installing: /home/marc/conveyor_packages/ros2_ws/install/vision_interfaces/include/vision_interfaces/vision_interfaces/srv/detail/get_image__struct.h
-- Installing: /home/marc/conveyor_packages/ros2_ws/install/vision_interfaces/include/vision_interfaces/vision_interfaces/srv/detail/get_image__description.c
-- Installing: /home/marc/conveyor_packages/ros2_ws/install/vision_interfaces/include/vision_interfaces/vision_interfaces/srv/detail/get_image__functions.h
-- Installing: /home/marc/conveyor_packages/ros2_ws/install/vision_interfaces/include/vision_interfaces/vision_interfaces/srv/detail/detect_boxes__functions.c
-- Installing: /home/marc/conveyor_packages/ros2_ws/install/vision_interfaces/include/vision_interfaces/vision_interfaces/srv/detail/arrange_pallet__functions.c
-- Installing: /home/marc/conveyor_packages/ros2_ws/install/vision_interfaces/include/vision_interfaces/vision_interfaces/srv/arrange_pallet.h
-- Installing: /home/marc/conveyor_packages/ros2_ws/install/vision_interfaces/include/vision_interfaces/vision_interfaces/srv/get_image.h
-- Installing: /home/marc/conveyor_packages/ros2_ws/install/vision_interfaces/share/vision_interfaces/environment/library_path.sh
-- Installing: /home/marc/conveyor_packages/ros2_ws/install/vision_interfaces/share/vision_interfaces/environment/library_path.dsv
-- Installing: /home/marc/conveyor_packages/ros2_ws/install/vision_interfaces/lib/libvision_interfaces__rosidl_generator_c.so
-- Set non-toolchain portion of runtime path of "/home/marc/conveyor_packages/ros2_ws/install/vision_interfaces/lib/libvision_interfaces__rosidl_generator_c.so" to ""
-- Up-to-date: /home/marc/conveyor_packages/ros2_ws/install/vision_interfaces/include/vision_interfaces/vision_interfaces
-- Up-to-date: /home/marc/conveyor_packages/ros2_ws/install/vision_interfaces/include/vision_interfaces/vision_interfaces/msg
-- Installing: /home/marc/conveyor_packages/ros2_ws/install/vision_interfaces/include/vision_interfaces/vision_interfaces/msg/rosidl_typesupport_fastrtps_c__visibility_control.h
-- Up-to-date: /home/marc/conveyor_packages/ros2_ws/install/vision_interfaces/include/vision_interfaces/vision_interfaces/srv
-- Up-to-date: /home/marc/conveyor_packages/ros2_ws/install/vision_interfaces/include/vision_interfaces/vision_interfaces/srv/detail
-- Installing: /home/marc/conveyor_packages/ros2_ws/install/vision_interfaces/include/vision_interfaces/vision_interfaces/srv/detail/get_image__rosidl_typesupport_fastrtps_c.h
-- Installing: /home/marc/conveyor_packages/ros2_ws/install/vision_interfaces/include/vision_interfaces/vision_interfaces/srv/detail/detect_boxes__rosidl_typesupport_fastrtps_c.h
-- Installing: /home/marc/conveyor_packages/ros2_ws/install/vision_interfaces/include/vision_interfaces/vision_interfaces/srv/detail/arrange_pallet__rosidl_typesupport_fastrtps_c.h
-- Installing: /home/marc/conveyor_packages/ros2_ws/install/vision_interfaces/lib/libvision_interfaces__rosidl_typesupport_fastrtps_c.so
-- Set non-toolchain portion of runtime path of "/home/marc/conveyor_packages/ros2_ws/install/vision_interfaces/lib/libvision_interfaces__rosidl_typesupport_fastrtps_c.so" to ""
-- Up-to-date: /home/marc/conveyor_packages/ros2_ws/install/vision_interfaces/include/vision_interfaces/vision_interfaces
-- Up-to-date: /home/marc/conveyor_packages/ros2_ws/install/vision_interfaces/include/vision_interfaces/vision_interfaces/msg
-- Installing: /home/marc/conveyor_packages/ros2_ws/install/vision_interfaces/include/vision_interfaces/vision_interfaces/msg/rosidl_generator_cpp__visibility_control.hpp
-- Up-to-date: /home/marc/conveyor_packages/ros2_ws/install/vision_interfaces/include/vision_interfaces/vision_interfaces/srv
-- Installing: /home/marc/conveyor_packages/ros2_ws/install/vision_interfaces/include/vision_interfaces/vision_interfaces/srv/arrange_pallet.hpp
-- Up-to-date: /home/marc/conveyor_packages/ros2_ws/install/vision_interfaces/include/vision_interfaces/vision_interfaces/srv/detail
-- Installing: /home/marc/conveyor_packages/ros2_ws/install/vision_interfaces/include/vision_interfaces/vision_interfaces/srv/detail/arrange_pallet__builder.hpp
-- Installing: /home/marc/conveyor_packages/ros2_ws/install/vision_interfaces/include/vision_interfaces/vision_interfaces/srv/detail/arrange_pallet__struct.hpp
-- Installing: /home/marc/conveyor_packages/ros2_ws/install/vision_interfaces/include/vision_interfaces/vision_interfaces/srv/detail/detect_boxes__builder.hpp
-- Installing: /home/marc/conveyor_packages/ros2_ws/install/vision_interfaces/include/vision_interfaces/vision_interfaces/srv/detail/arrange_pallet__type_support.hpp
-- Installing: /home/marc/conveyor_packages/ros2_ws/install/vision_interfaces/include/vision_interfaces/vision_interfaces/srv/detail/arrange_pallet__traits.hpp
-- Installing: /home/marc/conveyor_packages/ros2_ws/install/vision_interfaces/include/vision_interfaces/vision_interfaces/srv/detail/detect_boxes__traits.hpp
-- Installing: /home/marc/conveyor_packages/ros2_ws/install/vision_interfaces/include/vision_interfaces/vision_interfaces/srv/detail/get_image__type_support.hpp
-- Installing: /home/marc/conveyor_packages/ros2_ws/install/vision_interfaces/include/vision_interfaces/vision_interfaces/srv/detail/get_image__struct.hpp
-- Installing: /home/marc/conveyor_packages/ros2_ws/install/vision_interfaces/include/vision_interfaces/vision_interfaces/srv/detail/detect_boxes__type_support.hpp
-- Installing: /home/marc/conveyor_packages/ros2_ws/install/vision_interfaces/include/vision_interfaces/vision_interfaces/srv/detail/get_image__builder.hpp
-- Installing: /home/marc/conveyor_packages/ros2_ws/install/vision_interfaces/include/vision_interfaces/vision_interfaces/srv/detail/detect_boxes__struct.hpp
-- Installing: /home/marc/conveyor_packages/ros2_ws/install/vision_interfaces/include/vision_interfaces/vision_interfaces/srv/detail/get_image__traits.hpp
-- Installing: /home/marc/conveyor_packages/ros2_ws/install/vision_interfaces/include/vision_interfaces/vision_interfaces/srv/detect_boxes.hpp
-- Installing: /home/marc/conveyor_packages/ros2_ws/install/vision_interfaces/include/vision_interfaces/vision_interfaces/srv/get_image.hpp
-- Up-to-date: /home/marc/conveyor_packages/ros2_ws/install/vision_interfaces/include/vision_interfaces/vision_interfaces
-- Up-to-date: /home/marc/conveyor_packages/ros2_ws/install/vision_interfaces/include/vision_interfaces/vision_interfaces/msg
-- Installing: /home/marc/conveyor_packages/ros2_ws/install/vision_interfaces/include/vision_interfaces/vision_interfaces/msg/rosidl_typesupport_fastrtps_cpp__visibility_control.h
-- Up-to-date: /home/marc/conveyor_packages/ros2_ws/install/vision_interfaces/include/vision_interfaces/vision_interfaces/srv
-- Up-to-date: /home/marc/conveyor_packages/ros2_ws/install/vision_interfaces/include/vision_interfaces/vision_interfaces/srv/detail
-- Installing: /home/marc/conveyor_packages/ros2_ws/install/vision_interfaces/include/vision_interfaces/vision_interfaces/srv/detail/dds_fastrtps
-- Installing: /home/marc/conveyor_packages/ros2_ws/install/vision_interfaces/include/vision_interfaces/vision_interfaces/srv/detail/arrange_pallet__rosidl_typesupport_fastrtps_cpp.hpp
-- Installing: /home/marc/conveyor_packages/ros2_ws/install/vision_interfaces/include/vision_interfaces/vision_interfaces/srv/detail/detect_boxes__rosidl_typesupport_fastrtps_cpp.hpp
-- Installing: /home/marc/conveyor_packages/ros2_ws/install/vision_interfaces/include/vision_interfaces/vision_interfaces/srv/detail/get_image__rosidl_typesupport_fastrtps_cpp.hpp
-- Installing: /home/marc/conveyor_packages/ros2_ws/install/vision_interfaces/lib/libvision_interfaces__rosidl_typesupport_fastrtps_cpp.so
-- Set non-toolchain portion of runtime path of "/home/marc/conveyor_packages/ros2_ws/install/vision_interfaces/lib/libvision_interfaces__rosidl_typesupport_fastrtps_cpp.so" to ""
-- Up-to-date: /home/marc/conveyor_packages/ros2_ws/install/vision_interfaces/include/vision_interfaces/vision_interfaces
-- Up-to-date: /home/marc/conveyor_packages/ros2_ws/install/vision_interfaces/include/vision_interfaces/vision_interfaces/msg
-- Installing: /home/marc/conveyor_packages/ros2_ws/install/vision_interfaces/include/vision_interfaces/vision_interfaces/msg/rosidl_typesupport_introspection_c__visibility_control.h
-- Up-to-date: /home/marc/conveyor_packages/ros2_ws/install/vision_interfaces/include/vision_interfaces/vision_interfaces/srv
-- Up-to-date: /home/marc/conveyor_packages/ros2_ws/install/vision_interfaces/include/vision_interfaces/vision_interfaces/srv/detail
-- Installing: /home/marc/conveyor_packages/ros2_ws/install/vision_interfaces/include/vision_interfaces/vision_interfaces/srv/detail/detect_boxes__type_support.c
-- Installing: /home/marc/conveyor_packages/ros2_ws/install/vision_interfaces/include/vision_interfaces/vision_interfaces/srv/detail/arrange_pallet__type_support.c
-- Installing: /home/marc/conveyor_packages/ros2_ws/install/vision_interfaces/include/vision_interfaces/vision_interfaces/srv/detail/get_image__type_support.c
-- Installing: /home/marc/conveyor_packages/ros2_ws/install/vision_interfaces/include/vision_interfaces/vision_interfaces/srv/detail/arrange_pallet__rosidl_typesupport_introspection_c.h
-- Installing: /home/marc/conveyor_packages/ros2_ws/install/vision_interfaces/include/vision_interfaces/vision_interfaces/srv/detail/detect_boxes__rosidl_typesupport_introspection_c.h
-- Installing: /home/marc/conveyor_packages/ros2_ws/install/vision_interfaces/include/vision_interfaces/vision_interfaces/srv/detail/get_image__rosidl_typesupport_introspection_c.h
-- Installing: /home/marc/conveyor_packages/ros2_ws/install/vision_interfaces/lib/libvision_interfaces__rosidl_typesupport_introspection_c.so
-- Set non-toolchain portion of runtime path of "/home/marc/conveyor_packages/ros2_ws/install/vision_interfaces/lib/libvision_interfaces__rosidl_typesupport_introspection_c.so" to ""
-- Installing: /home/marc/conveyor_packages/ros2_ws/install/vision_interfaces/lib/libvision_interfaces__rosidl_typesupport_c.so
-- Set non-toolchain portion of runtime path of "/home/marc/conveyor_packages/ros2_ws/install/vision_interfaces/lib/libvision_interfaces__rosidl_typesupport_c.so" to ""
-- Up-to-date: /home/marc/conveyor_packages/ros2_ws/install/vision_interfaces/include/vision_interfaces/vision_interfaces
-- Up-to-date: /home/marc/conveyor_packages/ros2_ws/install/vision_interfaces/include/vision_interfaces/vision_interfaces/srv
-- Up-to-date: /home/marc/conveyor_packages/ros2_ws/install/vision_interfaces/include/vision_interfaces/vision_interfaces/srv/detail
-- Installing: /home/marc/conveyor_packages/ros2_ws/install/vision_interfaces/include/vision_interfaces/vision_interfaces/srv/detail/detect_boxes__type_support.cpp
-- Installing: /home/marc/conveyor_packages/ros2_ws/install/vision_interfaces/include/vision_interfaces/vision_interfaces/srv/detail/get_image__rosidl_typesupport_introspection_cpp.hpp
-- Installing: /home/marc/conveyor_packages/ros2_ws/install/vision_interfaces/include/vision_interfaces/vision_interfaces/srv/detail/detect_boxes__rosidl_typesupport_introspection_cpp.hpp
-- Installing: /home/marc/conveyor_packages/ros2_ws/install/vision_interfaces/include/vision_interfaces/vision_interfaces/srv/detail/get_image__type_support.cpp
-- Installing: /home/marc/conveyor_packages/ros2_ws/install/vision_interfaces/include/vision_interfaces/vision_interfaces/srv/detail/arrange_pallet__type_support.cpp
-- Installing: /home/marc/conveyor_packages/ros2_ws/install/vision_interfaces/include/vision_interfaces/vision_interfaces/srv/detail/arrange_pallet__rosidl_typesupport_introspection_cpp.hpp
-- Installing: /home/marc/conveyor_packages/ros2_ws/install/vision_interfaces/lib/libvision_interfaces__rosidl_typesupport_introspection_cpp.so
-- Set non-toolchain portion of runtime path of "/home/marc/conveyor_packages/ros2_ws/install/vision_interfaces/lib/libvision_interfaces__rosidl_typesupport_introspection_cpp.so" to ""
-- Installing: /home/marc/conveyor_packages/ros2_ws/install/vision_interfaces/lib/libvision_interfaces__rosidl_typesupport_cpp.so
-- Set non-toolchain portion of runtime path of "/home/marc/conveyor_packages/ros2_ws/install/vision_interfaces/lib/libvision_interfaces__rosidl_typesupport_cpp.so" to ""
-- Installing: /home/marc/conveyor_packages/ros2_ws/install/vision_interfaces/share/vision_interfaces/environment/pythonpath.sh
-- Installing: /home/marc/conveyor_packages/ros2_ws/install/vision_interfaces/share/vision_interfaces/environment/pythonpath.dsv
-- Installing: /home/marc/conveyor_packages/ros2_ws/install/vision_interfaces/lib/python3.12/site-packages/vision_interfaces-0.0.0-py3.12.egg-info
-- Installing: /home/marc/conveyor_packages/ros2_ws/install/vision_interfaces/lib/python3.12/site-packages/vision_interfaces-0.0.0-py3.12.egg-info/PKG-INFO
-- Installing: /home/marc/conveyor_packages/ros2_ws/install/vision_interfaces/lib/python3.12/site-packages/vision_interfaces-0.0.0-py3.12.egg-info/SOURCES.txt
-- Installing: /home/marc/conveyor_packages/ros2_ws/install/vision_interfaces/lib/python3.12/site-packages/vision_interfaces-0.0.0-py3.12.egg-info/dependency_links.txt
-- Installing: /home/marc/conveyor_packages/ros2_ws/install/vision_interfaces/lib/python3.12/site-packages/vision_interfaces-0.0.0-py3.12.egg-info/top_level.txt
-- Installing: /home/marc/conveyor_packages/ros2_ws/install/vision_interfaces/lib/python3.12/site-packages/vision_interfaces
-- Installing: /home/marc/conveyor_packages/ros2_ws/install/vision_interfaces/lib/python3.12/site-packages/vision_interfaces/_vision_interfaces_s.ep.rosidl_typesupport_introspection_c.c
-- Installing: /home/marc/conveyor_packages/ros2_ws/install/vision_interfaces/lib/python3.12/site-packages/vision_interfaces/srv
-- Installing: /home/marc/conveyor_packages/ros2_ws/install/vision_interfaces/lib/python3.12/site-packages/vision_interfaces/srv/_get_image_s.c
-- Installing: /home/marc/conveyor_packages/ros2_ws/install/vision_interfaces/lib/python3.12/site-packages/vision_interfaces/srv/_get_image.py
-- Installing: /home/marc/conveyor_packages/ros2_ws/install/vision_interfaces/lib/python3.12/site-packages/vision_interfaces/srv/_arrange_pallet.py
-- Installing: /home/marc/conveyor_packages/ros2_ws/install/vision_interfaces/lib/python3.12/site-packages/vision_interfaces/srv/_detect_boxes_s.c
-- Installing: /home/marc/conveyor_packages/ros2_ws/install/vision_interfaces/lib/python3.12/site-packages/vision_interfaces/srv/_detect_boxes.py
-- Installing: /home/marc/conveyor_packages/ros2_ws/install/vision_interfaces/lib/python3.12/site-packages/vision_interfaces/srv/__init__.py
-- Installing: /home/marc/conveyor_packages/ros2_ws/install/vision_interfaces/lib/python3.12/site-packages/vision_interfaces/srv/_arrange_pallet_s.c
-- Installing: /home/marc/conveyor_packages/ros2_ws/install/vision_interfaces/lib/python3.12/site-packages/vision_interfaces/_vision_interfaces_s.ep.rosidl_typesupport_c.c
-- Installing: /home/marc/conveyor_packages/ros2_ws/install/vision_interfaces/lib/python3.12/site-packages/vision_interfaces/vision_interfaces_s__rosidl_typesupport_introspection_c.so
-- Installing: /home/marc/conveyor_packages/ros2_ws/install/vision_interfaces/lib/python3.12/site-packages/vision_interfaces/vision_interfaces_s__rosidl_typesupport_fastrtps_c.so
-- Installing: /home/marc/conveyor_packages/ros2_ws/install/vision_interfaces/lib/python3.12/site-packages/vision_interfaces/vision_interfaces_s__rosidl_typesupport_c.so
-- Installing: /home/marc/conveyor_packages/ros2_ws/install/vision_interfaces/lib/python3.12/site-packages/vision_interfaces/__init__.py
-- Installing: /home/marc/conveyor_packages/ros2_ws/install/vision_interfaces/lib/python3.12/site-packages/vision_interfaces/_vision_interfaces_s.ep.rosidl_typesupport_fastrtps_c.c
Listing '/home/marc/conveyor_packages/ros2_ws/install/vision_interfaces/lib/python3.12/site-packages/vision_interfaces'...
Compiling '/home/marc/conveyor_packages/ros2_ws/install/vision_interfaces/lib/python3.12/site-packages/vision_interfaces/__init__.py'...
Listing '/home/marc/conveyor_packages/ros2_ws/install/vision_interfaces/lib/python3.12/site-packages/vision_interfaces/srv'...
Compiling '/home/marc/conveyor_packages/ros2_ws/install/vision_interfaces/lib/python3.12/site-packages/vision_interfaces/srv/__init__.py'...
Compiling '/home/marc/conveyor_packages/ros2_ws/install/vision_interfaces/lib/python3.12/site-packages/vision_interfaces/srv/_arrange_pallet.py'...
Compiling '/home/marc/conveyor_packages/ros2_ws/install/vision_interfaces/lib/python3.12/site-packages/vision_interfaces/srv/_detect_boxes.py'...
Compiling '/home/marc/conveyor_packages/ros2_ws/install/vision_interfaces/lib/python3.12/site-packages/vision_interfaces/srv/_get_image.py'...
-- Installing: /home/marc/conveyor_packages/ros2_ws/install/vision_interfaces/lib/python3.12/site-packages/vision_interfaces/vision_interfaces_s__rosidl_typesupport_fastrtps_c.so
-- Set non-toolchain portion of runtime path of "/home/marc/conveyor_packages/ros2_ws/install/vision_interfaces/lib/python3.12/site-packages/vision_interfaces/vision_interfaces_s__rosidl_typesupport_fastrtps_c.so" to ""
-- Installing: /home/marc/conveyor_packages/ros2_ws/install/vision_interfaces/lib/python3.12/site-packages/vision_interfaces/vision_interfaces_s__rosidl_typesupport_introspection_c.so
-- Set non-toolchain portion of runtime path of "/home/marc/conveyor_packages/ros2_ws/install/vision_interfaces/lib/python3.12/site-packages/vision_interfaces/vision_interfaces_s__rosidl_typesupport_introspection_c.so" to ""
-- Installing: /home/marc/conveyor_packages/ros2_ws/install/vision_interfaces/lib/python3.12/site-packages/vision_interfaces/vision_interfaces_s__rosidl_typesupport_c.so
-- Set non-toolchain portion of runtime path of "/home/marc/conveyor_packages/ros2_ws/install/vision_interfaces/lib/python3.12/site-packages/vision_interfaces/vision_interfaces_s__rosidl_typesupport_c.so" to ""
-- Installing: /home/marc/conveyor_packages/ros2_ws/install/vision_interfaces/lib/libvision_interfaces__rosidl_generator_py.so
-- Set non-toolchain portion of runtime path of "/home/marc/conveyor_packages/ros2_ws/install/vision_interfaces/lib/libvision_interfaces__rosidl_generator_py.so" to ""
-- Installing: /home/marc/conveyor_packages/ros2_ws/install/vision_interfaces/share/vision_interfaces/srv/DetectBoxes.idl
-- Installing: /home/marc/conveyor_packages/ros2_ws/install/vision_interfaces/share/vision_interfaces/srv/GetImage.idl
-- Installing: /home/marc/conveyor_packages/ros2_ws/install/vision_interfaces/share/vision_interfaces/srv/ArrangePallet.idl
-- Installing: /home/marc/conveyor_packages/ros2_ws/install/vision_interfaces/share/vision_interfaces/srv/DetectBoxes.srv
-- Installing: /home/marc/conveyor_packages/ros2_ws/install/vision_interfaces/share/vision_interfaces/srv/GetImage.srv
-- Installing: /home/marc/conveyor_packages/ros2_ws/install/vision_interfaces/share/vision_interfaces/srv/ArrangePallet.srv
-- Installing: /home/marc/conveyor_packages/ros2_ws/install/vision_interfaces/share/ament_index/resource_index/package_run_dependencies/vision_interfaces
-- Installing: /home/marc/conveyor_packages/ros2_ws/install/vision_interfaces/share/ament_index/resource_index/parent_prefix_path/vision_interfaces
-- Installing: /home/marc/conveyor_packages/ros2_ws/install/vision_interfaces/share/vision_interfaces/environment/ament_prefix_path.sh
-- Installing: /home/marc/conveyor_packages/ros2_ws/install/vision_interfaces/share/vision_interfaces/environment/ament_prefix_path.dsv
-- Installing: /home/marc/conveyor_packages/ros2_ws/install/vision_interfaces/share/vision_interfaces/environment/path.sh
-- Installing: /home/marc/conveyor_packages/ros2_ws/install/vision_interfaces/share/vision_interfaces/environment/path.dsv
-- Installing: /home/marc/conveyor_packages/ros2_ws/install/vision_interfaces/share/vision_interfaces/local_setup.bash
-- Installing: /home/marc/conveyor_packages/ros2_ws/install/vision_interfaces/share/vision_interfaces/local_setup.sh
-- Installing: /home/marc/conveyor_packages/ros2_ws/install/vision_interfaces/share/vision_interfaces/local_setup.zsh
-- Installing: /home/marc/conveyor_packages/ros2_ws/install/vision_interfaces/share/vision_interfaces/local_setup.dsv
-- Installing: /home/marc/conveyor_packages/ros2_ws/install/vision_interfaces/share/vision_interfaces/package.dsv
-- Installing: /home/marc/conveyor_packages/ros2_ws/install/vision_interfaces/share/ament_index/resource_index/packages/vision_interfaces
-- Installing: /home/marc/conveyor_packages/ros2_ws/install/vision_interfaces/share/vision_interfaces/cmake/export_vision_interfaces__rosidl_generator_cExport.cmake
-- Installing: /home/marc/conveyor_packages/ros2_ws/install/vision_interfaces/share/vision_interfaces/cmake/export_vision_interfaces__rosidl_generator_cExport-noconfig.cmake
-- Installing: /home/marc/conveyor_packages/ros2_ws/install/vision_interfaces/share/vision_interfaces/cmake/export_vision_interfaces__rosidl_typesupport_fastrtps_cExport.cmake
-- Installing: /home/marc/conveyor_packages/ros2_ws/install/vision_interfaces/share/vision_interfaces/cmake/export_vision_interfaces__rosidl_typesupport_fastrtps_cExport-noconfig.cmake
-- Installing: /home/marc/conveyor_packages/ros2_ws/install/vision_interfaces/share/vision_interfaces/cmake/export_vision_interfaces__rosidl_generator_cppExport.cmake
-- Installing: /home/marc/conveyor_packages/ros2_ws/install/vision_interfaces/share/vision_interfaces/cmake/export_vision_interfaces__rosidl_typesupport_fastrtps_cppExport.cmake
-- Installing: /home/marc/conveyor_packages/ros2_ws/install/vision_interfaces/share/vision_interfaces/cmake/export_vision_interfaces__rosidl_typesupport_fastrtps_cppExport-noconfig.cmake
-- Installing: /home/marc/conveyor_packages/ros2_ws/install/vision_interfaces/share/vision_interfaces/cmake/vision_interfaces__rosidl_typesupport_introspection_cExport.cmake
-- Installing: /home/marc/conveyor_packages/ros2_ws/install/vision_interfaces/share/vision_interfaces/cmake/vision_interfaces__rosidl_typesupport_introspection_cExport-noconfig.cmake
-- Installing: /home/marc/conveyor_packages/ros2_ws/install/vision_interfaces/share/vision_interfaces/cmake/vision_interfaces__rosidl_typesupport_cExport.cmake
-- Installing: /home/marc/conveyor_packages/ros2_ws/install/vision_interfaces/share/vision_interfaces/cmake/vision_interfaces__rosidl_typesupport_cExport-noconfig.cmake
-- Installing: /home/marc/conveyor_packages/ros2_ws/install/vision_interfaces/share/vision_interfaces/cmake/vision_interfaces__rosidl_typesupport_introspection_cppExport.cmake
-- Installing: /home/marc/conveyor_packages/ros2_ws/install/vision_interfaces/share/vision_interfaces/cmake/vision_interfaces__rosidl_typesupport_introspection_cppExport-noconfig.cmake
-- Installing: /home/marc/conveyor_packages/ros2_ws/install/vision_interfaces/share/vision_interfaces/cmake/vision_interfaces__rosidl_typesupport_cppExport.cmake
-- Installing: /home/marc/conveyor_packages/ros2_ws/install/vision_interfaces/share/vision_interfaces/cmake/vision_interfaces__rosidl_typesupport_cppExport-noconfig.cmake
-- Installing: /home/marc/conveyor_packages/ros2_ws/install/vision_interfaces/share/vision_interfaces/cmake/export_vision_interfaces__rosidl_generator_pyExport.cmake
-- Installing: /home/marc/conveyor_packages/ros2_ws/install/vision_interfaces/share/vision_interfaces/cmake/export_vision_interfaces__rosidl_generator_pyExport-noconfig.cmake
-- Installing: /home/marc/conveyor_packages/ros2_ws/install/vision_interfaces/share/vision_interfaces/cmake/rosidl_cmake-extras.cmake
-- Installing: /home/marc/conveyor_packages/ros2_ws/install/vision_interfaces/share/vision_interfaces/cmake/ament_cmake_export_dependencies-extras.cmake
-- Installing: /home/marc/conveyor_packages/ros2_ws/install/vision_interfaces/share/vision_interfaces/cmake/ament_cmake_export_include_directories-extras.cmake
-- Installing: /home/marc/conveyor_packages/ros2_ws/install/vision_interfaces/share/vision_interfaces/cmake/ament_cmake_export_libraries-extras.cmake
-- Installing: /home/marc/conveyor_packages/ros2_ws/install/vision_interfaces/share/vision_interfaces/cmake/ament_cmake_export_targets-extras.cmake
-- Installing: /home/marc/conveyor_packages/ros2_ws/install/vision_interfaces/share/vision_interfaces/cmake/rosidl_cmake_export_typesupport_targets-extras.cmake
-- Installing: /home/marc/conveyor_packages/ros2_ws/install/vision_interfaces/share/vision_interfaces/cmake/rosidl_cmake_export_typesupport_libraries-extras.cmake
-- Installing: /home/marc/conveyor_packages/ros2_ws/install/vision_interfaces/share/vision_interfaces/cmake/vision_interfacesConfig.cmake
-- Installing: /home/marc/conveyor_packages/ros2_ws/install/vision_interfaces/share/vision_interfaces/cmake/vision_interfacesConfig-version.cmake
-- Installing: /home/marc/conveyor_packages/ros2_ws/install/vision_interfaces/share/vision_interfaces/package.xml
