[0.014s] Invoking command in '/home/marc/conveyor_packages/ros2_ws/build/vision_interfaces': CMAKE_PREFIX_PATH=${CMAKE_PREFIX_PATH}:/opt/ros/jazzy /usr/bin/cmake /home/marc/conveyor_packages/ros2_ws/src/vision_interfaces -DCMAKE_INSTALL_PREFIX=/home/marc/conveyor_packages/ros2_ws/install/vision_interfaces
[0.226s] -- The C compiler identification is GNU 13.3.0
[1.264s] -- The CXX compiler identification is GNU 13.3.0
[2.215s] -- Detecting C compiler ABI info
[2.602s] -- Detecting C compiler ABI info - done
[2.613s] -- Check for working C compiler: /usr/bin/cc - skipped
[2.613s] -- Detecting C compile features
[2.614s] -- Detecting C compile features - done
[2.754s] -- Detecting CXX compiler ABI info
[3.228s] -- Detecting CXX compiler ABI info - done
[3.238s] -- Check for working CXX compiler: /usr/bin/c++ - skipped
[3.239s] -- Detecting CXX compile features
[3.240s] -- Detecting CXX compile features - done
[3.243s] -- Found ament_cmake: 2.5.4 (/opt/ros/jazzy/share/ament_cmake/cmake)
[3.390s] -- Found Python3: /usr/bin/python3 (found version "3.12.3") found components: Interpreter 
[3.495s] -- Found sensor_msgs: 5.3.6 (/opt/ros/jazzy/share/sensor_msgs/cmake)
[3.811s] -- Found rosidl_generator_c: 4.6.6 (/opt/ros/jazzy/share/rosidl_generator_c/cmake)
[3.820s] -- Found rosidl_generator_cpp: 4.6.6 (/opt/ros/jazzy/share/rosidl_generator_cpp/cmake)
[3.833s] -- Using all available rosidl_typesupport_c: rosidl_typesupport_fastrtps_c;rosidl_typesupport_introspection_c
[3.849s] -- Using all available rosidl_typesupport_cpp: rosidl_typesupport_fastrtps_cpp;rosidl_typesupport_introspection_cpp
[3.917s] -- Found rosidl_default_generators: 1.6.0 (/opt/ros/jazzy/share/rosidl_default_generators/cmake)
[3.928s] -- Found rosidl_adapter: 4.6.6 (/opt/ros/jazzy/share/rosidl_adapter/cmake)
[4.596s] -- Found ament_cmake_ros: 0.12.0 (/opt/ros/jazzy/share/ament_cmake_ros/cmake)
[5.482s] -- Using all available rosidl_typesupport_c: rosidl_typesupport_fastrtps_c;rosidl_typesupport_introspection_c
[5.866s] -- Using all available rosidl_typesupport_cpp: rosidl_typesupport_fastrtps_cpp;rosidl_typesupport_introspection_cpp
[5.868s] -- Found python_cmake_module: 0.11.1 (/opt/ros/jazzy/share/python_cmake_module/cmake)
[6.020s] -- Found PythonExtra: /usr/bin/python3  
[6.673s] -- Found Python3: /usr/bin/python3 (found version "3.12.3") found components: Interpreter Development NumPy Development.Module Development.Embed 
[6.741s] -- Found ament_lint_auto: 0.17.3 (/opt/ros/jazzy/share/ament_lint_auto/cmake)
[6.766s] -- Added test 'lint_cmake' to check CMake code style
[6.768s] -- Added test 'xmllint' to check XML markup files
[6.785s] -- Configuring done (6.8s)
[6.847s] -- Generating done (0.0s)
[6.861s] -- Build files have been written to: /home/marc/conveyor_packages/ros2_ws/build/vision_interfaces
[6.873s] Invoked command in '/home/marc/conveyor_packages/ros2_ws/build/vision_interfaces' returned '0': CMAKE_PREFIX_PATH=${CMAKE_PREFIX_PATH}:/opt/ros/jazzy /usr/bin/cmake /home/marc/conveyor_packages/ros2_ws/src/vision_interfaces -DCMAKE_INSTALL_PREFIX=/home/marc/conveyor_packages/ros2_ws/install/vision_interfaces
[6.874s] Invoking command in '/home/marc/conveyor_packages/ros2_ws/build/vision_interfaces': CMAKE_PREFIX_PATH=${CMAKE_PREFIX_PATH}:/opt/ros/jazzy /usr/bin/cmake --build /home/marc/conveyor_packages/ros2_ws/build/vision_interfaces -- -j20 -l20
[6.923s] [  1%] [34m[1mGenerating type hashes for ROS interfaces[0m
[6.932s] [  1%] Built target ament_cmake_python_copy_vision_interfaces
[7.160s] running egg_info
[7.161s] creating vision_interfaces.egg-info
[7.180s] [  1%] Built target vision_interfaces__rosidl_generator_type_description
[7.181s] writing vision_interfaces.egg-info/PKG-INFO
[7.181s] writing dependency_links to vision_interfaces.egg-info/dependency_links.txt
[7.181s] writing top-level names to vision_interfaces.egg-info/top_level.txt
[7.182s] writing manifest file 'vision_interfaces.egg-info/SOURCES.txt'
[7.194s] [  3%] [34m[1mGenerating C code for ROS interfaces[0m
[7.210s] [  5%] [34m[1mGenerating C++ code for ROS interfaces[0m
[7.250s] reading manifest file 'vision_interfaces.egg-info/SOURCES.txt'
[7.251s] writing manifest file 'vision_interfaces.egg-info/SOURCES.txt'
[7.287s] [  5%] Built target ament_cmake_python_build_vision_interfaces_egg
[7.680s] [  5%] Built target vision_interfaces__cpp
[7.758s] [  9%] [32mBuilding C object CMakeFiles/vision_interfaces__rosidl_generator_c.dir/rosidl_generator_c/vision_interfaces/srv/detail/detect_boxes__description.c.o[0m
[7.759s] [ 11%] [32mBuilding C object CMakeFiles/vision_interfaces__rosidl_generator_c.dir/rosidl_generator_c/vision_interfaces/srv/detail/detect_boxes__type_support.c.o[0m
[7.759s] [  9%] [32mBuilding C object CMakeFiles/vision_interfaces__rosidl_generator_c.dir/rosidl_generator_c/vision_interfaces/srv/detail/detect_boxes__functions.c.o[0m
[7.760s] [ 12%] [32mBuilding C object CMakeFiles/vision_interfaces__rosidl_generator_c.dir/rosidl_generator_c/vision_interfaces/srv/detail/get_image__description.c.o[0m
[7.761s] [ 14%] [32mBuilding C object CMakeFiles/vision_interfaces__rosidl_generator_c.dir/rosidl_generator_c/vision_interfaces/srv/detail/get_image__functions.c.o[0m
[7.763s] [ 16%] [32mBuilding C object CMakeFiles/vision_interfaces__rosidl_generator_c.dir/rosidl_generator_c/vision_interfaces/srv/detail/arrange_pallet__functions.c.o[0m
[7.764s] [ 18%] [32mBuilding C object CMakeFiles/vision_interfaces__rosidl_generator_c.dir/rosidl_generator_c/vision_interfaces/srv/detail/get_image__type_support.c.o[0m
[7.765s] [ 20%] [32mBuilding C object CMakeFiles/vision_interfaces__rosidl_generator_c.dir/rosidl_generator_c/vision_interfaces/srv/detail/arrange_pallet__type_support.c.o[0m
[7.766s] [ 22%] [32mBuilding C object CMakeFiles/vision_interfaces__rosidl_generator_c.dir/rosidl_generator_c/vision_interfaces/srv/detail/arrange_pallet__description.c.o[0m
[7.904s] [ 24%] [32m[1mLinking C shared library libvision_interfaces__rosidl_generator_c.so[0m
[8.140s] [ 24%] Built target vision_interfaces__rosidl_generator_c
[8.158s] [ 29%] [34m[1mGenerating C++ introspection for ROS interfaces[0m
[8.159s] [ 29%] [34m[1mGenerating C++ type support dispatch for ROS interfaces[0m
[8.159s] [ 29%] [34m[1mGenerating C introspection for ROS interfaces[0m
[8.159s] [ 33%] [34m[1mGenerating C type support for eProsima Fast-RTPS[0m
[8.159s] [ 33%] [34m[1mGenerating C type support dispatch for ROS interfaces[0m
[8.160s] [ 35%] [34m[1mGenerating C++ type support for eProsima Fast-RTPS[0m
[8.792s] [ 37%] [32mBuilding CXX object CMakeFiles/vision_interfaces__rosidl_typesupport_c.dir/rosidl_typesupport_c/vision_interfaces/srv/detect_boxes__type_support.cpp.o[0m
[8.798s] [ 38%] [32mBuilding CXX object CMakeFiles/vision_interfaces__rosidl_typesupport_c.dir/rosidl_typesupport_c/vision_interfaces/srv/arrange_pallet__type_support.cpp.o[0m
[8.799s] [ 40%] [32mBuilding CXX object CMakeFiles/vision_interfaces__rosidl_typesupport_c.dir/rosidl_typesupport_c/vision_interfaces/srv/get_image__type_support.cpp.o[0m
[8.837s] [ 42%] [32mBuilding CXX object CMakeFiles/vision_interfaces__rosidl_typesupport_cpp.dir/rosidl_typesupport_cpp/vision_interfaces/srv/get_image__type_support.cpp.o[0m
[8.838s] [ 44%] [32mBuilding CXX object CMakeFiles/vision_interfaces__rosidl_typesupport_cpp.dir/rosidl_typesupport_cpp/vision_interfaces/srv/arrange_pallet__type_support.cpp.o[0m
[8.840s] [ 46%] [32mBuilding CXX object CMakeFiles/vision_interfaces__rosidl_typesupport_cpp.dir/rosidl_typesupport_cpp/vision_interfaces/srv/detect_boxes__type_support.cpp.o[0m
[8.854s] [ 48%] [32mBuilding CXX object CMakeFiles/vision_interfaces__rosidl_typesupport_introspection_cpp.dir/rosidl_typesupport_introspection_cpp/vision_interfaces/srv/detail/detect_boxes__type_support.cpp.o[0m
[8.854s] [ 50%] [32mBuilding CXX object CMakeFiles/vision_interfaces__rosidl_typesupport_introspection_cpp.dir/rosidl_typesupport_introspection_cpp/vision_interfaces/srv/detail/get_image__type_support.cpp.o[0m
[8.855s] [ 51%] [32mBuilding CXX object CMakeFiles/vision_interfaces__rosidl_typesupport_introspection_cpp.dir/rosidl_typesupport_introspection_cpp/vision_interfaces/srv/detail/arrange_pallet__type_support.cpp.o[0m
[8.918s] [ 53%] [32m[1mLinking CXX shared library libvision_interfaces__rosidl_typesupport_c.so[0m
[8.959s] [ 57%] [32mBuilding C object CMakeFiles/vision_interfaces__rosidl_typesupport_introspection_c.dir/rosidl_typesupport_introspection_c/vision_interfaces/srv/detail/detect_boxes__type_support.c.o[0m
[8.959s] [ 59%] [32mBuilding C object CMakeFiles/vision_interfaces__rosidl_typesupport_introspection_c.dir/rosidl_typesupport_introspection_c/vision_interfaces/srv/detail/get_image__type_support.c.o[0m
[8.962s] [ 59%] [32mBuilding C object CMakeFiles/vision_interfaces__rosidl_typesupport_introspection_c.dir/rosidl_typesupport_introspection_c/vision_interfaces/srv/detail/arrange_pallet__type_support.c.o[0m
[9.155s] [ 61%] [32m[1mLinking C shared library libvision_interfaces__rosidl_typesupport_introspection_c.so[0m
[9.170s] [ 61%] Built target vision_interfaces__rosidl_typesupport_c
[9.206s] [ 62%] [32mBuilding CXX object CMakeFiles/vision_interfaces__rosidl_typesupport_fastrtps_cpp.dir/rosidl_typesupport_fastrtps_cpp/vision_interfaces/srv/detail/dds_fastrtps/detect_boxes__type_support.cpp.o[0m
[9.207s] [ 64%] [32mBuilding CXX object CMakeFiles/vision_interfaces__rosidl_typesupport_fastrtps_cpp.dir/rosidl_typesupport_fastrtps_cpp/vision_interfaces/srv/detail/dds_fastrtps/arrange_pallet__type_support.cpp.o[0m
[9.208s] [ 66%] [32mBuilding CXX object CMakeFiles/vision_interfaces__rosidl_typesupport_fastrtps_cpp.dir/rosidl_typesupport_fastrtps_cpp/vision_interfaces/srv/detail/dds_fastrtps/get_image__type_support.cpp.o[0m
[9.378s] [ 66%] Built target vision_interfaces__rosidl_typesupport_introspection_c
[9.417s] [ 68%] [32mBuilding CXX object CMakeFiles/vision_interfaces__rosidl_typesupport_fastrtps_c.dir/rosidl_typesupport_fastrtps_c/vision_interfaces/srv/detail/detect_boxes__type_support_c.cpp.o[0m
[9.418s] [ 72%] [32mBuilding CXX object CMakeFiles/vision_interfaces__rosidl_typesupport_fastrtps_c.dir/rosidl_typesupport_fastrtps_c/vision_interfaces/srv/detail/arrange_pallet__type_support_c.cpp.o[0m
[9.418s] [ 72%] [32mBuilding CXX object CMakeFiles/vision_interfaces__rosidl_typesupport_fastrtps_c.dir/rosidl_typesupport_fastrtps_c/vision_interfaces/srv/detail/get_image__type_support_c.cpp.o[0m
[10.188s] [ 74%] [32m[1mLinking CXX shared library libvision_interfaces__rosidl_typesupport_cpp.so[0m
[10.537s] [ 75%] [32m[1mLinking CXX shared library libvision_interfaces__rosidl_typesupport_introspection_cpp.so[0m
[10.541s] [ 75%] Built target vision_interfaces__rosidl_typesupport_cpp
[10.730s] [ 77%] [32m[1mLinking CXX shared library libvision_interfaces__rosidl_typesupport_fastrtps_c.so[0m
[10.852s] [ 77%] Built target vision_interfaces__rosidl_typesupport_introspection_cpp
[10.955s] [ 79%] [32m[1mLinking CXX shared library libvision_interfaces__rosidl_typesupport_fastrtps_cpp.so[0m
[10.971s] [ 79%] Built target vision_interfaces__rosidl_typesupport_fastrtps_c
[11.227s] [ 79%] Built target vision_interfaces__rosidl_typesupport_fastrtps_cpp
[11.245s] [ 79%] Built target vision_interfaces
[11.265s] [ 81%] [34m[1mGenerating Python code for ROS interfaces[0m
[11.857s] [ 81%] Built target vision_interfaces__py
[11.879s] [ 87%] [32mBuilding C object CMakeFiles/vision_interfaces__rosidl_generator_py.dir/rosidl_generator_py/vision_interfaces/srv/_get_image_s.c.o[0m
[11.879s] [ 87%] [32mBuilding C object CMakeFiles/vision_interfaces__rosidl_generator_py.dir/rosidl_generator_py/vision_interfaces/srv/_detect_boxes_s.c.o[0m
[11.879s] [ 85%] [32mBuilding C object CMakeFiles/vision_interfaces__rosidl_generator_py.dir/rosidl_generator_py/vision_interfaces/srv/_arrange_pallet_s.c.o[0m
[12.122s] [ 88%] [32m[1mLinking C shared library libvision_interfaces__rosidl_generator_py.so[0m
[12.320s] [ 88%] Built target vision_interfaces__rosidl_generator_py
[12.351s] [ 92%] [32mBuilding C object CMakeFiles/vision_interfaces_s__rosidl_typesupport_c.dir/rosidl_generator_py/vision_interfaces/_vision_interfaces_s.ep.rosidl_typesupport_c.c.o[0m
[12.351s] [ 92%] [32mBuilding C object CMakeFiles/vision_interfaces_s__rosidl_typesupport_introspection_c.dir/rosidl_generator_py/vision_interfaces/_vision_interfaces_s.ep.rosidl_typesupport_introspection_c.c.o[0m
[12.351s] [ 94%] [32mBuilding C object CMakeFiles/vision_interfaces_s__rosidl_typesupport_fastrtps_c.dir/rosidl_generator_py/vision_interfaces/_vision_interfaces_s.ep.rosidl_typesupport_fastrtps_c.c.o[0m
[12.501s] [ 96%] [32m[1mLinking C shared module rosidl_generator_py/vision_interfaces/vision_interfaces_s__rosidl_typesupport_c.so[0m
[12.501s] [ 98%] [32m[1mLinking C shared module rosidl_generator_py/vision_interfaces/vision_interfaces_s__rosidl_typesupport_introspection_c.so[0m
[12.507s] [100%] [32m[1mLinking C shared module rosidl_generator_py/vision_interfaces/vision_interfaces_s__rosidl_typesupport_fastrtps_c.so[0m
[12.622s] [100%] Built target vision_interfaces_s__rosidl_typesupport_c
[12.623s] [100%] Built target vision_interfaces_s__rosidl_typesupport_introspection_c
[12.674s] [100%] Built target vision_interfaces_s__rosidl_typesupport_fastrtps_c
[12.688s] Invoked command in '/home/marc/conveyor_packages/ros2_ws/build/vision_interfaces' returned '0': CMAKE_PREFIX_PATH=${CMAKE_PREFIX_PATH}:/opt/ros/jazzy /usr/bin/cmake --build /home/marc/conveyor_packages/ros2_ws/build/vision_interfaces -- -j20 -l20
[12.701s] Invoking command in '/home/marc/conveyor_packages/ros2_ws/build/vision_interfaces': CMAKE_PREFIX_PATH=${CMAKE_PREFIX_PATH}:/opt/ros/jazzy /usr/bin/cmake --install /home/marc/conveyor_packages/ros2_ws/build/vision_interfaces
[12.710s] -- Install configuration: ""
[12.711s] -- Installing: /home/marc/conveyor_packages/ros2_ws/install/vision_interfaces/share/ament_index/resource_index/rosidl_interfaces/vision_interfaces
[12.713s] -- Installing: /home/marc/conveyor_packages/ros2_ws/install/vision_interfaces/share/vision_interfaces/srv/DetectBoxes.json
[12.713s] -- Installing: /home/marc/conveyor_packages/ros2_ws/install/vision_interfaces/share/vision_interfaces/srv/GetImage.json
[12.714s] -- Installing: /home/marc/conveyor_packages/ros2_ws/install/vision_interfaces/share/vision_interfaces/srv/ArrangePallet.json
[12.714s] -- Installing: /home/marc/conveyor_packages/ros2_ws/install/vision_interfaces/include/vision_interfaces/vision_interfaces
[12.715s] -- Installing: /home/marc/conveyor_packages/ros2_ws/install/vision_interfaces/include/vision_interfaces/vision_interfaces/msg
[12.715s] -- Installing: /home/marc/conveyor_packages/ros2_ws/install/vision_interfaces/include/vision_interfaces/vision_interfaces/msg/rosidl_generator_c__visibility_control.h
[12.715s] -- Installing: /home/marc/conveyor_packages/ros2_ws/install/vision_interfaces/include/vision_interfaces/vision_interfaces/srv
[12.715s] -- Installing: /home/marc/conveyor_packages/ros2_ws/install/vision_interfaces/include/vision_interfaces/vision_interfaces/srv/detect_boxes.h
[12.715s] -- Installing: /home/marc/conveyor_packages/ros2_ws/install/vision_interfaces/include/vision_interfaces/vision_interfaces/srv/detail
[12.716s] -- Installing: /home/marc/conveyor_packages/ros2_ws/install/vision_interfaces/include/vision_interfaces/vision_interfaces/srv/detail/arrange_pallet__type_support.h
[12.716s] -- Installing: /home/marc/conveyor_packages/ros2_ws/install/vision_interfaces/include/vision_interfaces/vision_interfaces/srv/detail/detect_boxes__type_support.c
[12.716s] -- Installing: /home/marc/conveyor_packages/ros2_ws/install/vision_interfaces/include/vision_interfaces/vision_interfaces/srv/detail/detect_boxes__functions.h
[12.716s] -- Installing: /home/marc/conveyor_packages/ros2_ws/install/vision_interfaces/include/vision_interfaces/vision_interfaces/srv/detail/arrange_pallet__type_support.c
[12.716s] -- Installing: /home/marc/conveyor_packages/ros2_ws/install/vision_interfaces/include/vision_interfaces/vision_interfaces/srv/detail/arrange_pallet__description.c
[12.716s] -- Installing: /home/marc/conveyor_packages/ros2_ws/install/vision_interfaces/include/vision_interfaces/vision_interfaces/srv/detail/get_image__type_support.c
[12.717s] -- Installing: /home/marc/conveyor_packages/ros2_ws/install/vision_interfaces/include/vision_interfaces/vision_interfaces/srv/detail/detect_boxes__type_support.h
[12.717s] -- Installing: /home/marc/conveyor_packages/ros2_ws/install/vision_interfaces/include/vision_interfaces/vision_interfaces/srv/detail/arrange_pallet__functions.h
[12.717s] -- Installing: /home/marc/conveyor_packages/ros2_ws/install/vision_interfaces/include/vision_interfaces/vision_interfaces/srv/detail/detect_boxes__description.c
[12.717s] -- Installing: /home/marc/conveyor_packages/ros2_ws/install/vision_interfaces/include/vision_interfaces/vision_interfaces/srv/detail/get_image__functions.c
[12.718s] -- Installing: /home/marc/conveyor_packages/ros2_ws/install/vision_interfaces/include/vision_interfaces/vision_interfaces/srv/detail/get_image__type_support.h
[12.718s] -- Installing: /home/marc/conveyor_packages/ros2_ws/install/vision_interfaces/include/vision_interfaces/vision_interfaces/srv/detail/arrange_pallet__struct.h
[12.718s] -- Installing: /home/marc/conveyor_packages/ros2_ws/install/vision_interfaces/include/vision_interfaces/vision_interfaces/srv/detail/detect_boxes__struct.h
[12.718s] -- Installing: /home/marc/conveyor_packages/ros2_ws/install/vision_interfaces/include/vision_interfaces/vision_interfaces/srv/detail/get_image__struct.h
[12.719s] -- Installing: /home/marc/conveyor_packages/ros2_ws/install/vision_interfaces/include/vision_interfaces/vision_interfaces/srv/detail/get_image__description.c
[12.719s] -- Installing: /home/marc/conveyor_packages/ros2_ws/install/vision_interfaces/include/vision_interfaces/vision_interfaces/srv/detail/get_image__functions.h
[12.720s] -- Installing: /home/marc/conveyor_packages/ros2_ws/install/vision_interfaces/include/vision_interfaces/vision_interfaces/srv/detail/detect_boxes__functions.c
[12.720s] -- Installing: /home/marc/conveyor_packages/ros2_ws/install/vision_interfaces/include/vision_interfaces/vision_interfaces/srv/detail/arrange_pallet__functions.c
[12.720s] -- Installing: /home/marc/conveyor_packages/ros2_ws/install/vision_interfaces/include/vision_interfaces/vision_interfaces/srv/arrange_pallet.h
[12.720s] -- Installing: /home/marc/conveyor_packages/ros2_ws/install/vision_interfaces/include/vision_interfaces/vision_interfaces/srv/get_image.h
[12.720s] -- Installing: /home/marc/conveyor_packages/ros2_ws/install/vision_interfaces/share/vision_interfaces/environment/library_path.sh
[12.720s] -- Installing: /home/marc/conveyor_packages/ros2_ws/install/vision_interfaces/share/vision_interfaces/environment/library_path.dsv
[12.721s] -- Installing: /home/marc/conveyor_packages/ros2_ws/install/vision_interfaces/lib/libvision_interfaces__rosidl_generator_c.so
[12.721s] -- Set non-toolchain portion of runtime path of "/home/marc/conveyor_packages/ros2_ws/install/vision_interfaces/lib/libvision_interfaces__rosidl_generator_c.so" to ""
[12.721s] -- Up-to-date: /home/marc/conveyor_packages/ros2_ws/install/vision_interfaces/include/vision_interfaces/vision_interfaces
[12.721s] -- Up-to-date: /home/marc/conveyor_packages/ros2_ws/install/vision_interfaces/include/vision_interfaces/vision_interfaces/msg
[12.721s] -- Installing: /home/marc/conveyor_packages/ros2_ws/install/vision_interfaces/include/vision_interfaces/vision_interfaces/msg/rosidl_typesupport_fastrtps_c__visibility_control.h
[12.722s] -- Up-to-date: /home/marc/conveyor_packages/ros2_ws/install/vision_interfaces/include/vision_interfaces/vision_interfaces/srv
[12.722s] -- Up-to-date: /home/marc/conveyor_packages/ros2_ws/install/vision_interfaces/include/vision_interfaces/vision_interfaces/srv/detail
[12.722s] -- Installing: /home/marc/conveyor_packages/ros2_ws/install/vision_interfaces/include/vision_interfaces/vision_interfaces/srv/detail/get_image__rosidl_typesupport_fastrtps_c.h
[12.722s] -- Installing: /home/marc/conveyor_packages/ros2_ws/install/vision_interfaces/include/vision_interfaces/vision_interfaces/srv/detail/detect_boxes__rosidl_typesupport_fastrtps_c.h
[12.722s] -- Installing: /home/marc/conveyor_packages/ros2_ws/install/vision_interfaces/include/vision_interfaces/vision_interfaces/srv/detail/arrange_pallet__rosidl_typesupport_fastrtps_c.h
[12.723s] -- Installing: /home/marc/conveyor_packages/ros2_ws/install/vision_interfaces/lib/libvision_interfaces__rosidl_typesupport_fastrtps_c.so
[12.723s] -- Set non-toolchain portion of runtime path of "/home/marc/conveyor_packages/ros2_ws/install/vision_interfaces/lib/libvision_interfaces__rosidl_typesupport_fastrtps_c.so" to ""
[12.723s] -- Up-to-date: /home/marc/conveyor_packages/ros2_ws/install/vision_interfaces/include/vision_interfaces/vision_interfaces
[12.723s] -- Up-to-date: /home/marc/conveyor_packages/ros2_ws/install/vision_interfaces/include/vision_interfaces/vision_interfaces/msg
[12.723s] -- Installing: /home/marc/conveyor_packages/ros2_ws/install/vision_interfaces/include/vision_interfaces/vision_interfaces/msg/rosidl_generator_cpp__visibility_control.hpp
[12.723s] -- Up-to-date: /home/marc/conveyor_packages/ros2_ws/install/vision_interfaces/include/vision_interfaces/vision_interfaces/srv
[12.723s] -- Installing: /home/marc/conveyor_packages/ros2_ws/install/vision_interfaces/include/vision_interfaces/vision_interfaces/srv/arrange_pallet.hpp
[12.723s] -- Up-to-date: /home/marc/conveyor_packages/ros2_ws/install/vision_interfaces/include/vision_interfaces/vision_interfaces/srv/detail
[12.723s] -- Installing: /home/marc/conveyor_packages/ros2_ws/install/vision_interfaces/include/vision_interfaces/vision_interfaces/srv/detail/arrange_pallet__builder.hpp
[12.724s] -- Installing: /home/marc/conveyor_packages/ros2_ws/install/vision_interfaces/include/vision_interfaces/vision_interfaces/srv/detail/arrange_pallet__struct.hpp
[12.724s] -- Installing: /home/marc/conveyor_packages/ros2_ws/install/vision_interfaces/include/vision_interfaces/vision_interfaces/srv/detail/detect_boxes__builder.hpp
[12.724s] -- Installing: /home/marc/conveyor_packages/ros2_ws/install/vision_interfaces/include/vision_interfaces/vision_interfaces/srv/detail/arrange_pallet__type_support.hpp
[12.724s] -- Installing: /home/marc/conveyor_packages/ros2_ws/install/vision_interfaces/include/vision_interfaces/vision_interfaces/srv/detail/arrange_pallet__traits.hpp
[12.724s] -- Installing: /home/marc/conveyor_packages/ros2_ws/install/vision_interfaces/include/vision_interfaces/vision_interfaces/srv/detail/detect_boxes__traits.hpp
[12.724s] -- Installing: /home/marc/conveyor_packages/ros2_ws/install/vision_interfaces/include/vision_interfaces/vision_interfaces/srv/detail/get_image__type_support.hpp
[12.724s] -- Installing: /home/marc/conveyor_packages/ros2_ws/install/vision_interfaces/include/vision_interfaces/vision_interfaces/srv/detail/get_image__struct.hpp
[12.725s] -- Installing: /home/marc/conveyor_packages/ros2_ws/install/vision_interfaces/include/vision_interfaces/vision_interfaces/srv/detail/detect_boxes__type_support.hpp
[12.725s] -- Installing: /home/marc/conveyor_packages/ros2_ws/install/vision_interfaces/include/vision_interfaces/vision_interfaces/srv/detail/get_image__builder.hpp
[12.725s] -- Installing: /home/marc/conveyor_packages/ros2_ws/install/vision_interfaces/include/vision_interfaces/vision_interfaces/srv/detail/detect_boxes__struct.hpp
[12.726s] -- Installing: /home/marc/conveyor_packages/ros2_ws/install/vision_interfaces/include/vision_interfaces/vision_interfaces/srv/detail/get_image__traits.hpp
[12.726s] -- Installing: /home/marc/conveyor_packages/ros2_ws/install/vision_interfaces/include/vision_interfaces/vision_interfaces/srv/detect_boxes.hpp
[12.726s] -- Installing: /home/marc/conveyor_packages/ros2_ws/install/vision_interfaces/include/vision_interfaces/vision_interfaces/srv/get_image.hpp
[12.726s] -- Up-to-date: /home/marc/conveyor_packages/ros2_ws/install/vision_interfaces/include/vision_interfaces/vision_interfaces
[12.726s] -- Up-to-date: /home/marc/conveyor_packages/ros2_ws/install/vision_interfaces/include/vision_interfaces/vision_interfaces/msg
[12.726s] -- Installing: /home/marc/conveyor_packages/ros2_ws/install/vision_interfaces/include/vision_interfaces/vision_interfaces/msg/rosidl_typesupport_fastrtps_cpp__visibility_control.h
[12.726s] -- Up-to-date: /home/marc/conveyor_packages/ros2_ws/install/vision_interfaces/include/vision_interfaces/vision_interfaces/srv
[12.726s] -- Up-to-date: /home/marc/conveyor_packages/ros2_ws/install/vision_interfaces/include/vision_interfaces/vision_interfaces/srv/detail
[12.727s] -- Installing: /home/marc/conveyor_packages/ros2_ws/install/vision_interfaces/include/vision_interfaces/vision_interfaces/srv/detail/dds_fastrtps
[12.727s] -- Installing: /home/marc/conveyor_packages/ros2_ws/install/vision_interfaces/include/vision_interfaces/vision_interfaces/srv/detail/arrange_pallet__rosidl_typesupport_fastrtps_cpp.hpp
[12.727s] -- Installing: /home/marc/conveyor_packages/ros2_ws/install/vision_interfaces/include/vision_interfaces/vision_interfaces/srv/detail/detect_boxes__rosidl_typesupport_fastrtps_cpp.hpp
[12.727s] -- Installing: /home/marc/conveyor_packages/ros2_ws/install/vision_interfaces/include/vision_interfaces/vision_interfaces/srv/detail/get_image__rosidl_typesupport_fastrtps_cpp.hpp
[12.727s] -- Installing: /home/marc/conveyor_packages/ros2_ws/install/vision_interfaces/lib/libvision_interfaces__rosidl_typesupport_fastrtps_cpp.so
[12.728s] -- Set non-toolchain portion of runtime path of "/home/marc/conveyor_packages/ros2_ws/install/vision_interfaces/lib/libvision_interfaces__rosidl_typesupport_fastrtps_cpp.so" to ""
[12.728s] -- Up-to-date: /home/marc/conveyor_packages/ros2_ws/install/vision_interfaces/include/vision_interfaces/vision_interfaces
[12.728s] -- Up-to-date: /home/marc/conveyor_packages/ros2_ws/install/vision_interfaces/include/vision_interfaces/vision_interfaces/msg
[12.728s] -- Installing: /home/marc/conveyor_packages/ros2_ws/install/vision_interfaces/include/vision_interfaces/vision_interfaces/msg/rosidl_typesupport_introspection_c__visibility_control.h
[12.728s] -- Up-to-date: /home/marc/conveyor_packages/ros2_ws/install/vision_interfaces/include/vision_interfaces/vision_interfaces/srv
[12.728s] -- Up-to-date: /home/marc/conveyor_packages/ros2_ws/install/vision_interfaces/include/vision_interfaces/vision_interfaces/srv/detail
[12.728s] -- Installing: /home/marc/conveyor_packages/ros2_ws/install/vision_interfaces/include/vision_interfaces/vision_interfaces/srv/detail/detect_boxes__type_support.c
[12.729s] -- Installing: /home/marc/conveyor_packages/ros2_ws/install/vision_interfaces/include/vision_interfaces/vision_interfaces/srv/detail/arrange_pallet__type_support.c
[12.729s] -- Installing: /home/marc/conveyor_packages/ros2_ws/install/vision_interfaces/include/vision_interfaces/vision_interfaces/srv/detail/get_image__type_support.c
[12.729s] -- Installing: /home/marc/conveyor_packages/ros2_ws/install/vision_interfaces/include/vision_interfaces/vision_interfaces/srv/detail/arrange_pallet__rosidl_typesupport_introspection_c.h
[12.729s] -- Installing: /home/marc/conveyor_packages/ros2_ws/install/vision_interfaces/include/vision_interfaces/vision_interfaces/srv/detail/detect_boxes__rosidl_typesupport_introspection_c.h
[12.730s] -- Installing: /home/marc/conveyor_packages/ros2_ws/install/vision_interfaces/include/vision_interfaces/vision_interfaces/srv/detail/get_image__rosidl_typesupport_introspection_c.h
[12.730s] -- Installing: /home/marc/conveyor_packages/ros2_ws/install/vision_interfaces/lib/libvision_interfaces__rosidl_typesupport_introspection_c.so
[12.730s] -- Set non-toolchain portion of runtime path of "/home/marc/conveyor_packages/ros2_ws/install/vision_interfaces/lib/libvision_interfaces__rosidl_typesupport_introspection_c.so" to ""
[12.730s] -- Installing: /home/marc/conveyor_packages/ros2_ws/install/vision_interfaces/lib/libvision_interfaces__rosidl_typesupport_c.so
[12.730s] -- Set non-toolchain portion of runtime path of "/home/marc/conveyor_packages/ros2_ws/install/vision_interfaces/lib/libvision_interfaces__rosidl_typesupport_c.so" to ""
[12.730s] -- Up-to-date: /home/marc/conveyor_packages/ros2_ws/install/vision_interfaces/include/vision_interfaces/vision_interfaces
[12.730s] -- Up-to-date: /home/marc/conveyor_packages/ros2_ws/install/vision_interfaces/include/vision_interfaces/vision_interfaces/srv
[12.731s] -- Up-to-date: /home/marc/conveyor_packages/ros2_ws/install/vision_interfaces/include/vision_interfaces/vision_interfaces/srv/detail
[12.731s] -- Installing: /home/marc/conveyor_packages/ros2_ws/install/vision_interfaces/include/vision_interfaces/vision_interfaces/srv/detail/detect_boxes__type_support.cpp
[12.731s] -- Installing: /home/marc/conveyor_packages/ros2_ws/install/vision_interfaces/include/vision_interfaces/vision_interfaces/srv/detail/get_image__rosidl_typesupport_introspection_cpp.hpp
[12.731s] -- Installing: /home/marc/conveyor_packages/ros2_ws/install/vision_interfaces/include/vision_interfaces/vision_interfaces/srv/detail/detect_boxes__rosidl_typesupport_introspection_cpp.hpp
[12.731s] -- Installing: /home/marc/conveyor_packages/ros2_ws/install/vision_interfaces/include/vision_interfaces/vision_interfaces/srv/detail/get_image__type_support.cpp
[12.731s] -- Installing: /home/marc/conveyor_packages/ros2_ws/install/vision_interfaces/include/vision_interfaces/vision_interfaces/srv/detail/arrange_pallet__type_support.cpp
[12.731s] -- Installing: /home/marc/conveyor_packages/ros2_ws/install/vision_interfaces/include/vision_interfaces/vision_interfaces/srv/detail/arrange_pallet__rosidl_typesupport_introspection_cpp.hpp
[12.731s] -- Installing: /home/marc/conveyor_packages/ros2_ws/install/vision_interfaces/lib/libvision_interfaces__rosidl_typesupport_introspection_cpp.so
[12.732s] -- Set non-toolchain portion of runtime path of "/home/marc/conveyor_packages/ros2_ws/install/vision_interfaces/lib/libvision_interfaces__rosidl_typesupport_introspection_cpp.so" to ""
[12.732s] -- Installing: /home/marc/conveyor_packages/ros2_ws/install/vision_interfaces/lib/libvision_interfaces__rosidl_typesupport_cpp.so
[12.734s] -- Set non-toolchain portion of runtime path of "/home/marc/conveyor_packages/ros2_ws/install/vision_interfaces/lib/libvision_interfaces__rosidl_typesupport_cpp.so" to ""
[12.734s] -- Installing: /home/marc/conveyor_packages/ros2_ws/install/vision_interfaces/share/vision_interfaces/environment/pythonpath.sh
[12.734s] -- Installing: /home/marc/conveyor_packages/ros2_ws/install/vision_interfaces/share/vision_interfaces/environment/pythonpath.dsv
[12.735s] -- Installing: /home/marc/conveyor_packages/ros2_ws/install/vision_interfaces/lib/python3.12/site-packages/vision_interfaces-0.0.0-py3.12.egg-info
[12.735s] -- Installing: /home/marc/conveyor_packages/ros2_ws/install/vision_interfaces/lib/python3.12/site-packages/vision_interfaces-0.0.0-py3.12.egg-info/PKG-INFO
[12.736s] -- Installing: /home/marc/conveyor_packages/ros2_ws/install/vision_interfaces/lib/python3.12/site-packages/vision_interfaces-0.0.0-py3.12.egg-info/SOURCES.txt
[12.736s] -- Installing: /home/marc/conveyor_packages/ros2_ws/install/vision_interfaces/lib/python3.12/site-packages/vision_interfaces-0.0.0-py3.12.egg-info/dependency_links.txt
[12.736s] -- Installing: /home/marc/conveyor_packages/ros2_ws/install/vision_interfaces/lib/python3.12/site-packages/vision_interfaces-0.0.0-py3.12.egg-info/top_level.txt
[12.736s] -- Installing: /home/marc/conveyor_packages/ros2_ws/install/vision_interfaces/lib/python3.12/site-packages/vision_interfaces
[12.737s] -- Installing: /home/marc/conveyor_packages/ros2_ws/install/vision_interfaces/lib/python3.12/site-packages/vision_interfaces/_vision_interfaces_s.ep.rosidl_typesupport_introspection_c.c
[12.737s] -- Installing: /home/marc/conveyor_packages/ros2_ws/install/vision_interfaces/lib/python3.12/site-packages/vision_interfaces/srv
[12.737s] -- Installing: /home/marc/conveyor_packages/ros2_ws/install/vision_interfaces/lib/python3.12/site-packages/vision_interfaces/srv/_get_image_s.c
[12.737s] -- Installing: /home/marc/conveyor_packages/ros2_ws/install/vision_interfaces/lib/python3.12/site-packages/vision_interfaces/srv/_get_image.py
[12.737s] -- Installing: /home/marc/conveyor_packages/ros2_ws/install/vision_interfaces/lib/python3.12/site-packages/vision_interfaces/srv/_arrange_pallet.py
[12.737s] -- Installing: /home/marc/conveyor_packages/ros2_ws/install/vision_interfaces/lib/python3.12/site-packages/vision_interfaces/srv/_detect_boxes_s.c
[12.737s] -- Installing: /home/marc/conveyor_packages/ros2_ws/install/vision_interfaces/lib/python3.12/site-packages/vision_interfaces/srv/_detect_boxes.py
[12.737s] -- Installing: /home/marc/conveyor_packages/ros2_ws/install/vision_interfaces/lib/python3.12/site-packages/vision_interfaces/srv/__init__.py
[12.738s] -- Installing: /home/marc/conveyor_packages/ros2_ws/install/vision_interfaces/lib/python3.12/site-packages/vision_interfaces/srv/_arrange_pallet_s.c
[12.738s] -- Installing: /home/marc/conveyor_packages/ros2_ws/install/vision_interfaces/lib/python3.12/site-packages/vision_interfaces/_vision_interfaces_s.ep.rosidl_typesupport_c.c
[12.738s] -- Installing: /home/marc/conveyor_packages/ros2_ws/install/vision_interfaces/lib/python3.12/site-packages/vision_interfaces/vision_interfaces_s__rosidl_typesupport_introspection_c.so
[12.739s] -- Installing: /home/marc/conveyor_packages/ros2_ws/install/vision_interfaces/lib/python3.12/site-packages/vision_interfaces/vision_interfaces_s__rosidl_typesupport_fastrtps_c.so
[12.739s] -- Installing: /home/marc/conveyor_packages/ros2_ws/install/vision_interfaces/lib/python3.12/site-packages/vision_interfaces/vision_interfaces_s__rosidl_typesupport_c.so
[12.740s] -- Installing: /home/marc/conveyor_packages/ros2_ws/install/vision_interfaces/lib/python3.12/site-packages/vision_interfaces/__init__.py
[12.740s] -- Installing: /home/marc/conveyor_packages/ros2_ws/install/vision_interfaces/lib/python3.12/site-packages/vision_interfaces/_vision_interfaces_s.ep.rosidl_typesupport_fastrtps_c.c
[12.796s] Listing '/home/marc/conveyor_packages/ros2_ws/install/vision_interfaces/lib/python3.12/site-packages/vision_interfaces'...
[12.796s] Compiling '/home/marc/conveyor_packages/ros2_ws/install/vision_interfaces/lib/python3.12/site-packages/vision_interfaces/__init__.py'...
[12.796s] Listing '/home/marc/conveyor_packages/ros2_ws/install/vision_interfaces/lib/python3.12/site-packages/vision_interfaces/srv'...
[12.796s] Compiling '/home/marc/conveyor_packages/ros2_ws/install/vision_interfaces/lib/python3.12/site-packages/vision_interfaces/srv/__init__.py'...
[12.796s] Compiling '/home/marc/conveyor_packages/ros2_ws/install/vision_interfaces/lib/python3.12/site-packages/vision_interfaces/srv/_arrange_pallet.py'...
[12.796s] Compiling '/home/marc/conveyor_packages/ros2_ws/install/vision_interfaces/lib/python3.12/site-packages/vision_interfaces/srv/_detect_boxes.py'...
[12.796s] Compiling '/home/marc/conveyor_packages/ros2_ws/install/vision_interfaces/lib/python3.12/site-packages/vision_interfaces/srv/_get_image.py'...
[12.802s] -- Installing: /home/marc/conveyor_packages/ros2_ws/install/vision_interfaces/lib/python3.12/site-packages/vision_interfaces/vision_interfaces_s__rosidl_typesupport_fastrtps_c.so
[12.803s] -- Set non-toolchain portion of runtime path of "/home/marc/conveyor_packages/ros2_ws/install/vision_interfaces/lib/python3.12/site-packages/vision_interfaces/vision_interfaces_s__rosidl_typesupport_fastrtps_c.so" to ""
[12.803s] -- Installing: /home/marc/conveyor_packages/ros2_ws/install/vision_interfaces/lib/python3.12/site-packages/vision_interfaces/vision_interfaces_s__rosidl_typesupport_introspection_c.so
[12.804s] -- Set non-toolchain portion of runtime path of "/home/marc/conveyor_packages/ros2_ws/install/vision_interfaces/lib/python3.12/site-packages/vision_interfaces/vision_interfaces_s__rosidl_typesupport_introspection_c.so" to ""
[12.804s] -- Installing: /home/marc/conveyor_packages/ros2_ws/install/vision_interfaces/lib/python3.12/site-packages/vision_interfaces/vision_interfaces_s__rosidl_typesupport_c.so
[12.805s] -- Set non-toolchain portion of runtime path of "/home/marc/conveyor_packages/ros2_ws/install/vision_interfaces/lib/python3.12/site-packages/vision_interfaces/vision_interfaces_s__rosidl_typesupport_c.so" to ""
[12.805s] -- Installing: /home/marc/conveyor_packages/ros2_ws/install/vision_interfaces/lib/libvision_interfaces__rosidl_generator_py.so
[12.805s] -- Set non-toolchain portion of runtime path of "/home/marc/conveyor_packages/ros2_ws/install/vision_interfaces/lib/libvision_interfaces__rosidl_generator_py.so" to ""
[12.805s] -- Installing: /home/marc/conveyor_packages/ros2_ws/install/vision_interfaces/share/vision_interfaces/srv/DetectBoxes.idl
[12.805s] -- Installing: /home/marc/conveyor_packages/ros2_ws/install/vision_interfaces/share/vision_interfaces/srv/GetImage.idl
[12.806s] -- Installing: /home/marc/conveyor_packages/ros2_ws/install/vision_interfaces/share/vision_interfaces/srv/ArrangePallet.idl
[12.806s] -- Installing: /home/marc/conveyor_packages/ros2_ws/install/vision_interfaces/share/vision_interfaces/srv/DetectBoxes.srv
[12.806s] -- Installing: /home/marc/conveyor_packages/ros2_ws/install/vision_interfaces/share/vision_interfaces/srv/GetImage.srv
[12.806s] -- Installing: /home/marc/conveyor_packages/ros2_ws/install/vision_interfaces/share/vision_interfaces/srv/ArrangePallet.srv
[12.806s] -- Installing: /home/marc/conveyor_packages/ros2_ws/install/vision_interfaces/share/ament_index/resource_index/package_run_dependencies/vision_interfaces
[12.806s] -- Installing: /home/marc/conveyor_packages/ros2_ws/install/vision_interfaces/share/ament_index/resource_index/parent_prefix_path/vision_interfaces
[12.807s] -- Installing: /home/marc/conveyor_packages/ros2_ws/install/vision_interfaces/share/vision_interfaces/environment/ament_prefix_path.sh
[12.807s] -- Installing: /home/marc/conveyor_packages/ros2_ws/install/vision_interfaces/share/vision_interfaces/environment/ament_prefix_path.dsv
[12.807s] -- Installing: /home/marc/conveyor_packages/ros2_ws/install/vision_interfaces/share/vision_interfaces/environment/path.sh
[12.807s] -- Installing: /home/marc/conveyor_packages/ros2_ws/install/vision_interfaces/share/vision_interfaces/environment/path.dsv
[12.808s] -- Installing: /home/marc/conveyor_packages/ros2_ws/install/vision_interfaces/share/vision_interfaces/local_setup.bash
[12.808s] -- Installing: /home/marc/conveyor_packages/ros2_ws/install/vision_interfaces/share/vision_interfaces/local_setup.sh
[12.808s] -- Installing: /home/marc/conveyor_packages/ros2_ws/install/vision_interfaces/share/vision_interfaces/local_setup.zsh
[12.809s] -- Installing: /home/marc/conveyor_packages/ros2_ws/install/vision_interfaces/share/vision_interfaces/local_setup.dsv
[12.809s] -- Installing: /home/marc/conveyor_packages/ros2_ws/install/vision_interfaces/share/vision_interfaces/package.dsv
[12.810s] -- Installing: /home/marc/conveyor_packages/ros2_ws/install/vision_interfaces/share/ament_index/resource_index/packages/vision_interfaces
[12.811s] -- Installing: /home/marc/conveyor_packages/ros2_ws/install/vision_interfaces/share/vision_interfaces/cmake/export_vision_interfaces__rosidl_generator_cExport.cmake
[12.811s] -- Installing: /home/marc/conveyor_packages/ros2_ws/install/vision_interfaces/share/vision_interfaces/cmake/export_vision_interfaces__rosidl_generator_cExport-noconfig.cmake
[12.811s] -- Installing: /home/marc/conveyor_packages/ros2_ws/install/vision_interfaces/share/vision_interfaces/cmake/export_vision_interfaces__rosidl_typesupport_fastrtps_cExport.cmake
[12.811s] -- Installing: /home/marc/conveyor_packages/ros2_ws/install/vision_interfaces/share/vision_interfaces/cmake/export_vision_interfaces__rosidl_typesupport_fastrtps_cExport-noconfig.cmake
[12.811s] -- Installing: /home/marc/conveyor_packages/ros2_ws/install/vision_interfaces/share/vision_interfaces/cmake/export_vision_interfaces__rosidl_generator_cppExport.cmake
[12.811s] -- Installing: /home/marc/conveyor_packages/ros2_ws/install/vision_interfaces/share/vision_interfaces/cmake/export_vision_interfaces__rosidl_typesupport_fastrtps_cppExport.cmake
[12.812s] -- Installing: /home/marc/conveyor_packages/ros2_ws/install/vision_interfaces/share/vision_interfaces/cmake/export_vision_interfaces__rosidl_typesupport_fastrtps_cppExport-noconfig.cmake
[12.812s] -- Installing: /home/marc/conveyor_packages/ros2_ws/install/vision_interfaces/share/vision_interfaces/cmake/vision_interfaces__rosidl_typesupport_introspection_cExport.cmake
[12.812s] -- Installing: /home/marc/conveyor_packages/ros2_ws/install/vision_interfaces/share/vision_interfaces/cmake/vision_interfaces__rosidl_typesupport_introspection_cExport-noconfig.cmake
[12.812s] -- Installing: /home/marc/conveyor_packages/ros2_ws/install/vision_interfaces/share/vision_interfaces/cmake/vision_interfaces__rosidl_typesupport_cExport.cmake
[12.813s] -- Installing: /home/marc/conveyor_packages/ros2_ws/install/vision_interfaces/share/vision_interfaces/cmake/vision_interfaces__rosidl_typesupport_cExport-noconfig.cmake
[12.813s] -- Installing: /home/marc/conveyor_packages/ros2_ws/install/vision_interfaces/share/vision_interfaces/cmake/vision_interfaces__rosidl_typesupport_introspection_cppExport.cmake
[12.813s] -- Installing: /home/marc/conveyor_packages/ros2_ws/install/vision_interfaces/share/vision_interfaces/cmake/vision_interfaces__rosidl_typesupport_introspection_cppExport-noconfig.cmake
[12.813s] -- Installing: /home/marc/conveyor_packages/ros2_ws/install/vision_interfaces/share/vision_interfaces/cmake/vision_interfaces__rosidl_typesupport_cppExport.cmake
[12.813s] -- Installing: /home/marc/conveyor_packages/ros2_ws/install/vision_interfaces/share/vision_interfaces/cmake/vision_interfaces__rosidl_typesupport_cppExport-noconfig.cmake
[12.813s] -- Installing: /home/marc/conveyor_packages/ros2_ws/install/vision_interfaces/share/vision_interfaces/cmake/export_vision_interfaces__rosidl_generator_pyExport.cmake
[12.814s] -- Installing: /home/marc/conveyor_packages/ros2_ws/install/vision_interfaces/share/vision_interfaces/cmake/export_vision_interfaces__rosidl_generator_pyExport-noconfig.cmake
[12.814s] -- Installing: /home/marc/conveyor_packages/ros2_ws/install/vision_interfaces/share/vision_interfaces/cmake/rosidl_cmake-extras.cmake
[12.814s] -- Installing: /home/marc/conveyor_packages/ros2_ws/install/vision_interfaces/share/vision_interfaces/cmake/ament_cmake_export_dependencies-extras.cmake
[12.814s] -- Installing: /home/marc/conveyor_packages/ros2_ws/install/vision_interfaces/share/vision_interfaces/cmake/ament_cmake_export_include_directories-extras.cmake
[12.814s] -- Installing: /home/marc/conveyor_packages/ros2_ws/install/vision_interfaces/share/vision_interfaces/cmake/ament_cmake_export_libraries-extras.cmake
[12.814s] -- Installing: /home/marc/conveyor_packages/ros2_ws/install/vision_interfaces/share/vision_interfaces/cmake/ament_cmake_export_targets-extras.cmake
[12.814s] -- Installing: /home/marc/conveyor_packages/ros2_ws/install/vision_interfaces/share/vision_interfaces/cmake/rosidl_cmake_export_typesupport_targets-extras.cmake
[12.815s] -- Installing: /home/marc/conveyor_packages/ros2_ws/install/vision_interfaces/share/vision_interfaces/cmake/rosidl_cmake_export_typesupport_libraries-extras.cmake
[12.815s] -- Installing: /home/marc/conveyor_packages/ros2_ws/install/vision_interfaces/share/vision_interfaces/cmake/vision_interfacesConfig.cmake
[12.815s] -- Installing: /home/marc/conveyor_packages/ros2_ws/install/vision_interfaces/share/vision_interfaces/cmake/vision_interfacesConfig-version.cmake
[12.816s] -- Installing: /home/marc/conveyor_packages/ros2_ws/install/vision_interfaces/share/vision_interfaces/package.xml
[12.818s] Invoked command in '/home/marc/conveyor_packages/ros2_ws/build/vision_interfaces' returned '0': CMAKE_PREFIX_PATH=${CMAKE_PREFIX_PATH}:/opt/ros/jazzy /usr/bin/cmake --install /home/marc/conveyor_packages/ros2_ws/build/vision_interfaces
