[1.711s] Invoking command in '/home/marc/conveyor_packages/ros2_ws/src/camera_node': AMENT_PREFIX_PATH=/home/marc/conveyor_packages/install/vision_interfaces:${AMENT_PREFIX_PATH} CMAKE_PREFIX_PATH=/home/marc/conveyor_packages/install/vision_interfaces:${CMAKE_PREFIX_PATH} LD_LIBRARY_PATH=/home/marc/conveyor_packages/install/vision_interfaces/lib:${LD_LIBRARY_PATH} PYTHONPATH=/home/marc/conveyor_packages/build/camera_node/prefix_override:/usr/lib/python3/dist-packages/colcon_core/task/python/colcon_distutils_commands:/home/marc/conveyor_packages/install/camera_node/lib/python3.12/site-packages:/home/marc/conveyor_packages/install/vision_interfaces/lib/python3.12/site-packages:${PYTHONPATH} /usr/bin/python3 -W ignore:setup.py install is deprecated -W ignore:easy_install command is deprecated setup.py egg_info --egg-base ../../../build/camera_node build --build-base /home/marc/conveyor_packages/build/camera_node/build install --record /home/marc/conveyor_packages/build/camera_node/install.log --single-version-externally-managed install_data
[2.008s] running egg_info
[2.024s] writing ../../../build/camera_node/camera_node.egg-info/PKG-INFO
[2.025s] writing dependency_links to ../../../build/camera_node/camera_node.egg-info/dependency_links.txt
[2.025s] writing entry points to ../../../build/camera_node/camera_node.egg-info/entry_points.txt
[2.025s] writing requirements to ../../../build/camera_node/camera_node.egg-info/requires.txt
[2.026s] writing top-level names to ../../../build/camera_node/camera_node.egg-info/top_level.txt
[2.069s] reading manifest file '../../../build/camera_node/camera_node.egg-info/SOURCES.txt'
[2.070s] writing manifest file '../../../build/camera_node/camera_node.egg-info/SOURCES.txt'
[2.070s] running build
[2.070s] running build_py
[2.070s] running install
[2.081s] running install_lib
[2.111s] running install_data
[2.112s] running install_egg_info
[2.142s] removing '/home/marc/conveyor_packages/install/camera_node/lib/python3.12/site-packages/camera_node-0.0.0-py3.12.egg-info' (and everything under it)
[2.142s] Copying ../../../build/camera_node/camera_node.egg-info to /home/marc/conveyor_packages/install/camera_node/lib/python3.12/site-packages/camera_node-0.0.0-py3.12.egg-info
[2.145s] running install_scripts
[2.308s] Installing camera_service script to /home/marc/conveyor_packages/install/camera_node/lib/camera_node
[2.308s] writing list of installed files to '/home/marc/conveyor_packages/build/camera_node/install.log'
[2.338s] Invoked command in '/home/marc/conveyor_packages/ros2_ws/src/camera_node' returned '0': AMENT_PREFIX_PATH=/home/marc/conveyor_packages/install/vision_interfaces:${AMENT_PREFIX_PATH} CMAKE_PREFIX_PATH=/home/marc/conveyor_packages/install/vision_interfaces:${CMAKE_PREFIX_PATH} LD_LIBRARY_PATH=/home/marc/conveyor_packages/install/vision_interfaces/lib:${LD_LIBRARY_PATH} PYTHONPATH=/home/marc/conveyor_packages/build/camera_node/prefix_override:/usr/lib/python3/dist-packages/colcon_core/task/python/colcon_distutils_commands:/home/marc/conveyor_packages/install/camera_node/lib/python3.12/site-packages:/home/marc/conveyor_packages/install/vision_interfaces/lib/python3.12/site-packages:${PYTHONPATH} /usr/bin/python3 -W ignore:setup.py install is deprecated -W ignore:easy_install command is deprecated setup.py egg_info --egg-base ../../../build/camera_node build --build-base /home/marc/conveyor_packages/build/camera_node/build install --record /home/marc/conveyor_packages/build/camera_node/install.log --single-version-externally-managed install_data
