[1.934s] Invoking command in '/home/marc/conveyor_packages/ros2_ws/src/vision_node': AMENT_PREFIX_PATH=/home/marc/conveyor_packages/install/vision_interfaces:${AMENT_PREFIX_PATH} CMAKE_PREFIX_PATH=/home/marc/conveyor_packages/install/vision_interfaces:${CMAKE_PREFIX_PATH} LD_LIBRARY_PATH=/home/marc/conveyor_packages/install/vision_interfaces/lib:${LD_LIBRARY_PATH} PYTHONPATH=/home/marc/conveyor_packages/build/vision_node/prefix_override:/usr/lib/python3/dist-packages/colcon_core/task/python/colcon_distutils_commands:/home/marc/conveyor_packages/install/vision_node/lib/python3.12/site-packages:/home/marc/conveyor_packages/install/vision_interfaces/lib/python3.12/site-packages:${PYTHONPATH} /usr/bin/python3 -W ignore:setup.py install is deprecated -W ignore:easy_install command is deprecated setup.py egg_info --egg-base ../../../build/vision_node build --build-base /home/marc/conveyor_packages/build/vision_node/build install --record /home/marc/conveyor_packages/build/vision_node/install.log --single-version-externally-managed install_data
[2.267s] running egg_info
[2.287s] writing ../../../build/vision_node/vision_node.egg-info/PKG-INFO
[2.287s] writing dependency_links to ../../../build/vision_node/vision_node.egg-info/dependency_links.txt
[2.287s] writing entry points to ../../../build/vision_node/vision_node.egg-info/entry_points.txt
[2.288s] writing requirements to ../../../build/vision_node/vision_node.egg-info/requires.txt
[2.288s] writing top-level names to ../../../build/vision_node/vision_node.egg-info/top_level.txt
[2.329s] reading manifest file '../../../build/vision_node/vision_node.egg-info/SOURCES.txt'
[2.331s] writing manifest file '../../../build/vision_node/vision_node.egg-info/SOURCES.txt'
[2.331s] running build
[2.331s] running build_py
[2.331s] running install
[2.339s] running install_lib
[2.370s] running install_data
[2.370s] running install_egg_info
[2.390s] removing '/home/marc/conveyor_packages/install/vision_node/lib/python3.12/site-packages/vision_node-0.0.0-py3.12.egg-info' (and everything under it)
[2.391s] Copying ../../../build/vision_node/vision_node.egg-info to /home/marc/conveyor_packages/install/vision_node/lib/python3.12/site-packages/vision_node-0.0.0-py3.12.egg-info
[2.392s] running install_scripts
[2.522s] Installing vision_service script to /home/marc/conveyor_packages/install/vision_node/lib/vision_node
[2.522s] writing list of installed files to '/home/marc/conveyor_packages/build/vision_node/install.log'
[2.545s] Invoked command in '/home/marc/conveyor_packages/ros2_ws/src/vision_node' returned '0': AMENT_PREFIX_PATH=/home/marc/conveyor_packages/install/vision_interfaces:${AMENT_PREFIX_PATH} CMAKE_PREFIX_PATH=/home/marc/conveyor_packages/install/vision_interfaces:${CMAKE_PREFIX_PATH} LD_LIBRARY_PATH=/home/marc/conveyor_packages/install/vision_interfaces/lib:${LD_LIBRARY_PATH} PYTHONPATH=/home/marc/conveyor_packages/build/vision_node/prefix_override:/usr/lib/python3/dist-packages/colcon_core/task/python/colcon_distutils_commands:/home/marc/conveyor_packages/install/vision_node/lib/python3.12/site-packages:/home/marc/conveyor_packages/install/vision_interfaces/lib/python3.12/site-packages:${PYTHONPATH} /usr/bin/python3 -W ignore:setup.py install is deprecated -W ignore:easy_install command is deprecated setup.py egg_info --egg-base ../../../build/vision_node build --build-base /home/marc/conveyor_packages/build/vision_node/build install --record /home/marc/conveyor_packages/build/vision_node/install.log --single-version-externally-managed install_data
