running egg_info
creating ../../../build/vision_node/vision_node.egg-info
writing ../../../build/vision_node/vision_node.egg-info/PKG-INFO
writing dependency_links to ../../../build/vision_node/vision_node.egg-info/dependency_links.txt
writing entry points to ../../../build/vision_node/vision_node.egg-info/entry_points.txt
writing requirements to ../../../build/vision_node/vision_node.egg-info/requires.txt
writing top-level names to ../../../build/vision_node/vision_node.egg-info/top_level.txt
writing manifest file '../../../build/vision_node/vision_node.egg-info/SOURCES.txt'
reading manifest file '../../../build/vision_node/vision_node.egg-info/SOURCES.txt'
writing manifest file '../../../build/vision_node/vision_node.egg-info/SOURCES.txt'
running build
running build_py
creating /home/marc/conveyor_packages/build/vision_node/build
creating /home/marc/conveyor_packages/build/vision_node/build/lib
creating /home/marc/conveyor_packages/build/vision_node/build/lib/vision_node
copying vision_node/vision_client.py -> /home/marc/conveyor_packages/build/vision_node/build/lib/vision_node
copying vision_node/__init__.py -> /home/marc/conveyor_packages/build/vision_node/build/lib/vision_node
running install
running install_lib
creating /home/marc/conveyor_packages/install/vision_node/lib/python3.12/site-packages/vision_node
copying /home/marc/conveyor_packages/build/vision_node/build/lib/vision_node/vision_client.py -> /home/marc/conveyor_packages/install/vision_node/lib/python3.12/site-packages/vision_node
copying /home/marc/conveyor_packages/build/vision_node/build/lib/vision_node/__init__.py -> /home/marc/conveyor_packages/install/vision_node/lib/python3.12/site-packages/vision_node
byte-compiling /home/marc/conveyor_packages/install/vision_node/lib/python3.12/site-packages/vision_node/vision_client.py to vision_client.cpython-312.pyc
byte-compiling /home/marc/conveyor_packages/install/vision_node/lib/python3.12/site-packages/vision_node/__init__.py to __init__.cpython-312.pyc
running install_data
creating /home/marc/conveyor_packages/install/vision_node/share/ament_index
creating /home/marc/conveyor_packages/install/vision_node/share/ament_index/resource_index
creating /home/marc/conveyor_packages/install/vision_node/share/ament_index/resource_index/packages
copying resource/vision_node -> /home/marc/conveyor_packages/install/vision_node/share/ament_index/resource_index/packages
copying package.xml -> /home/marc/conveyor_packages/install/vision_node/share/vision_node
running install_egg_info
Copying ../../../build/vision_node/vision_node.egg-info to /home/marc/conveyor_packages/install/vision_node/lib/python3.12/site-packages/vision_node-0.0.0-py3.12.egg-info
running install_scripts
Installing vision_service script to /home/marc/conveyor_packages/install/vision_node/lib/vision_node
writing list of installed files to '/home/marc/conveyor_packages/build/vision_node/install.log'
