[2.340s] Invoking command in '/home/marc/conveyor_packages/ros2_ws/src/pallet_node': AMENT_PREFIX_PATH=/home/marc/conveyor_packages/install/vision_interfaces:${AMENT_PREFIX_PATH} CMAKE_PREFIX_PATH=/home/marc/conveyor_packages/install/vision_interfaces:${CMAKE_PREFIX_PATH} LD_LIBRARY_PATH=/home/marc/conveyor_packages/install/vision_interfaces/lib:${LD_LIBRARY_PATH} PYTHONPATH=/home/marc/conveyor_packages/build/pallet_node/prefix_override:/usr/lib/python3/dist-packages/colcon_core/task/python/colcon_distutils_commands:/home/marc/conveyor_packages/install/pallet_node/lib/python3.12/site-packages:/home/marc/conveyor_packages/install/vision_interfaces/lib/python3.12/site-packages:${PYTHONPATH} /usr/bin/python3 -W ignore:setup.py install is deprecated -W ignore:easy_install command is deprecated setup.py egg_info --egg-base ../../../build/pallet_node build --build-base /home/marc/conveyor_packages/build/pallet_node/build install --record /home/marc/conveyor_packages/build/pallet_node/install.log --single-version-externally-managed install_data
[2.692s] running egg_info
[2.692s] creating ../../../build/pallet_node/pallet_node.egg-info
[2.718s] writing ../../../build/pallet_node/pallet_node.egg-info/PKG-INFO
[2.720s] writing dependency_links to ../../../build/pallet_node/pallet_node.egg-info/dependency_links.txt
[2.721s] writing entry points to ../../../build/pallet_node/pallet_node.egg-info/entry_points.txt
[2.721s] writing requirements to ../../../build/pallet_node/pallet_node.egg-info/requires.txt
[2.722s] writing top-level names to ../../../build/pallet_node/pallet_node.egg-info/top_level.txt
[2.722s] writing manifest file '../../../build/pallet_node/pallet_node.egg-info/SOURCES.txt'
[2.786s] reading manifest file '../../../build/pallet_node/pallet_node.egg-info/SOURCES.txt'
[2.787s] writing manifest file '../../../build/pallet_node/pallet_node.egg-info/SOURCES.txt'
[2.788s] running build
[2.788s] running build_py
[2.788s] creating /home/marc/conveyor_packages/build/pallet_node/build
[2.790s] creating /home/marc/conveyor_packages/build/pallet_node/build/lib
[2.790s] creating /home/marc/conveyor_packages/build/pallet_node/build/lib/pallet_node
[2.790s] copying pallet_node/__init__.py -> /home/marc/conveyor_packages/build/pallet_node/build/lib/pallet_node
[2.790s] copying pallet_node/pallet_service.py -> /home/marc/conveyor_packages/build/pallet_node/build/lib/pallet_node
[2.791s] running install
[2.795s] running install_lib
[2.821s] creating /home/marc/conveyor_packages/install/pallet_node/lib/python3.12/site-packages/pallet_node
[2.822s] copying /home/marc/conveyor_packages/build/pallet_node/build/lib/pallet_node/__init__.py -> /home/marc/conveyor_packages/install/pallet_node/lib/python3.12/site-packages/pallet_node
[2.825s] copying /home/marc/conveyor_packages/build/pallet_node/build/lib/pallet_node/pallet_service.py -> /home/marc/conveyor_packages/install/pallet_node/lib/python3.12/site-packages/pallet_node
[2.826s] byte-compiling /home/marc/conveyor_packages/install/pallet_node/lib/python3.12/site-packages/pallet_node/__init__.py to __init__.cpython-312.pyc
[2.826s] byte-compiling /home/marc/conveyor_packages/install/pallet_node/lib/python3.12/site-packages/pallet_node/pallet_service.py to pallet_service.cpython-312.pyc
[2.830s] running install_data
[2.830s] creating /home/marc/conveyor_packages/install/pallet_node/share/ament_index
[2.831s] creating /home/marc/conveyor_packages/install/pallet_node/share/ament_index/resource_index
[2.831s] creating /home/marc/conveyor_packages/install/pallet_node/share/ament_index/resource_index/packages
[2.831s] copying resource/pallet_node -> /home/marc/conveyor_packages/install/pallet_node/share/ament_index/resource_index/packages
[2.831s] copying package.xml -> /home/marc/conveyor_packages/install/pallet_node/share/pallet_node
[2.831s] running install_egg_info
[2.852s] Copying ../../../build/pallet_node/pallet_node.egg-info to /home/marc/conveyor_packages/install/pallet_node/lib/python3.12/site-packages/pallet_node-0.0.0-py3.12.egg-info
[2.853s] running install_scripts
[3.013s] Installing pallet_service script to /home/marc/conveyor_packages/install/pallet_node/lib/pallet_node
[3.014s] writing list of installed files to '/home/marc/conveyor_packages/build/pallet_node/install.log'
[3.080s] Invoked command in '/home/marc/conveyor_packages/ros2_ws/src/pallet_node' returned '0': AMENT_PREFIX_PATH=/home/marc/conveyor_packages/install/vision_interfaces:${AMENT_PREFIX_PATH} CMAKE_PREFIX_PATH=/home/marc/conveyor_packages/install/vision_interfaces:${CMAKE_PREFIX_PATH} LD_LIBRARY_PATH=/home/marc/conveyor_packages/install/vision_interfaces/lib:${LD_LIBRARY_PATH} PYTHONPATH=/home/marc/conveyor_packages/build/pallet_node/prefix_override:/usr/lib/python3/dist-packages/colcon_core/task/python/colcon_distutils_commands:/home/marc/conveyor_packages/install/pallet_node/lib/python3.12/site-packages:/home/marc/conveyor_packages/install/vision_interfaces/lib/python3.12/site-packages:${PYTHONPATH} /usr/bin/python3 -W ignore:setup.py install is deprecated -W ignore:easy_install command is deprecated setup.py egg_info --egg-base ../../../build/pallet_node build --build-base /home/marc/conveyor_packages/build/pallet_node/build install --record /home/marc/conveyor_packages/build/pallet_node/install.log --single-version-externally-managed install_data
