[1.733s] Invoking command in '/home/marc/conveyor_packages/ros2_ws/src/controller_node': AMENT_PREFIX_PATH=/home/marc/conveyor_packages/install/vision_interfaces:${AMENT_PREFIX_PATH} CMAKE_PREFIX_PATH=/home/marc/conveyor_packages/install/vision_interfaces:${CMAKE_PREFIX_PATH} LD_LIBRARY_PATH=/home/marc/conveyor_packages/install/vision_interfaces/lib:${LD_LIBRARY_PATH} PYTHONPATH=/home/marc/conveyor_packages/build/controller_node/prefix_override:/usr/lib/python3/dist-packages/colcon_core/task/python/colcon_distutils_commands:/home/marc/conveyor_packages/install/controller_node/lib/python3.12/site-packages:/home/marc/conveyor_packages/install/vision_interfaces/lib/python3.12/site-packages:${PYTHONPATH} /usr/bin/python3 -W ignore:setup.py install is deprecated -W ignore:easy_install command is deprecated setup.py egg_info --egg-base ../../../build/controller_node build --build-base /home/marc/conveyor_packages/build/controller_node/build install --record /home/marc/conveyor_packages/build/controller_node/install.log --single-version-externally-managed install_data
[2.084s] running egg_info
[2.111s] writing ../../../build/controller_node/controller_node.egg-info/PKG-INFO
[2.111s] writing dependency_links to ../../../build/controller_node/controller_node.egg-info/dependency_links.txt
[2.112s] writing entry points to ../../../build/controller_node/controller_node.egg-info/entry_points.txt
[2.112s] writing requirements to ../../../build/controller_node/controller_node.egg-info/requires.txt
[2.112s] writing top-level names to ../../../build/controller_node/controller_node.egg-info/top_level.txt
[2.160s] reading manifest file '../../../build/controller_node/controller_node.egg-info/SOURCES.txt'
[2.162s] writing manifest file '../../../build/controller_node/controller_node.egg-info/SOURCES.txt'
[2.162s] running build
[2.162s] running build_py
[2.162s] running install
[2.174s] running install_lib
[2.204s] running install_data
[2.204s] running install_egg_info
[2.226s] removing '/home/marc/conveyor_packages/install/controller_node/lib/python3.12/site-packages/controller_node-0.0.0-py3.12.egg-info' (and everything under it)
[2.227s] Copying ../../../build/controller_node/controller_node.egg-info to /home/marc/conveyor_packages/install/controller_node/lib/python3.12/site-packages/controller_node-0.0.0-py3.12.egg-info
[2.228s] running install_scripts
[2.383s] Installing controller script to /home/marc/conveyor_packages/install/controller_node/lib/controller_node
[2.384s] writing list of installed files to '/home/marc/conveyor_packages/build/controller_node/install.log'
[2.416s] Invoked command in '/home/marc/conveyor_packages/ros2_ws/src/controller_node' returned '0': AMENT_PREFIX_PATH=/home/marc/conveyor_packages/install/vision_interfaces:${AMENT_PREFIX_PATH} CMAKE_PREFIX_PATH=/home/marc/conveyor_packages/install/vision_interfaces:${CMAKE_PREFIX_PATH} LD_LIBRARY_PATH=/home/marc/conveyor_packages/install/vision_interfaces/lib:${LD_LIBRARY_PATH} PYTHONPATH=/home/marc/conveyor_packages/build/controller_node/prefix_override:/usr/lib/python3/dist-packages/colcon_core/task/python/colcon_distutils_commands:/home/marc/conveyor_packages/install/controller_node/lib/python3.12/site-packages:/home/marc/conveyor_packages/install/vision_interfaces/lib/python3.12/site-packages:${PYTHONPATH} /usr/bin/python3 -W ignore:setup.py install is deprecated -W ignore:easy_install command is deprecated setup.py egg_info --egg-base ../../../build/controller_node build --build-base /home/marc/conveyor_packages/build/controller_node/build install --record /home/marc/conveyor_packages/build/controller_node/install.log --single-version-externally-managed install_data
