[1.756s] Invoking command in '/home/marc/conveyor_packages/ros2_ws/src/pallet_node': AMENT_PREFIX_PATH=/home/marc/conveyor_packages/install/vision_interfaces:${AMENT_PREFIX_PATH} CMAKE_PREFIX_PATH=/home/marc/conveyor_packages/install/vision_interfaces:${CMAKE_PREFIX_PATH} LD_LIBRARY_PATH=/home/marc/conveyor_packages/install/vision_interfaces/lib:${LD_LIBRARY_PATH} PYTHONPATH=/home/marc/conveyor_packages/build/pallet_node/prefix_override:/usr/lib/python3/dist-packages/colcon_core/task/python/colcon_distutils_commands:/home/marc/conveyor_packages/install/pallet_node/lib/python3.12/site-packages:/home/marc/conveyor_packages/install/vision_interfaces/lib/python3.12/site-packages:${PYTHONPATH} /usr/bin/python3 -W ignore:setup.py install is deprecated -W ignore:easy_install command is deprecated setup.py egg_info --egg-base ../../../build/pallet_node build --build-base /home/marc/conveyor_packages/build/pallet_node/build install --record /home/marc/conveyor_packages/build/pallet_node/install.log --single-version-externally-managed install_data
[2.092s] running egg_info
[2.115s] writing ../../../build/pallet_node/pallet_node.egg-info/PKG-INFO
[2.116s] writing dependency_links to ../../../build/pallet_node/pallet_node.egg-info/dependency_links.txt
[2.116s] writing entry points to ../../../build/pallet_node/pallet_node.egg-info/entry_points.txt
[2.116s] writing requirements to ../../../build/pallet_node/pallet_node.egg-info/requires.txt
[2.117s] writing top-level names to ../../../build/pallet_node/pallet_node.egg-info/top_level.txt
[2.165s] reading manifest file '../../../build/pallet_node/pallet_node.egg-info/SOURCES.txt'
[2.166s] writing manifest file '../../../build/pallet_node/pallet_node.egg-info/SOURCES.txt'
[2.166s] running build
[2.167s] running build_py
[2.167s] running install
[2.175s] running install_lib
[2.199s] running install_data
[2.200s] running install_egg_info
[2.222s] removing '/home/marc/conveyor_packages/install/pallet_node/lib/python3.12/site-packages/pallet_node-0.0.0-py3.12.egg-info' (and everything under it)
[2.222s] Copying ../../../build/pallet_node/pallet_node.egg-info to /home/marc/conveyor_packages/install/pallet_node/lib/python3.12/site-packages/pallet_node-0.0.0-py3.12.egg-info
[2.223s] running install_scripts
[2.377s] Installing pallet_service script to /home/marc/conveyor_packages/install/pallet_node/lib/pallet_node
[2.378s] writing list of installed files to '/home/marc/conveyor_packages/build/pallet_node/install.log'
[2.419s] Invoked command in '/home/marc/conveyor_packages/ros2_ws/src/pallet_node' returned '0': AMENT_PREFIX_PATH=/home/marc/conveyor_packages/install/vision_interfaces:${AMENT_PREFIX_PATH} CMAKE_PREFIX_PATH=/home/marc/conveyor_packages/install/vision_interfaces:${CMAKE_PREFIX_PATH} LD_LIBRARY_PATH=/home/marc/conveyor_packages/install/vision_interfaces/lib:${LD_LIBRARY_PATH} PYTHONPATH=/home/marc/conveyor_packages/build/pallet_node/prefix_override:/usr/lib/python3/dist-packages/colcon_core/task/python/colcon_distutils_commands:/home/marc/conveyor_packages/install/pallet_node/lib/python3.12/site-packages:/home/marc/conveyor_packages/install/vision_interfaces/lib/python3.12/site-packages:${PYTHONPATH} /usr/bin/python3 -W ignore:setup.py install is deprecated -W ignore:easy_install command is deprecated setup.py egg_info --egg-base ../../../build/pallet_node build --build-base /home/marc/conveyor_packages/build/pallet_node/build install --record /home/marc/conveyor_packages/build/pallet_node/install.log --single-version-externally-managed install_data
