running egg_info
creating ../../build/controller_node/controller_node.egg-info
writing ../../build/controller_node/controller_node.egg-info/PKG-INFO
writing dependency_links to ../../build/controller_node/controller_node.egg-info/dependency_links.txt
writing entry points to ../../build/controller_node/controller_node.egg-info/entry_points.txt
writing requirements to ../../build/controller_node/controller_node.egg-info/requires.txt
writing top-level names to ../../build/controller_node/controller_node.egg-info/top_level.txt
writing manifest file '../../build/controller_node/controller_node.egg-info/SOURCES.txt'
reading manifest file '../../build/controller_node/controller_node.egg-info/SOURCES.txt'
writing manifest file '../../build/controller_node/controller_node.egg-info/SOURCES.txt'
running build
running build_py
creating /home/marc/conveyor_packages/ros2_ws/build/controller_node/build
creating /home/marc/conveyor_packages/ros2_ws/build/controller_node/build/lib
creating /home/marc/conveyor_packages/ros2_ws/build/controller_node/build/lib/controller_node
copying controller_node/controller_service.py -> /home/marc/conveyor_packages/ros2_ws/build/controller_node/build/lib/controller_node
copying controller_node/__init__.py -> /home/marc/conveyor_packages/ros2_ws/build/controller_node/build/lib/controller_node
running install
running install_lib
creating /home/marc/conveyor_packages/ros2_ws/install/controller_node/lib/python3.12/site-packages/controller_node
copying /home/marc/conveyor_packages/ros2_ws/build/controller_node/build/lib/controller_node/controller_service.py -> /home/marc/conveyor_packages/ros2_ws/install/controller_node/lib/python3.12/site-packages/controller_node
copying /home/marc/conveyor_packages/ros2_ws/build/controller_node/build/lib/controller_node/__init__.py -> /home/marc/conveyor_packages/ros2_ws/install/controller_node/lib/python3.12/site-packages/controller_node
byte-compiling /home/marc/conveyor_packages/ros2_ws/install/controller_node/lib/python3.12/site-packages/controller_node/controller_service.py to controller_service.cpython-312.pyc
byte-compiling /home/marc/conveyor_packages/ros2_ws/install/controller_node/lib/python3.12/site-packages/controller_node/__init__.py to __init__.cpython-312.pyc
running install_data
creating /home/marc/conveyor_packages/ros2_ws/install/controller_node/share/ament_index
creating /home/marc/conveyor_packages/ros2_ws/install/controller_node/share/ament_index/resource_index
creating /home/marc/conveyor_packages/ros2_ws/install/controller_node/share/ament_index/resource_index/packages
copying resource/controller_node -> /home/marc/conveyor_packages/ros2_ws/install/controller_node/share/ament_index/resource_index/packages
copying package.xml -> /home/marc/conveyor_packages/ros2_ws/install/controller_node/share/controller_node
running install_egg_info
Copying ../../build/controller_node/controller_node.egg-info to /home/marc/conveyor_packages/ros2_ws/install/controller_node/lib/python3.12/site-packages/controller_node-0.0.0-py3.12.egg-info
running install_scripts
Installing controller script to /home/marc/conveyor_packages/ros2_ws/install/controller_node/lib/controller_node
writing list of installed files to '/home/marc/conveyor_packages/ros2_ws/build/controller_node/install.log'
