[2.349s] Invoking command in '/home/marc/conveyor_packages/ros2_ws/src/controller_node': AMENT_PREFIX_PATH=/home/marc/conveyor_packages/install/vision_interfaces:${AMENT_PREFIX_PATH} CMAKE_PREFIX_PATH=/home/marc/conveyor_packages/install/vision_interfaces:${CMAKE_PREFIX_PATH} LD_LIBRARY_PATH=/home/marc/conveyor_packages/install/vision_interfaces/lib:${LD_LIBRARY_PATH} PYTHONPATH=/home/marc/conveyor_packages/build/controller_node/prefix_override:/usr/lib/python3/dist-packages/colcon_core/task/python/colcon_distutils_commands:/home/marc/conveyor_packages/install/controller_node/lib/python3.12/site-packages:/home/marc/conveyor_packages/install/vision_interfaces/lib/python3.12/site-packages:${PYTHONPATH} /usr/bin/python3 -W ignore:setup.py install is deprecated -W ignore:easy_install command is deprecated setup.py egg_info --egg-base ../../../build/controller_node build --build-base /home/marc/conveyor_packages/build/controller_node/build install --record /home/marc/conveyor_packages/build/controller_node/install.log --single-version-externally-managed install_data
[2.700s] running egg_info
[2.701s] creating ../../../build/controller_node/controller_node.egg-info
[2.731s] writing ../../../build/controller_node/controller_node.egg-info/PKG-INFO
[2.731s] writing dependency_links to ../../../build/controller_node/controller_node.egg-info/dependency_links.txt
[2.732s] writing entry points to ../../../build/controller_node/controller_node.egg-info/entry_points.txt
[2.732s] writing requirements to ../../../build/controller_node/controller_node.egg-info/requires.txt
[2.732s] writing top-level names to ../../../build/controller_node/controller_node.egg-info/top_level.txt
[2.733s] writing manifest file '../../../build/controller_node/controller_node.egg-info/SOURCES.txt'
[2.793s] reading manifest file '../../../build/controller_node/controller_node.egg-info/SOURCES.txt'
[2.796s] writing manifest file '../../../build/controller_node/controller_node.egg-info/SOURCES.txt'
[2.796s] running build
[2.796s] running build_py
[2.796s] creating /home/marc/conveyor_packages/build/controller_node/build
[2.796s] creating /home/marc/conveyor_packages/build/controller_node/build/lib
[2.797s] creating /home/marc/conveyor_packages/build/controller_node/build/lib/controller_node
[2.797s] copying controller_node/controller_service.py -> /home/marc/conveyor_packages/build/controller_node/build/lib/controller_node
[2.797s] copying controller_node/__init__.py -> /home/marc/conveyor_packages/build/controller_node/build/lib/controller_node
[2.798s] running install
[2.804s] running install_lib
[2.834s] creating /home/marc/conveyor_packages/install/controller_node/lib/python3.12/site-packages/controller_node
[2.835s] copying /home/marc/conveyor_packages/build/controller_node/build/lib/controller_node/controller_service.py -> /home/marc/conveyor_packages/install/controller_node/lib/python3.12/site-packages/controller_node
[2.835s] copying /home/marc/conveyor_packages/build/controller_node/build/lib/controller_node/__init__.py -> /home/marc/conveyor_packages/install/controller_node/lib/python3.12/site-packages/controller_node
[2.835s] byte-compiling /home/marc/conveyor_packages/install/controller_node/lib/python3.12/site-packages/controller_node/controller_service.py to controller_service.cpython-312.pyc
[2.836s] byte-compiling /home/marc/conveyor_packages/install/controller_node/lib/python3.12/site-packages/controller_node/__init__.py to __init__.cpython-312.pyc
[2.836s] running install_data
[2.837s] creating /home/marc/conveyor_packages/install/controller_node/share/ament_index
[2.837s] creating /home/marc/conveyor_packages/install/controller_node/share/ament_index/resource_index
[2.838s] creating /home/marc/conveyor_packages/install/controller_node/share/ament_index/resource_index/packages
[2.838s] copying resource/controller_node -> /home/marc/conveyor_packages/install/controller_node/share/ament_index/resource_index/packages
[2.838s] copying package.xml -> /home/marc/conveyor_packages/install/controller_node/share/controller_node
[2.838s] running install_egg_info
[2.859s] Copying ../../../build/controller_node/controller_node.egg-info to /home/marc/conveyor_packages/install/controller_node/lib/python3.12/site-packages/controller_node-0.0.0-py3.12.egg-info
[2.860s] running install_scripts
[3.024s] Installing controller script to /home/marc/conveyor_packages/install/controller_node/lib/controller_node
[3.025s] writing list of installed files to '/home/marc/conveyor_packages/build/controller_node/install.log'
[3.075s] Invoked command in '/home/marc/conveyor_packages/ros2_ws/src/controller_node' returned '0': AMENT_PREFIX_PATH=/home/marc/conveyor_packages/install/vision_interfaces:${AMENT_PREFIX_PATH} CMAKE_PREFIX_PATH=/home/marc/conveyor_packages/install/vision_interfaces:${CMAKE_PREFIX_PATH} LD_LIBRARY_PATH=/home/marc/conveyor_packages/install/vision_interfaces/lib:${LD_LIBRARY_PATH} PYTHONPATH=/home/marc/conveyor_packages/build/controller_node/prefix_override:/usr/lib/python3/dist-packages/colcon_core/task/python/colcon_distutils_commands:/home/marc/conveyor_packages/install/controller_node/lib/python3.12/site-packages:/home/marc/conveyor_packages/install/vision_interfaces/lib/python3.12/site-packages:${PYTHONPATH} /usr/bin/python3 -W ignore:setup.py install is deprecated -W ignore:easy_install command is deprecated setup.py egg_info --egg-base ../../../build/controller_node build --build-base /home/marc/conveyor_packages/build/controller_node/build install --record /home/marc/conveyor_packages/build/controller_node/install.log --single-version-externally-managed install_data
