[0.021s] Invoking command in '/home/marc/conveyor_packages/build/vision_interfaces': CMAKE_PREFIX_PATH=${CMAKE_PREFIX_PATH}:/opt/ros/jazzy /usr/bin/cmake /home/marc/conveyor_packages/ros2_ws/src/vision_interfaces -DCMAKE_INSTALL_PREFIX=/home/marc/conveyor_packages/install/vision_interfaces
[0.508s] -- The C compiler identification is GNU 13.3.0
[1.804s] -- The CXX compiler identification is GNU 13.3.0
[2.351s] -- Detecting C compiler ABI info
[2.621s] -- Detecting C compiler ABI info - done
[2.633s] -- Check for working C compiler: /usr/bin/cc - skipped
[2.643s] -- Detecting C compile features
[2.644s] -- Detecting C compile features - done
[2.724s] -- Detecting CXX compiler ABI info
[3.160s] -- Detecting CXX compiler ABI info - done
[3.168s] -- Check for working CXX compiler: /usr/bin/c++ - skipped
[3.168s] -- Detecting CXX compile features
[3.169s] -- Detecting CXX compile features - done
[3.206s] -- Found ament_cmake: 2.5.4 (/opt/ros/jazzy/share/ament_cmake/cmake)
[3.372s] -- Found Python3: /usr/bin/python3 (found version "3.12.3") found components: Interpreter 
[3.559s] -- Found sensor_msgs: 5.3.6 (/opt/ros/jazzy/share/sensor_msgs/cmake)
[3.817s] -- Found rosidl_generator_c: 4.6.6 (/opt/ros/jazzy/share/rosidl_generator_c/cmake)
[3.847s] -- Found rosidl_generator_cpp: 4.6.6 (/opt/ros/jazzy/share/rosidl_generator_cpp/cmake)
[3.880s] -- Using all available rosidl_typesupport_c: rosidl_typesupport_fastrtps_c;rosidl_typesupport_introspection_c
[3.910s] -- Using all available rosidl_typesupport_cpp: rosidl_typesupport_fastrtps_cpp;rosidl_typesupport_introspection_cpp
[4.087s] -- Found rosidl_default_generators: 1.6.0 (/opt/ros/jazzy/share/rosidl_default_generators/cmake)
[4.125s] -- Found rosidl_adapter: 4.6.6 (/opt/ros/jazzy/share/rosidl_adapter/cmake)
[4.827s] -- Found ament_cmake_ros: 0.12.0 (/opt/ros/jazzy/share/ament_cmake_ros/cmake)
[5.740s] -- Using all available rosidl_typesupport_c: rosidl_typesupport_fastrtps_c;rosidl_typesupport_introspection_c
[6.089s] -- Using all available rosidl_typesupport_cpp: rosidl_typesupport_fastrtps_cpp;rosidl_typesupport_introspection_cpp
[6.096s] -- Found python_cmake_module: 0.11.1 (/opt/ros/jazzy/share/python_cmake_module/cmake)
[6.212s] -- Found PythonExtra: /usr/bin/python3  
[6.899s] -- Found Python3: /usr/bin/python3 (found version "3.12.3") found components: Interpreter Development NumPy Development.Module Development.Embed 
[6.976s] -- Found ament_lint_auto: 0.17.3 (/opt/ros/jazzy/share/ament_lint_auto/cmake)
[7.030s] -- Added test 'lint_cmake' to check CMake code style
[7.034s] -- Added test 'xmllint' to check XML markup files
[7.041s] -- Configuring done (6.9s)
[7.117s] -- Generating done (0.1s)
[7.135s] -- Build files have been written to: /home/marc/conveyor_packages/build/vision_interfaces
[7.151s] Invoked command in '/home/marc/conveyor_packages/build/vision_interfaces' returned '0': CMAKE_PREFIX_PATH=${CMAKE_PREFIX_PATH}:/opt/ros/jazzy /usr/bin/cmake /home/marc/conveyor_packages/ros2_ws/src/vision_interfaces -DCMAKE_INSTALL_PREFIX=/home/marc/conveyor_packages/install/vision_interfaces
[7.152s] Invoking command in '/home/marc/conveyor_packages/build/vision_interfaces': CMAKE_PREFIX_PATH=${CMAKE_PREFIX_PATH}:/opt/ros/jazzy /usr/bin/cmake --build /home/marc/conveyor_packages/build/vision_interfaces -- -j20 -l20
[7.199s] [  1%] [34m[1mGenerating type hashes for ROS interfaces[0m
[7.208s] [  1%] Built target ament_cmake_python_copy_vision_interfaces
[7.434s] running egg_info
[7.435s] creating vision_interfaces.egg-info
[7.453s] writing vision_interfaces.egg-info/PKG-INFO
[7.454s] writing dependency_links to vision_interfaces.egg-info/dependency_links.txt
[7.454s] writing top-level names to vision_interfaces.egg-info/top_level.txt
[7.455s] writing manifest file 'vision_interfaces.egg-info/SOURCES.txt'
[7.474s] [  1%] Built target vision_interfaces__rosidl_generator_type_description
[7.485s] [  3%] [34m[1mGenerating C code for ROS interfaces[0m
[7.495s] [  5%] [34m[1mGenerating C++ code for ROS interfaces[0m
[7.512s] reading manifest file 'vision_interfaces.egg-info/SOURCES.txt'
[7.513s] writing manifest file 'vision_interfaces.egg-info/SOURCES.txt'
[7.542s] [  5%] Built target ament_cmake_python_build_vision_interfaces_egg
[7.943s] [  5%] Built target vision_interfaces__cpp
[8.023s] [  9%] [32mBuilding C object CMakeFiles/vision_interfaces__rosidl_generator_c.dir/rosidl_generator_c/vision_interfaces/srv/detail/detect_boxes__type_support.c.o[0m
[8.023s] [  9%] [32mBuilding C object CMakeFiles/vision_interfaces__rosidl_generator_c.dir/rosidl_generator_c/vision_interfaces/srv/detail/detect_boxes__functions.c.o[0m
[8.024s] [ 11%] [32mBuilding C object CMakeFiles/vision_interfaces__rosidl_generator_c.dir/rosidl_generator_c/vision_interfaces/srv/detail/detect_boxes__description.c.o[0m
[8.024s] [ 12%] [32mBuilding C object CMakeFiles/vision_interfaces__rosidl_generator_c.dir/rosidl_generator_c/vision_interfaces/srv/detail/get_image__description.c.o[0m
[8.026s] [ 14%] [32mBuilding C object CMakeFiles/vision_interfaces__rosidl_generator_c.dir/rosidl_generator_c/vision_interfaces/srv/detail/get_image__type_support.c.o[0m
[8.028s] [ 16%] [32mBuilding C object CMakeFiles/vision_interfaces__rosidl_generator_c.dir/rosidl_generator_c/vision_interfaces/srv/detail/arrange_pallet__description.c.o[0m
[8.030s] [ 18%] [32mBuilding C object CMakeFiles/vision_interfaces__rosidl_generator_c.dir/rosidl_generator_c/vision_interfaces/srv/detail/get_image__functions.c.o[0m
[8.031s] [ 20%] [32mBuilding C object CMakeFiles/vision_interfaces__rosidl_generator_c.dir/rosidl_generator_c/vision_interfaces/srv/detail/arrange_pallet__functions.c.o[0m
[8.032s] [ 22%] [32mBuilding C object CMakeFiles/vision_interfaces__rosidl_generator_c.dir/rosidl_generator_c/vision_interfaces/srv/detail/arrange_pallet__type_support.c.o[0m
[8.193s] [ 24%] [32m[1mLinking C shared library libvision_interfaces__rosidl_generator_c.so[0m
[8.422s] [ 24%] Built target vision_interfaces__rosidl_generator_c
[8.440s] [ 25%] [34m[1mGenerating C++ type support for eProsima Fast-RTPS[0m
[8.441s] [ 29%] [34m[1mGenerating C type support dispatch for ROS interfaces[0m
[8.441s] [ 29%] [34m[1mGenerating C introspection for ROS interfaces[0m
[8.442s] [ 33%] [34m[1mGenerating C++ type support dispatch for ROS interfaces[0m
[8.442s] [ 33%] [34m[1mGenerating C++ introspection for ROS interfaces[0m
[8.444s] [ 35%] [34m[1mGenerating C type support for eProsima Fast-RTPS[0m
[8.912s] [ 37%] [32mBuilding CXX object CMakeFiles/vision_interfaces__rosidl_typesupport_c.dir/rosidl_typesupport_c/vision_interfaces/srv/detect_boxes__type_support.cpp.o[0m
[8.912s] [ 38%] [32mBuilding CXX object CMakeFiles/vision_interfaces__rosidl_typesupport_c.dir/rosidl_typesupport_c/vision_interfaces/srv/arrange_pallet__type_support.cpp.o[0m
[8.913s] [ 40%] [32mBuilding CXX object CMakeFiles/vision_interfaces__rosidl_typesupport_c.dir/rosidl_typesupport_c/vision_interfaces/srv/get_image__type_support.cpp.o[0m
[8.926s] [ 42%] [32mBuilding CXX object CMakeFiles/vision_interfaces__rosidl_typesupport_cpp.dir/rosidl_typesupport_cpp/vision_interfaces/srv/get_image__type_support.cpp.o[0m
[8.927s] [ 46%] [32mBuilding CXX object CMakeFiles/vision_interfaces__rosidl_typesupport_cpp.dir/rosidl_typesupport_cpp/vision_interfaces/srv/arrange_pallet__type_support.cpp.o[0m
[8.927s] [ 46%] [32mBuilding CXX object CMakeFiles/vision_interfaces__rosidl_typesupport_cpp.dir/rosidl_typesupport_cpp/vision_interfaces/srv/detect_boxes__type_support.cpp.o[0m
[9.040s] [ 48%] [32mBuilding C object CMakeFiles/vision_interfaces__rosidl_typesupport_introspection_c.dir/rosidl_typesupport_introspection_c/vision_interfaces/srv/detail/detect_boxes__type_support.c.o[0m
[9.041s] [ 50%] [32mBuilding C object CMakeFiles/vision_interfaces__rosidl_typesupport_introspection_c.dir/rosidl_typesupport_introspection_c/vision_interfaces/srv/detail/get_image__type_support.c.o[0m
[9.044s] [ 51%] [32m[1mLinking CXX shared library libvision_interfaces__rosidl_typesupport_c.so[0m
[9.044s] [ 53%] [32mBuilding C object CMakeFiles/vision_interfaces__rosidl_typesupport_introspection_c.dir/rosidl_typesupport_introspection_c/vision_interfaces/srv/detail/arrange_pallet__type_support.c.o[0m
[9.086s] [ 55%] [32mBuilding CXX object CMakeFiles/vision_interfaces__rosidl_typesupport_introspection_cpp.dir/rosidl_typesupport_introspection_cpp/vision_interfaces/srv/detail/detect_boxes__type_support.cpp.o[0m
[9.087s] [ 57%] [32mBuilding CXX object CMakeFiles/vision_interfaces__rosidl_typesupport_introspection_cpp.dir/rosidl_typesupport_introspection_cpp/vision_interfaces/srv/detail/get_image__type_support.cpp.o[0m
[9.091s] [ 59%] [32mBuilding CXX object CMakeFiles/vision_interfaces__rosidl_typesupport_introspection_cpp.dir/rosidl_typesupport_introspection_cpp/vision_interfaces/srv/detail/arrange_pallet__type_support.cpp.o[0m
[9.186s] [ 61%] [32m[1mLinking C shared library libvision_interfaces__rosidl_typesupport_introspection_c.so[0m
[9.298s] [ 64%] [32mBuilding CXX object CMakeFiles/vision_interfaces__rosidl_typesupport_fastrtps_cpp.dir/rosidl_typesupport_fastrtps_cpp/vision_interfaces/srv/detail/dds_fastrtps/arrange_pallet__type_support.cpp.o[0m
[9.298s] [ 64%] [32mBuilding CXX object CMakeFiles/vision_interfaces__rosidl_typesupport_fastrtps_cpp.dir/rosidl_typesupport_fastrtps_cpp/vision_interfaces/srv/detail/dds_fastrtps/detect_boxes__type_support.cpp.o[0m
[9.300s] [ 66%] [32mBuilding CXX object CMakeFiles/vision_interfaces__rosidl_typesupport_fastrtps_cpp.dir/rosidl_typesupport_fastrtps_cpp/vision_interfaces/srv/detail/dds_fastrtps/get_image__type_support.cpp.o[0m
[9.309s] [ 66%] Built target vision_interfaces__rosidl_typesupport_c
[9.324s] [ 70%] [32mBuilding CXX object CMakeFiles/vision_interfaces__rosidl_typesupport_fastrtps_c.dir/rosidl_typesupport_fastrtps_c/vision_interfaces/srv/detail/arrange_pallet__type_support_c.cpp.o[0m
[9.324s] [ 70%] [32mBuilding CXX object CMakeFiles/vision_interfaces__rosidl_typesupport_fastrtps_c.dir/rosidl_typesupport_fastrtps_c/vision_interfaces/srv/detail/detect_boxes__type_support_c.cpp.o[0m
[9.325s] [ 72%] [32mBuilding CXX object CMakeFiles/vision_interfaces__rosidl_typesupport_fastrtps_c.dir/rosidl_typesupport_fastrtps_c/vision_interfaces/srv/detail/get_image__type_support_c.cpp.o[0m
[9.459s] [ 72%] Built target vision_interfaces__rosidl_typesupport_introspection_c
[10.234s] [ 74%] [32m[1mLinking CXX shared library libvision_interfaces__rosidl_typesupport_cpp.so[0m
[10.577s] [ 75%] [32m[1mLinking CXX shared library libvision_interfaces__rosidl_typesupport_introspection_cpp.so[0m
[10.594s] [ 77%] [32m[1mLinking CXX shared library libvision_interfaces__rosidl_typesupport_fastrtps_c.so[0m
[10.595s] [ 77%] Built target vision_interfaces__rosidl_typesupport_cpp
[10.817s] [ 77%] Built target vision_interfaces__rosidl_typesupport_fastrtps_c
[10.817s] [ 77%] Built target vision_interfaces__rosidl_typesupport_introspection_cpp
[10.957s] [ 79%] [32m[1mLinking CXX shared library libvision_interfaces__rosidl_typesupport_fastrtps_cpp.so[0m
[11.219s] [ 79%] Built target vision_interfaces__rosidl_typesupport_fastrtps_cpp
[11.237s] [ 79%] Built target vision_interfaces
[11.254s] [ 81%] [34m[1mGenerating Python code for ROS interfaces[0m
[11.818s] [ 81%] Built target vision_interfaces__py
[11.835s] [ 83%] [32mBuilding C object CMakeFiles/vision_interfaces__rosidl_generator_py.dir/rosidl_generator_py/vision_interfaces/srv/_detect_boxes_s.c.o[0m
[11.836s] [ 85%] [32mBuilding C object CMakeFiles/vision_interfaces__rosidl_generator_py.dir/rosidl_generator_py/vision_interfaces/srv/_get_image_s.c.o[0m
[11.836s] [ 87%] [32mBuilding C object CMakeFiles/vision_interfaces__rosidl_generator_py.dir/rosidl_generator_py/vision_interfaces/srv/_arrange_pallet_s.c.o[0m
[12.162s] [ 88%] [32m[1mLinking C shared library libvision_interfaces__rosidl_generator_py.so[0m
[12.384s] [ 88%] Built target vision_interfaces__rosidl_generator_py
[12.411s] [ 92%] [32mBuilding C object CMakeFiles/vision_interfaces_s__rosidl_typesupport_fastrtps_c.dir/rosidl_generator_py/vision_interfaces/_vision_interfaces_s.ep.rosidl_typesupport_fastrtps_c.c.o[0m
[12.411s] [ 94%] [32mBuilding C object CMakeFiles/vision_interfaces_s__rosidl_typesupport_c.dir/rosidl_generator_py/vision_interfaces/_vision_interfaces_s.ep.rosidl_typesupport_c.c.o[0m
[12.411s] [ 94%] [32mBuilding C object CMakeFiles/vision_interfaces_s__rosidl_typesupport_introspection_c.dir/rosidl_generator_py/vision_interfaces/_vision_interfaces_s.ep.rosidl_typesupport_introspection_c.c.o[0m
[12.562s] [ 98%] [32m[1mLinking C shared module rosidl_generator_py/vision_interfaces/vision_interfaces_s__rosidl_typesupport_introspection_c.so[0m
[12.562s] [ 98%] [32m[1mLinking C shared module rosidl_generator_py/vision_interfaces/vision_interfaces_s__rosidl_typesupport_c.so[0m
[12.566s] [100%] [32m[1mLinking C shared module rosidl_generator_py/vision_interfaces/vision_interfaces_s__rosidl_typesupport_fastrtps_c.so[0m
[12.694s] [100%] Built target vision_interfaces_s__rosidl_typesupport_c
[12.695s] [100%] Built target vision_interfaces_s__rosidl_typesupport_introspection_c
[12.728s] [100%] Built target vision_interfaces_s__rosidl_typesupport_fastrtps_c
[12.745s] Invoked command in '/home/marc/conveyor_packages/build/vision_interfaces' returned '0': CMAKE_PREFIX_PATH=${CMAKE_PREFIX_PATH}:/opt/ros/jazzy /usr/bin/cmake --build /home/marc/conveyor_packages/build/vision_interfaces -- -j20 -l20
[12.758s] Invoking command in '/home/marc/conveyor_packages/build/vision_interfaces': CMAKE_PREFIX_PATH=${CMAKE_PREFIX_PATH}:/opt/ros/jazzy /usr/bin/cmake --install /home/marc/conveyor_packages/build/vision_interfaces
[12.765s] -- Install configuration: ""
[12.766s] -- Installing: /home/marc/conveyor_packages/install/vision_interfaces/share/ament_index/resource_index/rosidl_interfaces/vision_interfaces
[12.767s] -- Installing: /home/marc/conveyor_packages/install/vision_interfaces/share/vision_interfaces/srv/DetectBoxes.json
[12.767s] -- Installing: /home/marc/conveyor_packages/install/vision_interfaces/share/vision_interfaces/srv/GetImage.json
[12.767s] -- Installing: /home/marc/conveyor_packages/install/vision_interfaces/share/vision_interfaces/srv/ArrangePallet.json
[12.767s] -- Installing: /home/marc/conveyor_packages/install/vision_interfaces/include/vision_interfaces/vision_interfaces
[12.768s] -- Installing: /home/marc/conveyor_packages/install/vision_interfaces/include/vision_interfaces/vision_interfaces/msg
[12.768s] -- Installing: /home/marc/conveyor_packages/install/vision_interfaces/include/vision_interfaces/vision_interfaces/msg/rosidl_generator_c__visibility_control.h
[12.768s] -- Installing: /home/marc/conveyor_packages/install/vision_interfaces/include/vision_interfaces/vision_interfaces/srv
[12.768s] -- Installing: /home/marc/conveyor_packages/install/vision_interfaces/include/vision_interfaces/vision_interfaces/srv/detect_boxes.h
[12.769s] -- Installing: /home/marc/conveyor_packages/install/vision_interfaces/include/vision_interfaces/vision_interfaces/srv/detail
[12.769s] -- Installing: /home/marc/conveyor_packages/install/vision_interfaces/include/vision_interfaces/vision_interfaces/srv/detail/arrange_pallet__type_support.h
[12.770s] -- Installing: /home/marc/conveyor_packages/install/vision_interfaces/include/vision_interfaces/vision_interfaces/srv/detail/detect_boxes__type_support.c
[12.770s] -- Installing: /home/marc/conveyor_packages/install/vision_interfaces/include/vision_interfaces/vision_interfaces/srv/detail/detect_boxes__functions.h
[12.770s] -- Installing: /home/marc/conveyor_packages/install/vision_interfaces/include/vision_interfaces/vision_interfaces/srv/detail/arrange_pallet__type_support.c
[12.770s] -- Installing: /home/marc/conveyor_packages/install/vision_interfaces/include/vision_interfaces/vision_interfaces/srv/detail/arrange_pallet__description.c
[12.770s] -- Installing: /home/marc/conveyor_packages/install/vision_interfaces/include/vision_interfaces/vision_interfaces/srv/detail/get_image__type_support.c
[12.770s] -- Installing: /home/marc/conveyor_packages/install/vision_interfaces/include/vision_interfaces/vision_interfaces/srv/detail/detect_boxes__type_support.h
[12.771s] -- Installing: /home/marc/conveyor_packages/install/vision_interfaces/include/vision_interfaces/vision_interfaces/srv/detail/arrange_pallet__functions.h
[12.771s] -- Installing: /home/marc/conveyor_packages/install/vision_interfaces/include/vision_interfaces/vision_interfaces/srv/detail/detect_boxes__description.c
[12.771s] -- Installing: /home/marc/conveyor_packages/install/vision_interfaces/include/vision_interfaces/vision_interfaces/srv/detail/get_image__functions.c
[12.771s] -- Installing: /home/marc/conveyor_packages/install/vision_interfaces/include/vision_interfaces/vision_interfaces/srv/detail/get_image__type_support.h
[12.772s] -- Installing: /home/marc/conveyor_packages/install/vision_interfaces/include/vision_interfaces/vision_interfaces/srv/detail/arrange_pallet__struct.h
[12.772s] -- Installing: /home/marc/conveyor_packages/install/vision_interfaces/include/vision_interfaces/vision_interfaces/srv/detail/detect_boxes__struct.h
[12.772s] -- Installing: /home/marc/conveyor_packages/install/vision_interfaces/include/vision_interfaces/vision_interfaces/srv/detail/get_image__struct.h
[12.773s] -- Installing: /home/marc/conveyor_packages/install/vision_interfaces/include/vision_interfaces/vision_interfaces/srv/detail/get_image__description.c
[12.773s] -- Installing: /home/marc/conveyor_packages/install/vision_interfaces/include/vision_interfaces/vision_interfaces/srv/detail/get_image__functions.h
[12.773s] -- Installing: /home/marc/conveyor_packages/install/vision_interfaces/include/vision_interfaces/vision_interfaces/srv/detail/detect_boxes__functions.c
[12.773s] -- Installing: /home/marc/conveyor_packages/install/vision_interfaces/include/vision_interfaces/vision_interfaces/srv/detail/arrange_pallet__functions.c
[12.773s] -- Installing: /home/marc/conveyor_packages/install/vision_interfaces/include/vision_interfaces/vision_interfaces/srv/arrange_pallet.h
[12.773s] -- Installing: /home/marc/conveyor_packages/install/vision_interfaces/include/vision_interfaces/vision_interfaces/srv/get_image.h
[12.774s] -- Installing: /home/marc/conveyor_packages/install/vision_interfaces/share/vision_interfaces/environment/library_path.sh
[12.774s] -- Installing: /home/marc/conveyor_packages/install/vision_interfaces/share/vision_interfaces/environment/library_path.dsv
[12.774s] -- Installing: /home/marc/conveyor_packages/install/vision_interfaces/lib/libvision_interfaces__rosidl_generator_c.so
[12.774s] -- Set non-toolchain portion of runtime path of "/home/marc/conveyor_packages/install/vision_interfaces/lib/libvision_interfaces__rosidl_generator_c.so" to ""
[12.774s] -- Up-to-date: /home/marc/conveyor_packages/install/vision_interfaces/include/vision_interfaces/vision_interfaces
[12.775s] -- Up-to-date: /home/marc/conveyor_packages/install/vision_interfaces/include/vision_interfaces/vision_interfaces/msg
[12.775s] -- Installing: /home/marc/conveyor_packages/install/vision_interfaces/include/vision_interfaces/vision_interfaces/msg/rosidl_typesupport_fastrtps_c__visibility_control.h
[12.775s] -- Up-to-date: /home/marc/conveyor_packages/install/vision_interfaces/include/vision_interfaces/vision_interfaces/srv
[12.776s] -- Up-to-date: /home/marc/conveyor_packages/install/vision_interfaces/include/vision_interfaces/vision_interfaces/srv/detail
[12.776s] -- Installing: /home/marc/conveyor_packages/install/vision_interfaces/include/vision_interfaces/vision_interfaces/srv/detail/get_image__rosidl_typesupport_fastrtps_c.h
[12.776s] -- Installing: /home/marc/conveyor_packages/install/vision_interfaces/include/vision_interfaces/vision_interfaces/srv/detail/detect_boxes__rosidl_typesupport_fastrtps_c.h
[12.776s] -- Installing: /home/marc/conveyor_packages/install/vision_interfaces/include/vision_interfaces/vision_interfaces/srv/detail/arrange_pallet__rosidl_typesupport_fastrtps_c.h
[12.776s] -- Installing: /home/marc/conveyor_packages/install/vision_interfaces/lib/libvision_interfaces__rosidl_typesupport_fastrtps_c.so
[12.776s] -- Set non-toolchain portion of runtime path of "/home/marc/conveyor_packages/install/vision_interfaces/lib/libvision_interfaces__rosidl_typesupport_fastrtps_c.so" to ""
[12.776s] -- Up-to-date: /home/marc/conveyor_packages/install/vision_interfaces/include/vision_interfaces/vision_interfaces
[12.777s] -- Up-to-date: /home/marc/conveyor_packages/install/vision_interfaces/include/vision_interfaces/vision_interfaces/msg
[12.777s] -- Installing: /home/marc/conveyor_packages/install/vision_interfaces/include/vision_interfaces/vision_interfaces/msg/rosidl_generator_cpp__visibility_control.hpp
[12.777s] -- Up-to-date: /home/marc/conveyor_packages/install/vision_interfaces/include/vision_interfaces/vision_interfaces/srv
[12.777s] -- Installing: /home/marc/conveyor_packages/install/vision_interfaces/include/vision_interfaces/vision_interfaces/srv/arrange_pallet.hpp
[12.778s] -- Up-to-date: /home/marc/conveyor_packages/install/vision_interfaces/include/vision_interfaces/vision_interfaces/srv/detail
[12.778s] -- Installing: /home/marc/conveyor_packages/install/vision_interfaces/include/vision_interfaces/vision_interfaces/srv/detail/arrange_pallet__builder.hpp
[12.778s] -- Installing: /home/marc/conveyor_packages/install/vision_interfaces/include/vision_interfaces/vision_interfaces/srv/detail/arrange_pallet__struct.hpp
[12.779s] -- Installing: /home/marc/conveyor_packages/install/vision_interfaces/include/vision_interfaces/vision_interfaces/srv/detail/detect_boxes__builder.hpp
[12.779s] -- Installing: /home/marc/conveyor_packages/install/vision_interfaces/include/vision_interfaces/vision_interfaces/srv/detail/arrange_pallet__type_support.hpp
[12.779s] -- Installing: /home/marc/conveyor_packages/install/vision_interfaces/include/vision_interfaces/vision_interfaces/srv/detail/arrange_pallet__traits.hpp
[12.780s] -- Installing: /home/marc/conveyor_packages/install/vision_interfaces/include/vision_interfaces/vision_interfaces/srv/detail/detect_boxes__traits.hpp
[12.780s] -- Installing: /home/marc/conveyor_packages/install/vision_interfaces/include/vision_interfaces/vision_interfaces/srv/detail/get_image__type_support.hpp
[12.780s] -- Installing: /home/marc/conveyor_packages/install/vision_interfaces/include/vision_interfaces/vision_interfaces/srv/detail/get_image__struct.hpp
[12.781s] -- Installing: /home/marc/conveyor_packages/install/vision_interfaces/include/vision_interfaces/vision_interfaces/srv/detail/detect_boxes__type_support.hpp
[12.782s] -- Installing: /home/marc/conveyor_packages/install/vision_interfaces/include/vision_interfaces/vision_interfaces/srv/detail/get_image__builder.hpp
[12.782s] -- Installing: /home/marc/conveyor_packages/install/vision_interfaces/include/vision_interfaces/vision_interfaces/srv/detail/detect_boxes__struct.hpp
[12.782s] -- Installing: /home/marc/conveyor_packages/install/vision_interfaces/include/vision_interfaces/vision_interfaces/srv/detail/get_image__traits.hpp
[12.782s] -- Installing: /home/marc/conveyor_packages/install/vision_interfaces/include/vision_interfaces/vision_interfaces/srv/detect_boxes.hpp
[12.783s] -- Installing: /home/marc/conveyor_packages/install/vision_interfaces/include/vision_interfaces/vision_interfaces/srv/get_image.hpp
[12.783s] -- Up-to-date: /home/marc/conveyor_packages/install/vision_interfaces/include/vision_interfaces/vision_interfaces
[12.783s] -- Up-to-date: /home/marc/conveyor_packages/install/vision_interfaces/include/vision_interfaces/vision_interfaces/msg
[12.783s] -- Installing: /home/marc/conveyor_packages/install/vision_interfaces/include/vision_interfaces/vision_interfaces/msg/rosidl_typesupport_fastrtps_cpp__visibility_control.h
[12.783s] -- Up-to-date: /home/marc/conveyor_packages/install/vision_interfaces/include/vision_interfaces/vision_interfaces/srv
[12.783s] -- Up-to-date: /home/marc/conveyor_packages/install/vision_interfaces/include/vision_interfaces/vision_interfaces/srv/detail
[12.783s] -- Installing: /home/marc/conveyor_packages/install/vision_interfaces/include/vision_interfaces/vision_interfaces/srv/detail/dds_fastrtps
[12.783s] -- Installing: /home/marc/conveyor_packages/install/vision_interfaces/include/vision_interfaces/vision_interfaces/srv/detail/arrange_pallet__rosidl_typesupport_fastrtps_cpp.hpp
[12.783s] -- Installing: /home/marc/conveyor_packages/install/vision_interfaces/include/vision_interfaces/vision_interfaces/srv/detail/detect_boxes__rosidl_typesupport_fastrtps_cpp.hpp
[12.783s] -- Installing: /home/marc/conveyor_packages/install/vision_interfaces/include/vision_interfaces/vision_interfaces/srv/detail/get_image__rosidl_typesupport_fastrtps_cpp.hpp
[12.784s] -- Installing: /home/marc/conveyor_packages/install/vision_interfaces/lib/libvision_interfaces__rosidl_typesupport_fastrtps_cpp.so
[12.784s] -- Set non-toolchain portion of runtime path of "/home/marc/conveyor_packages/install/vision_interfaces/lib/libvision_interfaces__rosidl_typesupport_fastrtps_cpp.so" to ""
[12.784s] -- Up-to-date: /home/marc/conveyor_packages/install/vision_interfaces/include/vision_interfaces/vision_interfaces
[12.784s] -- Up-to-date: /home/marc/conveyor_packages/install/vision_interfaces/include/vision_interfaces/vision_interfaces/msg
[12.784s] -- Installing: /home/marc/conveyor_packages/install/vision_interfaces/include/vision_interfaces/vision_interfaces/msg/rosidl_typesupport_introspection_c__visibility_control.h
[12.785s] -- Up-to-date: /home/marc/conveyor_packages/install/vision_interfaces/include/vision_interfaces/vision_interfaces/srv
[12.785s] -- Up-to-date: /home/marc/conveyor_packages/install/vision_interfaces/include/vision_interfaces/vision_interfaces/srv/detail
[12.785s] -- Installing: /home/marc/conveyor_packages/install/vision_interfaces/include/vision_interfaces/vision_interfaces/srv/detail/detect_boxes__type_support.c
[12.785s] -- Installing: /home/marc/conveyor_packages/install/vision_interfaces/include/vision_interfaces/vision_interfaces/srv/detail/arrange_pallet__type_support.c
[12.785s] -- Installing: /home/marc/conveyor_packages/install/vision_interfaces/include/vision_interfaces/vision_interfaces/srv/detail/get_image__type_support.c
[12.785s] -- Installing: /home/marc/conveyor_packages/install/vision_interfaces/include/vision_interfaces/vision_interfaces/srv/detail/arrange_pallet__rosidl_typesupport_introspection_c.h
[12.785s] -- Installing: /home/marc/conveyor_packages/install/vision_interfaces/include/vision_interfaces/vision_interfaces/srv/detail/detect_boxes__rosidl_typesupport_introspection_c.h
[12.786s] -- Installing: /home/marc/conveyor_packages/install/vision_interfaces/include/vision_interfaces/vision_interfaces/srv/detail/get_image__rosidl_typesupport_introspection_c.h
[12.786s] -- Installing: /home/marc/conveyor_packages/install/vision_interfaces/lib/libvision_interfaces__rosidl_typesupport_introspection_c.so
[12.786s] -- Set non-toolchain portion of runtime path of "/home/marc/conveyor_packages/install/vision_interfaces/lib/libvision_interfaces__rosidl_typesupport_introspection_c.so" to ""
[12.787s] -- Installing: /home/marc/conveyor_packages/install/vision_interfaces/lib/libvision_interfaces__rosidl_typesupport_c.so
[12.787s] -- Set non-toolchain portion of runtime path of "/home/marc/conveyor_packages/install/vision_interfaces/lib/libvision_interfaces__rosidl_typesupport_c.so" to ""
[12.787s] -- Up-to-date: /home/marc/conveyor_packages/install/vision_interfaces/include/vision_interfaces/vision_interfaces
[12.788s] -- Up-to-date: /home/marc/conveyor_packages/install/vision_interfaces/include/vision_interfaces/vision_interfaces/srv
[12.788s] -- Up-to-date: /home/marc/conveyor_packages/install/vision_interfaces/include/vision_interfaces/vision_interfaces/srv/detail
[12.788s] -- Installing: /home/marc/conveyor_packages/install/vision_interfaces/include/vision_interfaces/vision_interfaces/srv/detail/detect_boxes__type_support.cpp
[12.788s] -- Installing: /home/marc/conveyor_packages/install/vision_interfaces/include/vision_interfaces/vision_interfaces/srv/detail/get_image__rosidl_typesupport_introspection_cpp.hpp
[12.788s] -- Installing: /home/marc/conveyor_packages/install/vision_interfaces/include/vision_interfaces/vision_interfaces/srv/detail/detect_boxes__rosidl_typesupport_introspection_cpp.hpp
[12.788s] -- Installing: /home/marc/conveyor_packages/install/vision_interfaces/include/vision_interfaces/vision_interfaces/srv/detail/get_image__type_support.cpp
[12.788s] -- Installing: /home/marc/conveyor_packages/install/vision_interfaces/include/vision_interfaces/vision_interfaces/srv/detail/arrange_pallet__type_support.cpp
[12.788s] -- Installing: /home/marc/conveyor_packages/install/vision_interfaces/include/vision_interfaces/vision_interfaces/srv/detail/arrange_pallet__rosidl_typesupport_introspection_cpp.hpp
[12.788s] -- Installing: /home/marc/conveyor_packages/install/vision_interfaces/lib/libvision_interfaces__rosidl_typesupport_introspection_cpp.so
[12.789s] -- Set non-toolchain portion of runtime path of "/home/marc/conveyor_packages/install/vision_interfaces/lib/libvision_interfaces__rosidl_typesupport_introspection_cpp.so" to ""
[12.789s] -- Installing: /home/marc/conveyor_packages/install/vision_interfaces/lib/libvision_interfaces__rosidl_typesupport_cpp.so
[12.790s] -- Set non-toolchain portion of runtime path of "/home/marc/conveyor_packages/install/vision_interfaces/lib/libvision_interfaces__rosidl_typesupport_cpp.so" to ""
[12.790s] -- Installing: /home/marc/conveyor_packages/install/vision_interfaces/share/vision_interfaces/environment/pythonpath.sh
[12.790s] -- Installing: /home/marc/conveyor_packages/install/vision_interfaces/share/vision_interfaces/environment/pythonpath.dsv
[12.791s] -- Installing: /home/marc/conveyor_packages/install/vision_interfaces/lib/python3.12/site-packages/vision_interfaces-0.0.0-py3.12.egg-info
[12.791s] -- Installing: /home/marc/conveyor_packages/install/vision_interfaces/lib/python3.12/site-packages/vision_interfaces-0.0.0-py3.12.egg-info/PKG-INFO
[12.791s] -- Installing: /home/marc/conveyor_packages/install/vision_interfaces/lib/python3.12/site-packages/vision_interfaces-0.0.0-py3.12.egg-info/SOURCES.txt
[12.792s] -- Installing: /home/marc/conveyor_packages/install/vision_interfaces/lib/python3.12/site-packages/vision_interfaces-0.0.0-py3.12.egg-info/dependency_links.txt
[12.792s] -- Installing: /home/marc/conveyor_packages/install/vision_interfaces/lib/python3.12/site-packages/vision_interfaces-0.0.0-py3.12.egg-info/top_level.txt
[12.792s] -- Installing: /home/marc/conveyor_packages/install/vision_interfaces/lib/python3.12/site-packages/vision_interfaces
[12.793s] -- Installing: /home/marc/conveyor_packages/install/vision_interfaces/lib/python3.12/site-packages/vision_interfaces/_vision_interfaces_s.ep.rosidl_typesupport_introspection_c.c
[12.793s] -- Installing: /home/marc/conveyor_packages/install/vision_interfaces/lib/python3.12/site-packages/vision_interfaces/srv
[12.793s] -- Installing: /home/marc/conveyor_packages/install/vision_interfaces/lib/python3.12/site-packages/vision_interfaces/srv/_get_image_s.c
[12.794s] -- Installing: /home/marc/conveyor_packages/install/vision_interfaces/lib/python3.12/site-packages/vision_interfaces/srv/_get_image.py
[12.794s] -- Installing: /home/marc/conveyor_packages/install/vision_interfaces/lib/python3.12/site-packages/vision_interfaces/srv/_arrange_pallet.py
[12.794s] -- Installing: /home/marc/conveyor_packages/install/vision_interfaces/lib/python3.12/site-packages/vision_interfaces/srv/_detect_boxes_s.c
[12.794s] -- Installing: /home/marc/conveyor_packages/install/vision_interfaces/lib/python3.12/site-packages/vision_interfaces/srv/_detect_boxes.py
[12.795s] -- Installing: /home/marc/conveyor_packages/install/vision_interfaces/lib/python3.12/site-packages/vision_interfaces/srv/__init__.py
[12.795s] -- Installing: /home/marc/conveyor_packages/install/vision_interfaces/lib/python3.12/site-packages/vision_interfaces/srv/_arrange_pallet_s.c
[12.795s] -- Installing: /home/marc/conveyor_packages/install/vision_interfaces/lib/python3.12/site-packages/vision_interfaces/_vision_interfaces_s.ep.rosidl_typesupport_c.c
[12.795s] -- Installing: /home/marc/conveyor_packages/install/vision_interfaces/lib/python3.12/site-packages/vision_interfaces/vision_interfaces_s__rosidl_typesupport_introspection_c.so
[12.796s] -- Installing: /home/marc/conveyor_packages/install/vision_interfaces/lib/python3.12/site-packages/vision_interfaces/vision_interfaces_s__rosidl_typesupport_fastrtps_c.so
[12.796s] -- Installing: /home/marc/conveyor_packages/install/vision_interfaces/lib/python3.12/site-packages/vision_interfaces/vision_interfaces_s__rosidl_typesupport_c.so
[12.796s] -- Installing: /home/marc/conveyor_packages/install/vision_interfaces/lib/python3.12/site-packages/vision_interfaces/__init__.py
[12.796s] -- Installing: /home/marc/conveyor_packages/install/vision_interfaces/lib/python3.12/site-packages/vision_interfaces/_vision_interfaces_s.ep.rosidl_typesupport_fastrtps_c.c
[12.845s] Listing '/home/marc/conveyor_packages/install/vision_interfaces/lib/python3.12/site-packages/vision_interfaces'...
[12.845s] Compiling '/home/marc/conveyor_packages/install/vision_interfaces/lib/python3.12/site-packages/vision_interfaces/__init__.py'...
[12.845s] Listing '/home/marc/conveyor_packages/install/vision_interfaces/lib/python3.12/site-packages/vision_interfaces/srv'...
[12.845s] Compiling '/home/marc/conveyor_packages/install/vision_interfaces/lib/python3.12/site-packages/vision_interfaces/srv/__init__.py'...
[12.845s] Compiling '/home/marc/conveyor_packages/install/vision_interfaces/lib/python3.12/site-packages/vision_interfaces/srv/_arrange_pallet.py'...
[12.845s] Compiling '/home/marc/conveyor_packages/install/vision_interfaces/lib/python3.12/site-packages/vision_interfaces/srv/_detect_boxes.py'...
[12.845s] Compiling '/home/marc/conveyor_packages/install/vision_interfaces/lib/python3.12/site-packages/vision_interfaces/srv/_get_image.py'...
[12.851s] -- Installing: /home/marc/conveyor_packages/install/vision_interfaces/lib/python3.12/site-packages/vision_interfaces/vision_interfaces_s__rosidl_typesupport_fastrtps_c.so
[12.851s] -- Set non-toolchain portion of runtime path of "/home/marc/conveyor_packages/install/vision_interfaces/lib/python3.12/site-packages/vision_interfaces/vision_interfaces_s__rosidl_typesupport_fastrtps_c.so" to ""
[12.851s] -- Installing: /home/marc/conveyor_packages/install/vision_interfaces/lib/python3.12/site-packages/vision_interfaces/vision_interfaces_s__rosidl_typesupport_introspection_c.so
[12.852s] -- Set non-toolchain portion of runtime path of "/home/marc/conveyor_packages/install/vision_interfaces/lib/python3.12/site-packages/vision_interfaces/vision_interfaces_s__rosidl_typesupport_introspection_c.so" to ""
[12.852s] -- Installing: /home/marc/conveyor_packages/install/vision_interfaces/lib/python3.12/site-packages/vision_interfaces/vision_interfaces_s__rosidl_typesupport_c.so
[12.852s] -- Set non-toolchain portion of runtime path of "/home/marc/conveyor_packages/install/vision_interfaces/lib/python3.12/site-packages/vision_interfaces/vision_interfaces_s__rosidl_typesupport_c.so" to ""
[12.852s] -- Installing: /home/marc/conveyor_packages/install/vision_interfaces/lib/libvision_interfaces__rosidl_generator_py.so
[12.852s] -- Set non-toolchain portion of runtime path of "/home/marc/conveyor_packages/install/vision_interfaces/lib/libvision_interfaces__rosidl_generator_py.so" to ""
[12.853s] -- Installing: /home/marc/conveyor_packages/install/vision_interfaces/share/vision_interfaces/srv/DetectBoxes.idl
[12.854s] -- Installing: /home/marc/conveyor_packages/install/vision_interfaces/share/vision_interfaces/srv/GetImage.idl
[12.854s] -- Installing: /home/marc/conveyor_packages/install/vision_interfaces/share/vision_interfaces/srv/ArrangePallet.idl
[12.854s] -- Installing: /home/marc/conveyor_packages/install/vision_interfaces/share/vision_interfaces/srv/DetectBoxes.srv
[12.854s] -- Installing: /home/marc/conveyor_packages/install/vision_interfaces/share/vision_interfaces/srv/GetImage.srv
[12.855s] -- Installing: /home/marc/conveyor_packages/install/vision_interfaces/share/vision_interfaces/srv/ArrangePallet.srv
[12.855s] -- Installing: /home/marc/conveyor_packages/install/vision_interfaces/share/ament_index/resource_index/package_run_dependencies/vision_interfaces
[12.855s] -- Installing: /home/marc/conveyor_packages/install/vision_interfaces/share/ament_index/resource_index/parent_prefix_path/vision_interfaces
[12.855s] -- Installing: /home/marc/conveyor_packages/install/vision_interfaces/share/vision_interfaces/environment/ament_prefix_path.sh
[12.855s] -- Installing: /home/marc/conveyor_packages/install/vision_interfaces/share/vision_interfaces/environment/ament_prefix_path.dsv
[12.855s] -- Installing: /home/marc/conveyor_packages/install/vision_interfaces/share/vision_interfaces/environment/path.sh
[12.855s] -- Installing: /home/marc/conveyor_packages/install/vision_interfaces/share/vision_interfaces/environment/path.dsv
[12.856s] -- Installing: /home/marc/conveyor_packages/install/vision_interfaces/share/vision_interfaces/local_setup.bash
[12.856s] -- Installing: /home/marc/conveyor_packages/install/vision_interfaces/share/vision_interfaces/local_setup.sh
[12.856s] -- Installing: /home/marc/conveyor_packages/install/vision_interfaces/share/vision_interfaces/local_setup.zsh
[12.856s] -- Installing: /home/marc/conveyor_packages/install/vision_interfaces/share/vision_interfaces/local_setup.dsv
[12.856s] -- Installing: /home/marc/conveyor_packages/install/vision_interfaces/share/vision_interfaces/package.dsv
[12.857s] -- Installing: /home/marc/conveyor_packages/install/vision_interfaces/share/ament_index/resource_index/packages/vision_interfaces
[12.858s] -- Installing: /home/marc/conveyor_packages/install/vision_interfaces/share/vision_interfaces/cmake/export_vision_interfaces__rosidl_generator_cExport.cmake
[12.858s] -- Installing: /home/marc/conveyor_packages/install/vision_interfaces/share/vision_interfaces/cmake/export_vision_interfaces__rosidl_generator_cExport-noconfig.cmake
[12.858s] -- Installing: /home/marc/conveyor_packages/install/vision_interfaces/share/vision_interfaces/cmake/export_vision_interfaces__rosidl_typesupport_fastrtps_cExport.cmake
[12.859s] -- Installing: /home/marc/conveyor_packages/install/vision_interfaces/share/vision_interfaces/cmake/export_vision_interfaces__rosidl_typesupport_fastrtps_cExport-noconfig.cmake
[12.859s] -- Installing: /home/marc/conveyor_packages/install/vision_interfaces/share/vision_interfaces/cmake/export_vision_interfaces__rosidl_generator_cppExport.cmake
[12.859s] -- Installing: /home/marc/conveyor_packages/install/vision_interfaces/share/vision_interfaces/cmake/export_vision_interfaces__rosidl_typesupport_fastrtps_cppExport.cmake
[12.859s] -- Installing: /home/marc/conveyor_packages/install/vision_interfaces/share/vision_interfaces/cmake/export_vision_interfaces__rosidl_typesupport_fastrtps_cppExport-noconfig.cmake
[12.859s] -- Installing: /home/marc/conveyor_packages/install/vision_interfaces/share/vision_interfaces/cmake/vision_interfaces__rosidl_typesupport_introspection_cExport.cmake
[12.859s] -- Installing: /home/marc/conveyor_packages/install/vision_interfaces/share/vision_interfaces/cmake/vision_interfaces__rosidl_typesupport_introspection_cExport-noconfig.cmake
[12.860s] -- Installing: /home/marc/conveyor_packages/install/vision_interfaces/share/vision_interfaces/cmake/vision_interfaces__rosidl_typesupport_cExport.cmake
[12.860s] -- Installing: /home/marc/conveyor_packages/install/vision_interfaces/share/vision_interfaces/cmake/vision_interfaces__rosidl_typesupport_cExport-noconfig.cmake
[12.860s] -- Installing: /home/marc/conveyor_packages/install/vision_interfaces/share/vision_interfaces/cmake/vision_interfaces__rosidl_typesupport_introspection_cppExport.cmake
[12.860s] -- Installing: /home/marc/conveyor_packages/install/vision_interfaces/share/vision_interfaces/cmake/vision_interfaces__rosidl_typesupport_introspection_cppExport-noconfig.cmake
[12.860s] -- Installing: /home/marc/conveyor_packages/install/vision_interfaces/share/vision_interfaces/cmake/vision_interfaces__rosidl_typesupport_cppExport.cmake
[12.860s] -- Installing: /home/marc/conveyor_packages/install/vision_interfaces/share/vision_interfaces/cmake/vision_interfaces__rosidl_typesupport_cppExport-noconfig.cmake
[12.860s] -- Installing: /home/marc/conveyor_packages/install/vision_interfaces/share/vision_interfaces/cmake/export_vision_interfaces__rosidl_generator_pyExport.cmake
[12.861s] -- Installing: /home/marc/conveyor_packages/install/vision_interfaces/share/vision_interfaces/cmake/export_vision_interfaces__rosidl_generator_pyExport-noconfig.cmake
[12.862s] -- Installing: /home/marc/conveyor_packages/install/vision_interfaces/share/vision_interfaces/cmake/rosidl_cmake-extras.cmake
[12.862s] -- Installing: /home/marc/conveyor_packages/install/vision_interfaces/share/vision_interfaces/cmake/ament_cmake_export_dependencies-extras.cmake
[12.862s] -- Installing: /home/marc/conveyor_packages/install/vision_interfaces/share/vision_interfaces/cmake/ament_cmake_export_include_directories-extras.cmake
[12.862s] -- Installing: /home/marc/conveyor_packages/install/vision_interfaces/share/vision_interfaces/cmake/ament_cmake_export_libraries-extras.cmake
[12.862s] -- Installing: /home/marc/conveyor_packages/install/vision_interfaces/share/vision_interfaces/cmake/ament_cmake_export_targets-extras.cmake
[12.862s] -- Installing: /home/marc/conveyor_packages/install/vision_interfaces/share/vision_interfaces/cmake/rosidl_cmake_export_typesupport_targets-extras.cmake
[12.862s] -- Installing: /home/marc/conveyor_packages/install/vision_interfaces/share/vision_interfaces/cmake/rosidl_cmake_export_typesupport_libraries-extras.cmake
[12.862s] -- Installing: /home/marc/conveyor_packages/install/vision_interfaces/share/vision_interfaces/cmake/vision_interfacesConfig.cmake
[12.862s] -- Installing: /home/marc/conveyor_packages/install/vision_interfaces/share/vision_interfaces/cmake/vision_interfacesConfig-version.cmake
[12.863s] -- Installing: /home/marc/conveyor_packages/install/vision_interfaces/share/vision_interfaces/package.xml
[12.866s] Invoked command in '/home/marc/conveyor_packages/build/vision_interfaces' returned '0': CMAKE_PREFIX_PATH=${CMAKE_PREFIX_PATH}:/opt/ros/jazzy /usr/bin/cmake --install /home/marc/conveyor_packages/build/vision_interfaces
