[  1%] Built target vision_interfaces__rosidl_generator_type_description
[  1%] Built target ament_cmake_python_copy_vision_interfaces
[  3%] Built target vision_interfaces__cpp
[ 24%] Built target vision_interfaces__rosidl_generator_c
[ 33%] Built target vision_interfaces__rosidl_typesupport_c
[ 42%] Built target vision_interfaces__rosidl_typesupport_introspection_cpp
[ 51%] Built target vision_interfaces__rosidl_typesupport_introspection_c
[ 61%] Built target vision_interfaces__rosidl_typesupport_cpp
[ 70%] Built target vision_interfaces__rosidl_typesupport_fastrtps_cpp
[ 79%] Built target vision_interfaces__rosidl_typesupport_fastrtps_c
[ 79%] Built target vision_interfaces
[ 81%] Built target vision_interfaces__py
[ 88%] Built target vision_interfaces__rosidl_generator_py
[ 92%] Built target vision_interfaces_s__rosidl_typesupport_fastrtps_c
[100%] Built target vision_interfaces_s__rosidl_typesupport_introspection_c
[100%] Built target vision_interfaces_s__rosidl_typesupport_c
running egg_info
writing vision_interfaces.egg-info/PKG-INFO
writing dependency_links to vision_interfaces.egg-info/dependency_links.txt
writing top-level names to vision_interfaces.egg-info/top_level.txt
reading manifest file 'vision_interfaces.egg-info/SOURCES.txt'
writing manifest file 'vision_interfaces.egg-info/SOURCES.txt'
[100%] Built target ament_cmake_python_build_vision_interfaces_egg
-- Install configuration: ""
-- Up-to-date: /home/marc/conveyor_packages/install/vision_interfaces/share/ament_index/resource_index/rosidl_interfaces/vision_interfaces
-- Up-to-date: /home/marc/conveyor_packages/install/vision_interfaces/share/vision_interfaces/srv/DetectBoxes.json
-- Up-to-date: /home/marc/conveyor_packages/install/vision_interfaces/share/vision_interfaces/srv/GetImage.json
-- Up-to-date: /home/marc/conveyor_packages/install/vision_interfaces/share/vision_interfaces/srv/ArrangePallet.json
-- Up-to-date: /home/marc/conveyor_packages/install/vision_interfaces/include/vision_interfaces/vision_interfaces
-- Up-to-date: /home/marc/conveyor_packages/install/vision_interfaces/include/vision_interfaces/vision_interfaces/msg
-- Up-to-date: /home/marc/conveyor_packages/install/vision_interfaces/include/vision_interfaces/vision_interfaces/msg/rosidl_generator_c__visibility_control.h
-- Up-to-date: /home/marc/conveyor_packages/install/vision_interfaces/include/vision_interfaces/vision_interfaces/srv
-- Up-to-date: /home/marc/conveyor_packages/install/vision_interfaces/include/vision_interfaces/vision_interfaces/srv/detect_boxes.h
-- Up-to-date: /home/marc/conveyor_packages/install/vision_interfaces/include/vision_interfaces/vision_interfaces/srv/detail
-- Up-to-date: /home/marc/conveyor_packages/install/vision_interfaces/include/vision_interfaces/vision_interfaces/srv/detail/arrange_pallet__type_support.h
-- Up-to-date: /home/marc/conveyor_packages/install/vision_interfaces/include/vision_interfaces/vision_interfaces/srv/detail/detect_boxes__type_support.c
-- Up-to-date: /home/marc/conveyor_packages/install/vision_interfaces/include/vision_interfaces/vision_interfaces/srv/detail/detect_boxes__functions.h
-- Up-to-date: /home/marc/conveyor_packages/install/vision_interfaces/include/vision_interfaces/vision_interfaces/srv/detail/arrange_pallet__type_support.c
-- Up-to-date: /home/marc/conveyor_packages/install/vision_interfaces/include/vision_interfaces/vision_interfaces/srv/detail/arrange_pallet__description.c
-- Up-to-date: /home/marc/conveyor_packages/install/vision_interfaces/include/vision_interfaces/vision_interfaces/srv/detail/get_image__type_support.c
-- Up-to-date: /home/marc/conveyor_packages/install/vision_interfaces/include/vision_interfaces/vision_interfaces/srv/detail/detect_boxes__type_support.h
-- Up-to-date: /home/marc/conveyor_packages/install/vision_interfaces/include/vision_interfaces/vision_interfaces/srv/detail/arrange_pallet__functions.h
-- Up-to-date: /home/marc/conveyor_packages/install/vision_interfaces/include/vision_interfaces/vision_interfaces/srv/detail/detect_boxes__description.c
-- Up-to-date: /home/marc/conveyor_packages/install/vision_interfaces/include/vision_interfaces/vision_interfaces/srv/detail/get_image__functions.c
-- Up-to-date: /home/marc/conveyor_packages/install/vision_interfaces/include/vision_interfaces/vision_interfaces/srv/detail/get_image__type_support.h
-- Up-to-date: /home/marc/conveyor_packages/install/vision_interfaces/include/vision_interfaces/vision_interfaces/srv/detail/arrange_pallet__struct.h
-- Up-to-date: /home/marc/conveyor_packages/install/vision_interfaces/include/vision_interfaces/vision_interfaces/srv/detail/detect_boxes__struct.h
-- Up-to-date: /home/marc/conveyor_packages/install/vision_interfaces/include/vision_interfaces/vision_interfaces/srv/detail/get_image__struct.h
-- Up-to-date: /home/marc/conveyor_packages/install/vision_interfaces/include/vision_interfaces/vision_interfaces/srv/detail/get_image__description.c
-- Up-to-date: /home/marc/conveyor_packages/install/vision_interfaces/include/vision_interfaces/vision_interfaces/srv/detail/get_image__functions.h
-- Up-to-date: /home/marc/conveyor_packages/install/vision_interfaces/include/vision_interfaces/vision_interfaces/srv/detail/detect_boxes__functions.c
-- Up-to-date: /home/marc/conveyor_packages/install/vision_interfaces/include/vision_interfaces/vision_interfaces/srv/detail/arrange_pallet__functions.c
-- Up-to-date: /home/marc/conveyor_packages/install/vision_interfaces/include/vision_interfaces/vision_interfaces/srv/arrange_pallet.h
-- Up-to-date: /home/marc/conveyor_packages/install/vision_interfaces/include/vision_interfaces/vision_interfaces/srv/get_image.h
-- Up-to-date: /home/marc/conveyor_packages/install/vision_interfaces/share/vision_interfaces/environment/library_path.sh
-- Up-to-date: /home/marc/conveyor_packages/install/vision_interfaces/share/vision_interfaces/environment/library_path.dsv
-- Up-to-date: /home/marc/conveyor_packages/install/vision_interfaces/lib/libvision_interfaces__rosidl_generator_c.so
-- Up-to-date: /home/marc/conveyor_packages/install/vision_interfaces/include/vision_interfaces/vision_interfaces
-- Up-to-date: /home/marc/conveyor_packages/install/vision_interfaces/include/vision_interfaces/vision_interfaces/msg
-- Up-to-date: /home/marc/conveyor_packages/install/vision_interfaces/include/vision_interfaces/vision_interfaces/msg/rosidl_typesupport_fastrtps_c__visibility_control.h
-- Up-to-date: /home/marc/conveyor_packages/install/vision_interfaces/include/vision_interfaces/vision_interfaces/srv
-- Up-to-date: /home/marc/conveyor_packages/install/vision_interfaces/include/vision_interfaces/vision_interfaces/srv/detail
-- Up-to-date: /home/marc/conveyor_packages/install/vision_interfaces/include/vision_interfaces/vision_interfaces/srv/detail/get_image__rosidl_typesupport_fastrtps_c.h
-- Up-to-date: /home/marc/conveyor_packages/install/vision_interfaces/include/vision_interfaces/vision_interfaces/srv/detail/detect_boxes__rosidl_typesupport_fastrtps_c.h
-- Up-to-date: /home/marc/conveyor_packages/install/vision_interfaces/include/vision_interfaces/vision_interfaces/srv/detail/arrange_pallet__rosidl_typesupport_fastrtps_c.h
-- Up-to-date: /home/marc/conveyor_packages/install/vision_interfaces/lib/libvision_interfaces__rosidl_typesupport_fastrtps_c.so
-- Up-to-date: /home/marc/conveyor_packages/install/vision_interfaces/include/vision_interfaces/vision_interfaces
-- Up-to-date: /home/marc/conveyor_packages/install/vision_interfaces/include/vision_interfaces/vision_interfaces/msg
-- Up-to-date: /home/marc/conveyor_packages/install/vision_interfaces/include/vision_interfaces/vision_interfaces/msg/rosidl_generator_cpp__visibility_control.hpp
-- Up-to-date: /home/marc/conveyor_packages/install/vision_interfaces/include/vision_interfaces/vision_interfaces/srv
-- Up-to-date: /home/marc/conveyor_packages/install/vision_interfaces/include/vision_interfaces/vision_interfaces/srv/arrange_pallet.hpp
-- Up-to-date: /home/marc/conveyor_packages/install/vision_interfaces/include/vision_interfaces/vision_interfaces/srv/detail
-- Up-to-date: /home/marc/conveyor_packages/install/vision_interfaces/include/vision_interfaces/vision_interfaces/srv/detail/arrange_pallet__builder.hpp
-- Up-to-date: /home/marc/conveyor_packages/install/vision_interfaces/include/vision_interfaces/vision_interfaces/srv/detail/arrange_pallet__struct.hpp
-- Up-to-date: /home/marc/conveyor_packages/install/vision_interfaces/include/vision_interfaces/vision_interfaces/srv/detail/detect_boxes__builder.hpp
-- Up-to-date: /home/marc/conveyor_packages/install/vision_interfaces/include/vision_interfaces/vision_interfaces/srv/detail/arrange_pallet__type_support.hpp
-- Up-to-date: /home/marc/conveyor_packages/install/vision_interfaces/include/vision_interfaces/vision_interfaces/srv/detail/arrange_pallet__traits.hpp
-- Up-to-date: /home/marc/conveyor_packages/install/vision_interfaces/include/vision_interfaces/vision_interfaces/srv/detail/detect_boxes__traits.hpp
-- Up-to-date: /home/marc/conveyor_packages/install/vision_interfaces/include/vision_interfaces/vision_interfaces/srv/detail/get_image__type_support.hpp
-- Up-to-date: /home/marc/conveyor_packages/install/vision_interfaces/include/vision_interfaces/vision_interfaces/srv/detail/get_image__struct.hpp
-- Up-to-date: /home/marc/conveyor_packages/install/vision_interfaces/include/vision_interfaces/vision_interfaces/srv/detail/detect_boxes__type_support.hpp
-- Up-to-date: /home/marc/conveyor_packages/install/vision_interfaces/include/vision_interfaces/vision_interfaces/srv/detail/get_image__builder.hpp
-- Up-to-date: /home/marc/conveyor_packages/install/vision_interfaces/include/vision_interfaces/vision_interfaces/srv/detail/detect_boxes__struct.hpp
-- Up-to-date: /home/marc/conveyor_packages/install/vision_interfaces/include/vision_interfaces/vision_interfaces/srv/detail/get_image__traits.hpp
-- Up-to-date: /home/marc/conveyor_packages/install/vision_interfaces/include/vision_interfaces/vision_interfaces/srv/detect_boxes.hpp
-- Up-to-date: /home/marc/conveyor_packages/install/vision_interfaces/include/vision_interfaces/vision_interfaces/srv/get_image.hpp
-- Up-to-date: /home/marc/conveyor_packages/install/vision_interfaces/include/vision_interfaces/vision_interfaces
-- Up-to-date: /home/marc/conveyor_packages/install/vision_interfaces/include/vision_interfaces/vision_interfaces/msg
-- Up-to-date: /home/marc/conveyor_packages/install/vision_interfaces/include/vision_interfaces/vision_interfaces/msg/rosidl_typesupport_fastrtps_cpp__visibility_control.h
-- Up-to-date: /home/marc/conveyor_packages/install/vision_interfaces/include/vision_interfaces/vision_interfaces/srv
-- Up-to-date: /home/marc/conveyor_packages/install/vision_interfaces/include/vision_interfaces/vision_interfaces/srv/detail
-- Up-to-date: /home/marc/conveyor_packages/install/vision_interfaces/include/vision_interfaces/vision_interfaces/srv/detail/dds_fastrtps
-- Up-to-date: /home/marc/conveyor_packages/install/vision_interfaces/include/vision_interfaces/vision_interfaces/srv/detail/arrange_pallet__rosidl_typesupport_fastrtps_cpp.hpp
-- Up-to-date: /home/marc/conveyor_packages/install/vision_interfaces/include/vision_interfaces/vision_interfaces/srv/detail/detect_boxes__rosidl_typesupport_fastrtps_cpp.hpp
-- Up-to-date: /home/marc/conveyor_packages/install/vision_interfaces/include/vision_interfaces/vision_interfaces/srv/detail/get_image__rosidl_typesupport_fastrtps_cpp.hpp
-- Up-to-date: /home/marc/conveyor_packages/install/vision_interfaces/lib/libvision_interfaces__rosidl_typesupport_fastrtps_cpp.so
-- Up-to-date: /home/marc/conveyor_packages/install/vision_interfaces/include/vision_interfaces/vision_interfaces
-- Up-to-date: /home/marc/conveyor_packages/install/vision_interfaces/include/vision_interfaces/vision_interfaces/msg
-- Up-to-date: /home/marc/conveyor_packages/install/vision_interfaces/include/vision_interfaces/vision_interfaces/msg/rosidl_typesupport_introspection_c__visibility_control.h
-- Up-to-date: /home/marc/conveyor_packages/install/vision_interfaces/include/vision_interfaces/vision_interfaces/srv
-- Up-to-date: /home/marc/conveyor_packages/install/vision_interfaces/include/vision_interfaces/vision_interfaces/srv/detail
-- Up-to-date: /home/marc/conveyor_packages/install/vision_interfaces/include/vision_interfaces/vision_interfaces/srv/detail/detect_boxes__type_support.c
-- Up-to-date: /home/marc/conveyor_packages/install/vision_interfaces/include/vision_interfaces/vision_interfaces/srv/detail/arrange_pallet__type_support.c
-- Up-to-date: /home/marc/conveyor_packages/install/vision_interfaces/include/vision_interfaces/vision_interfaces/srv/detail/get_image__type_support.c
-- Up-to-date: /home/marc/conveyor_packages/install/vision_interfaces/include/vision_interfaces/vision_interfaces/srv/detail/arrange_pallet__rosidl_typesupport_introspection_c.h
-- Up-to-date: /home/marc/conveyor_packages/install/vision_interfaces/include/vision_interfaces/vision_interfaces/srv/detail/detect_boxes__rosidl_typesupport_introspection_c.h
-- Up-to-date: /home/marc/conveyor_packages/install/vision_interfaces/include/vision_interfaces/vision_interfaces/srv/detail/get_image__rosidl_typesupport_introspection_c.h
-- Up-to-date: /home/marc/conveyor_packages/install/vision_interfaces/lib/libvision_interfaces__rosidl_typesupport_introspection_c.so
-- Up-to-date: /home/marc/conveyor_packages/install/vision_interfaces/lib/libvision_interfaces__rosidl_typesupport_c.so
-- Up-to-date: /home/marc/conveyor_packages/install/vision_interfaces/include/vision_interfaces/vision_interfaces
-- Up-to-date: /home/marc/conveyor_packages/install/vision_interfaces/include/vision_interfaces/vision_interfaces/srv
-- Up-to-date: /home/marc/conveyor_packages/install/vision_interfaces/include/vision_interfaces/vision_interfaces/srv/detail
-- Up-to-date: /home/marc/conveyor_packages/install/vision_interfaces/include/vision_interfaces/vision_interfaces/srv/detail/detect_boxes__type_support.cpp
-- Up-to-date: /home/marc/conveyor_packages/install/vision_interfaces/include/vision_interfaces/vision_interfaces/srv/detail/get_image__rosidl_typesupport_introspection_cpp.hpp
-- Up-to-date: /home/marc/conveyor_packages/install/vision_interfaces/include/vision_interfaces/vision_interfaces/srv/detail/detect_boxes__rosidl_typesupport_introspection_cpp.hpp
-- Up-to-date: /home/marc/conveyor_packages/install/vision_interfaces/include/vision_interfaces/vision_interfaces/srv/detail/get_image__type_support.cpp
-- Up-to-date: /home/marc/conveyor_packages/install/vision_interfaces/include/vision_interfaces/vision_interfaces/srv/detail/arrange_pallet__type_support.cpp
-- Up-to-date: /home/marc/conveyor_packages/install/vision_interfaces/include/vision_interfaces/vision_interfaces/srv/detail/arrange_pallet__rosidl_typesupport_introspection_cpp.hpp
-- Up-to-date: /home/marc/conveyor_packages/install/vision_interfaces/lib/libvision_interfaces__rosidl_typesupport_introspection_cpp.so
-- Up-to-date: /home/marc/conveyor_packages/install/vision_interfaces/lib/libvision_interfaces__rosidl_typesupport_cpp.so
-- Up-to-date: /home/marc/conveyor_packages/install/vision_interfaces/share/vision_interfaces/environment/pythonpath.sh
-- Up-to-date: /home/marc/conveyor_packages/install/vision_interfaces/share/vision_interfaces/environment/pythonpath.dsv
-- Up-to-date: /home/marc/conveyor_packages/install/vision_interfaces/lib/python3.12/site-packages/vision_interfaces-0.0.0-py3.12.egg-info
-- Installing: /home/marc/conveyor_packages/install/vision_interfaces/lib/python3.12/site-packages/vision_interfaces-0.0.0-py3.12.egg-info/PKG-INFO
-- Installing: /home/marc/conveyor_packages/install/vision_interfaces/lib/python3.12/site-packages/vision_interfaces-0.0.0-py3.12.egg-info/SOURCES.txt
-- Installing: /home/marc/conveyor_packages/install/vision_interfaces/lib/python3.12/site-packages/vision_interfaces-0.0.0-py3.12.egg-info/dependency_links.txt
-- Installing: /home/marc/conveyor_packages/install/vision_interfaces/lib/python3.12/site-packages/vision_interfaces-0.0.0-py3.12.egg-info/top_level.txt
-- Up-to-date: /home/marc/conveyor_packages/install/vision_interfaces/lib/python3.12/site-packages/vision_interfaces
-- Up-to-date: /home/marc/conveyor_packages/install/vision_interfaces/lib/python3.12/site-packages/vision_interfaces/_vision_interfaces_s.ep.rosidl_typesupport_introspection_c.c
-- Up-to-date: /home/marc/conveyor_packages/install/vision_interfaces/lib/python3.12/site-packages/vision_interfaces/srv
-- Up-to-date: /home/marc/conveyor_packages/install/vision_interfaces/lib/python3.12/site-packages/vision_interfaces/srv/_get_image_s.c
-- Up-to-date: /home/marc/conveyor_packages/install/vision_interfaces/lib/python3.12/site-packages/vision_interfaces/srv/_get_image.py
-- Up-to-date: /home/marc/conveyor_packages/install/vision_interfaces/lib/python3.12/site-packages/vision_interfaces/srv/_arrange_pallet.py
-- Up-to-date: /home/marc/conveyor_packages/install/vision_interfaces/lib/python3.12/site-packages/vision_interfaces/srv/_detect_boxes_s.c
-- Up-to-date: /home/marc/conveyor_packages/install/vision_interfaces/lib/python3.12/site-packages/vision_interfaces/srv/_detect_boxes.py
-- Up-to-date: /home/marc/conveyor_packages/install/vision_interfaces/lib/python3.12/site-packages/vision_interfaces/srv/__init__.py
-- Up-to-date: /home/marc/conveyor_packages/install/vision_interfaces/lib/python3.12/site-packages/vision_interfaces/srv/_arrange_pallet_s.c
-- Up-to-date: /home/marc/conveyor_packages/install/vision_interfaces/lib/python3.12/site-packages/vision_interfaces/_vision_interfaces_s.ep.rosidl_typesupport_c.c
-- Up-to-date: /home/marc/conveyor_packages/install/vision_interfaces/lib/python3.12/site-packages/vision_interfaces/vision_interfaces_s__rosidl_typesupport_introspection_c.so
-- Up-to-date: /home/marc/conveyor_packages/install/vision_interfaces/lib/python3.12/site-packages/vision_interfaces/vision_interfaces_s__rosidl_typesupport_fastrtps_c.so
-- Up-to-date: /home/marc/conveyor_packages/install/vision_interfaces/lib/python3.12/site-packages/vision_interfaces/vision_interfaces_s__rosidl_typesupport_c.so
-- Up-to-date: /home/marc/conveyor_packages/install/vision_interfaces/lib/python3.12/site-packages/vision_interfaces/__init__.py
-- Up-to-date: /home/marc/conveyor_packages/install/vision_interfaces/lib/python3.12/site-packages/vision_interfaces/_vision_interfaces_s.ep.rosidl_typesupport_fastrtps_c.c
Listing '/home/marc/conveyor_packages/install/vision_interfaces/lib/python3.12/site-packages/vision_interfaces'...
Listing '/home/marc/conveyor_packages/install/vision_interfaces/lib/python3.12/site-packages/vision_interfaces/srv'...
-- Up-to-date: /home/marc/conveyor_packages/install/vision_interfaces/lib/python3.12/site-packages/vision_interfaces/vision_interfaces_s__rosidl_typesupport_fastrtps_c.so
-- Up-to-date: /home/marc/conveyor_packages/install/vision_interfaces/lib/python3.12/site-packages/vision_interfaces/vision_interfaces_s__rosidl_typesupport_introspection_c.so
-- Up-to-date: /home/marc/conveyor_packages/install/vision_interfaces/lib/python3.12/site-packages/vision_interfaces/vision_interfaces_s__rosidl_typesupport_c.so
-- Up-to-date: /home/marc/conveyor_packages/install/vision_interfaces/lib/libvision_interfaces__rosidl_generator_py.so
-- Up-to-date: /home/marc/conveyor_packages/install/vision_interfaces/share/vision_interfaces/srv/DetectBoxes.idl
-- Up-to-date: /home/marc/conveyor_packages/install/vision_interfaces/share/vision_interfaces/srv/GetImage.idl
-- Up-to-date: /home/marc/conveyor_packages/install/vision_interfaces/share/vision_interfaces/srv/ArrangePallet.idl
-- Up-to-date: /home/marc/conveyor_packages/install/vision_interfaces/share/vision_interfaces/srv/DetectBoxes.srv
-- Up-to-date: /home/marc/conveyor_packages/install/vision_interfaces/share/vision_interfaces/srv/GetImage.srv
-- Up-to-date: /home/marc/conveyor_packages/install/vision_interfaces/share/vision_interfaces/srv/ArrangePallet.srv
-- Up-to-date: /home/marc/conveyor_packages/install/vision_interfaces/share/ament_index/resource_index/package_run_dependencies/vision_interfaces
-- Up-to-date: /home/marc/conveyor_packages/install/vision_interfaces/share/ament_index/resource_index/parent_prefix_path/vision_interfaces
-- Up-to-date: /home/marc/conveyor_packages/install/vision_interfaces/share/vision_interfaces/environment/ament_prefix_path.sh
-- Up-to-date: /home/marc/conveyor_packages/install/vision_interfaces/share/vision_interfaces/environment/ament_prefix_path.dsv
-- Up-to-date: /home/marc/conveyor_packages/install/vision_interfaces/share/vision_interfaces/environment/path.sh
-- Up-to-date: /home/marc/conveyor_packages/install/vision_interfaces/share/vision_interfaces/environment/path.dsv
-- Up-to-date: /home/marc/conveyor_packages/install/vision_interfaces/share/vision_interfaces/local_setup.bash
-- Up-to-date: /home/marc/conveyor_packages/install/vision_interfaces/share/vision_interfaces/local_setup.sh
-- Up-to-date: /home/marc/conveyor_packages/install/vision_interfaces/share/vision_interfaces/local_setup.zsh
-- Up-to-date: /home/marc/conveyor_packages/install/vision_interfaces/share/vision_interfaces/local_setup.dsv
-- Installing: /home/marc/conveyor_packages/install/vision_interfaces/share/vision_interfaces/package.dsv
-- Up-to-date: /home/marc/conveyor_packages/install/vision_interfaces/share/ament_index/resource_index/packages/vision_interfaces
-- Up-to-date: /home/marc/conveyor_packages/install/vision_interfaces/share/vision_interfaces/cmake/export_vision_interfaces__rosidl_generator_cExport.cmake
-- Up-to-date: /home/marc/conveyor_packages/install/vision_interfaces/share/vision_interfaces/cmake/export_vision_interfaces__rosidl_generator_cExport-noconfig.cmake
-- Up-to-date: /home/marc/conveyor_packages/install/vision_interfaces/share/vision_interfaces/cmake/export_vision_interfaces__rosidl_typesupport_fastrtps_cExport.cmake
-- Up-to-date: /home/marc/conveyor_packages/install/vision_interfaces/share/vision_interfaces/cmake/export_vision_interfaces__rosidl_typesupport_fastrtps_cExport-noconfig.cmake
-- Up-to-date: /home/marc/conveyor_packages/install/vision_interfaces/share/vision_interfaces/cmake/export_vision_interfaces__rosidl_generator_cppExport.cmake
-- Up-to-date: /home/marc/conveyor_packages/install/vision_interfaces/share/vision_interfaces/cmake/export_vision_interfaces__rosidl_typesupport_fastrtps_cppExport.cmake
-- Up-to-date: /home/marc/conveyor_packages/install/vision_interfaces/share/vision_interfaces/cmake/export_vision_interfaces__rosidl_typesupport_fastrtps_cppExport-noconfig.cmake
-- Up-to-date: /home/marc/conveyor_packages/install/vision_interfaces/share/vision_interfaces/cmake/vision_interfaces__rosidl_typesupport_introspection_cExport.cmake
-- Up-to-date: /home/marc/conveyor_packages/install/vision_interfaces/share/vision_interfaces/cmake/vision_interfaces__rosidl_typesupport_introspection_cExport-noconfig.cmake
-- Up-to-date: /home/marc/conveyor_packages/install/vision_interfaces/share/vision_interfaces/cmake/vision_interfaces__rosidl_typesupport_cExport.cmake
-- Up-to-date: /home/marc/conveyor_packages/install/vision_interfaces/share/vision_interfaces/cmake/vision_interfaces__rosidl_typesupport_cExport-noconfig.cmake
-- Up-to-date: /home/marc/conveyor_packages/install/vision_interfaces/share/vision_interfaces/cmake/vision_interfaces__rosidl_typesupport_introspection_cppExport.cmake
-- Up-to-date: /home/marc/conveyor_packages/install/vision_interfaces/share/vision_interfaces/cmake/vision_interfaces__rosidl_typesupport_introspection_cppExport-noconfig.cmake
-- Up-to-date: /home/marc/conveyor_packages/install/vision_interfaces/share/vision_interfaces/cmake/vision_interfaces__rosidl_typesupport_cppExport.cmake
-- Up-to-date: /home/marc/conveyor_packages/install/vision_interfaces/share/vision_interfaces/cmake/vision_interfaces__rosidl_typesupport_cppExport-noconfig.cmake
-- Up-to-date: /home/marc/conveyor_packages/install/vision_interfaces/share/vision_interfaces/cmake/export_vision_interfaces__rosidl_generator_pyExport.cmake
-- Up-to-date: /home/marc/conveyor_packages/install/vision_interfaces/share/vision_interfaces/cmake/export_vision_interfaces__rosidl_generator_pyExport-noconfig.cmake
-- Up-to-date: /home/marc/conveyor_packages/install/vision_interfaces/share/vision_interfaces/cmake/rosidl_cmake-extras.cmake
-- Up-to-date: /home/marc/conveyor_packages/install/vision_interfaces/share/vision_interfaces/cmake/ament_cmake_export_dependencies-extras.cmake
-- Up-to-date: /home/marc/conveyor_packages/install/vision_interfaces/share/vision_interfaces/cmake/ament_cmake_export_include_directories-extras.cmake
-- Up-to-date: /home/marc/conveyor_packages/install/vision_interfaces/share/vision_interfaces/cmake/ament_cmake_export_libraries-extras.cmake
-- Up-to-date: /home/marc/conveyor_packages/install/vision_interfaces/share/vision_interfaces/cmake/ament_cmake_export_targets-extras.cmake
-- Up-to-date: /home/marc/conveyor_packages/install/vision_interfaces/share/vision_interfaces/cmake/rosidl_cmake_export_typesupport_targets-extras.cmake
-- Up-to-date: /home/marc/conveyor_packages/install/vision_interfaces/share/vision_interfaces/cmake/rosidl_cmake_export_typesupport_libraries-extras.cmake
-- Up-to-date: /home/marc/conveyor_packages/install/vision_interfaces/share/vision_interfaces/cmake/vision_interfacesConfig.cmake
-- Up-to-date: /home/marc/conveyor_packages/install/vision_interfaces/share/vision_interfaces/cmake/vision_interfacesConfig-version.cmake
-- Up-to-date: /home/marc/conveyor_packages/install/vision_interfaces/share/vision_interfaces/package.xml
