[0.012s] Invoking command in '/home/marc/conveyor_packages/build/vision_interfaces': CMAKE_PREFIX_PATH=${CMAKE_PREFIX_PATH}:/opt/ros/jazzy /usr/bin/cmake --build /home/marc/conveyor_packages/build/vision_interfaces -- -j20 -l20
[0.063s] [  1%] Built target vision_interfaces__rosidl_generator_type_description
[0.075s] [  1%] Built target ament_cmake_python_copy_vision_interfaces
[0.087s] [  3%] Built target vision_interfaces__cpp
[0.092s] [ 24%] Built target vision_interfaces__rosidl_generator_c
[0.129s] [ 33%] Built target vision_interfaces__rosidl_typesupport_c
[0.133s] [ 42%] Built target vision_interfaces__rosidl_typesupport_introspection_cpp
[0.134s] [ 51%] Built target vision_interfaces__rosidl_typesupport_introspection_c
[0.136s] [ 61%] Built target vision_interfaces__rosidl_typesupport_cpp
[0.137s] [ 70%] Built target vision_interfaces__rosidl_typesupport_fastrtps_cpp
[0.140s] [ 79%] Built target vision_interfaces__rosidl_typesupport_fastrtps_c
[0.160s] [ 79%] Built target vision_interfaces
[0.183s] [ 81%] Built target vision_interfaces__py
[0.215s] [ 88%] Built target vision_interfaces__rosidl_generator_py
[0.249s] [ 92%] Built target vision_interfaces_s__rosidl_typesupport_fastrtps_c
[0.249s] [100%] Built target vision_interfaces_s__rosidl_typesupport_introspection_c
[0.249s] [100%] Built target vision_interfaces_s__rosidl_typesupport_c
[0.324s] running egg_info
[0.345s] writing vision_interfaces.egg-info/PKG-INFO
[0.345s] writing dependency_links to vision_interfaces.egg-info/dependency_links.txt
[0.346s] writing top-level names to vision_interfaces.egg-info/top_level.txt
[0.390s] reading manifest file 'vision_interfaces.egg-info/SOURCES.txt'
[0.391s] writing manifest file 'vision_interfaces.egg-info/SOURCES.txt'
[0.418s] [100%] Built target ament_cmake_python_build_vision_interfaces_egg
[0.432s] Invoked command in '/home/marc/conveyor_packages/build/vision_interfaces' returned '0': CMAKE_PREFIX_PATH=${CMAKE_PREFIX_PATH}:/opt/ros/jazzy /usr/bin/cmake --build /home/marc/conveyor_packages/build/vision_interfaces -- -j20 -l20
[0.444s] Invoking command in '/home/marc/conveyor_packages/build/vision_interfaces': CMAKE_PREFIX_PATH=${CMAKE_PREFIX_PATH}:/opt/ros/jazzy /usr/bin/cmake --install /home/marc/conveyor_packages/build/vision_interfaces
[0.451s] -- Install configuration: ""
[0.452s] -- Up-to-date: /home/marc/conveyor_packages/install/vision_interfaces/share/ament_index/resource_index/rosidl_interfaces/vision_interfaces
[0.452s] -- Up-to-date: /home/marc/conveyor_packages/install/vision_interfaces/share/vision_interfaces/srv/DetectBoxes.json
[0.452s] -- Up-to-date: /home/marc/conveyor_packages/install/vision_interfaces/share/vision_interfaces/srv/GetImage.json
[0.452s] -- Up-to-date: /home/marc/conveyor_packages/install/vision_interfaces/share/vision_interfaces/srv/ArrangePallet.json
[0.452s] -- Up-to-date: /home/marc/conveyor_packages/install/vision_interfaces/include/vision_interfaces/vision_interfaces
[0.452s] -- Up-to-date: /home/marc/conveyor_packages/install/vision_interfaces/include/vision_interfaces/vision_interfaces/msg
[0.453s] -- Up-to-date: /home/marc/conveyor_packages/install/vision_interfaces/include/vision_interfaces/vision_interfaces/msg/rosidl_generator_c__visibility_control.h
[0.453s] -- Up-to-date: /home/marc/conveyor_packages/install/vision_interfaces/include/vision_interfaces/vision_interfaces/srv
[0.453s] -- Up-to-date: /home/marc/conveyor_packages/install/vision_interfaces/include/vision_interfaces/vision_interfaces/srv/detect_boxes.h
[0.453s] -- Up-to-date: /home/marc/conveyor_packages/install/vision_interfaces/include/vision_interfaces/vision_interfaces/srv/detail
[0.453s] -- Up-to-date: /home/marc/conveyor_packages/install/vision_interfaces/include/vision_interfaces/vision_interfaces/srv/detail/arrange_pallet__type_support.h
[0.453s] -- Up-to-date: /home/marc/conveyor_packages/install/vision_interfaces/include/vision_interfaces/vision_interfaces/srv/detail/detect_boxes__type_support.c
[0.453s] -- Up-to-date: /home/marc/conveyor_packages/install/vision_interfaces/include/vision_interfaces/vision_interfaces/srv/detail/detect_boxes__functions.h
[0.454s] -- Up-to-date: /home/marc/conveyor_packages/install/vision_interfaces/include/vision_interfaces/vision_interfaces/srv/detail/arrange_pallet__type_support.c
[0.454s] -- Up-to-date: /home/marc/conveyor_packages/install/vision_interfaces/include/vision_interfaces/vision_interfaces/srv/detail/arrange_pallet__description.c
[0.454s] -- Up-to-date: /home/marc/conveyor_packages/install/vision_interfaces/include/vision_interfaces/vision_interfaces/srv/detail/get_image__type_support.c
[0.454s] -- Up-to-date: /home/marc/conveyor_packages/install/vision_interfaces/include/vision_interfaces/vision_interfaces/srv/detail/detect_boxes__type_support.h
[0.454s] -- Up-to-date: /home/marc/conveyor_packages/install/vision_interfaces/include/vision_interfaces/vision_interfaces/srv/detail/arrange_pallet__functions.h
[0.454s] -- Up-to-date: /home/marc/conveyor_packages/install/vision_interfaces/include/vision_interfaces/vision_interfaces/srv/detail/detect_boxes__description.c
[0.455s] -- Up-to-date: /home/marc/conveyor_packages/install/vision_interfaces/include/vision_interfaces/vision_interfaces/srv/detail/get_image__functions.c
[0.455s] -- Up-to-date: /home/marc/conveyor_packages/install/vision_interfaces/include/vision_interfaces/vision_interfaces/srv/detail/get_image__type_support.h
[0.455s] -- Up-to-date: /home/marc/conveyor_packages/install/vision_interfaces/include/vision_interfaces/vision_interfaces/srv/detail/arrange_pallet__struct.h
[0.455s] -- Up-to-date: /home/marc/conveyor_packages/install/vision_interfaces/include/vision_interfaces/vision_interfaces/srv/detail/detect_boxes__struct.h
[0.456s] -- Up-to-date: /home/marc/conveyor_packages/install/vision_interfaces/include/vision_interfaces/vision_interfaces/srv/detail/get_image__struct.h
[0.456s] -- Up-to-date: /home/marc/conveyor_packages/install/vision_interfaces/include/vision_interfaces/vision_interfaces/srv/detail/get_image__description.c
[0.456s] -- Up-to-date: /home/marc/conveyor_packages/install/vision_interfaces/include/vision_interfaces/vision_interfaces/srv/detail/get_image__functions.h
[0.456s] -- Up-to-date: /home/marc/conveyor_packages/install/vision_interfaces/include/vision_interfaces/vision_interfaces/srv/detail/detect_boxes__functions.c
[0.456s] -- Up-to-date: /home/marc/conveyor_packages/install/vision_interfaces/include/vision_interfaces/vision_interfaces/srv/detail/arrange_pallet__functions.c
[0.457s] -- Up-to-date: /home/marc/conveyor_packages/install/vision_interfaces/include/vision_interfaces/vision_interfaces/srv/arrange_pallet.h
[0.457s] -- Up-to-date: /home/marc/conveyor_packages/install/vision_interfaces/include/vision_interfaces/vision_interfaces/srv/get_image.h
[0.457s] -- Up-to-date: /home/marc/conveyor_packages/install/vision_interfaces/share/vision_interfaces/environment/library_path.sh
[0.457s] -- Up-to-date: /home/marc/conveyor_packages/install/vision_interfaces/share/vision_interfaces/environment/library_path.dsv
[0.458s] -- Up-to-date: /home/marc/conveyor_packages/install/vision_interfaces/lib/libvision_interfaces__rosidl_generator_c.so
[0.458s] -- Up-to-date: /home/marc/conveyor_packages/install/vision_interfaces/include/vision_interfaces/vision_interfaces
[0.458s] -- Up-to-date: /home/marc/conveyor_packages/install/vision_interfaces/include/vision_interfaces/vision_interfaces/msg
[0.458s] -- Up-to-date: /home/marc/conveyor_packages/install/vision_interfaces/include/vision_interfaces/vision_interfaces/msg/rosidl_typesupport_fastrtps_c__visibility_control.h
[0.458s] -- Up-to-date: /home/marc/conveyor_packages/install/vision_interfaces/include/vision_interfaces/vision_interfaces/srv
[0.458s] -- Up-to-date: /home/marc/conveyor_packages/install/vision_interfaces/include/vision_interfaces/vision_interfaces/srv/detail
[0.458s] -- Up-to-date: /home/marc/conveyor_packages/install/vision_interfaces/include/vision_interfaces/vision_interfaces/srv/detail/get_image__rosidl_typesupport_fastrtps_c.h
[0.458s] -- Up-to-date: /home/marc/conveyor_packages/install/vision_interfaces/include/vision_interfaces/vision_interfaces/srv/detail/detect_boxes__rosidl_typesupport_fastrtps_c.h
[0.458s] -- Up-to-date: /home/marc/conveyor_packages/install/vision_interfaces/include/vision_interfaces/vision_interfaces/srv/detail/arrange_pallet__rosidl_typesupport_fastrtps_c.h
[0.459s] -- Up-to-date: /home/marc/conveyor_packages/install/vision_interfaces/lib/libvision_interfaces__rosidl_typesupport_fastrtps_c.so
[0.459s] -- Up-to-date: /home/marc/conveyor_packages/install/vision_interfaces/include/vision_interfaces/vision_interfaces
[0.459s] -- Up-to-date: /home/marc/conveyor_packages/install/vision_interfaces/include/vision_interfaces/vision_interfaces/msg
[0.459s] -- Up-to-date: /home/marc/conveyor_packages/install/vision_interfaces/include/vision_interfaces/vision_interfaces/msg/rosidl_generator_cpp__visibility_control.hpp
[0.459s] -- Up-to-date: /home/marc/conveyor_packages/install/vision_interfaces/include/vision_interfaces/vision_interfaces/srv
[0.459s] -- Up-to-date: /home/marc/conveyor_packages/install/vision_interfaces/include/vision_interfaces/vision_interfaces/srv/arrange_pallet.hpp
[0.459s] -- Up-to-date: /home/marc/conveyor_packages/install/vision_interfaces/include/vision_interfaces/vision_interfaces/srv/detail
[0.459s] -- Up-to-date: /home/marc/conveyor_packages/install/vision_interfaces/include/vision_interfaces/vision_interfaces/srv/detail/arrange_pallet__builder.hpp
[0.459s] -- Up-to-date: /home/marc/conveyor_packages/install/vision_interfaces/include/vision_interfaces/vision_interfaces/srv/detail/arrange_pallet__struct.hpp
[0.459s] -- Up-to-date: /home/marc/conveyor_packages/install/vision_interfaces/include/vision_interfaces/vision_interfaces/srv/detail/detect_boxes__builder.hpp
[0.459s] -- Up-to-date: /home/marc/conveyor_packages/install/vision_interfaces/include/vision_interfaces/vision_interfaces/srv/detail/arrange_pallet__type_support.hpp
[0.459s] -- Up-to-date: /home/marc/conveyor_packages/install/vision_interfaces/include/vision_interfaces/vision_interfaces/srv/detail/arrange_pallet__traits.hpp
[0.459s] -- Up-to-date: /home/marc/conveyor_packages/install/vision_interfaces/include/vision_interfaces/vision_interfaces/srv/detail/detect_boxes__traits.hpp
[0.459s] -- Up-to-date: /home/marc/conveyor_packages/install/vision_interfaces/include/vision_interfaces/vision_interfaces/srv/detail/get_image__type_support.hpp
[0.459s] -- Up-to-date: /home/marc/conveyor_packages/install/vision_interfaces/include/vision_interfaces/vision_interfaces/srv/detail/get_image__struct.hpp
[0.459s] -- Up-to-date: /home/marc/conveyor_packages/install/vision_interfaces/include/vision_interfaces/vision_interfaces/srv/detail/detect_boxes__type_support.hpp
[0.459s] -- Up-to-date: /home/marc/conveyor_packages/install/vision_interfaces/include/vision_interfaces/vision_interfaces/srv/detail/get_image__builder.hpp
[0.459s] -- Up-to-date: /home/marc/conveyor_packages/install/vision_interfaces/include/vision_interfaces/vision_interfaces/srv/detail/detect_boxes__struct.hpp
[0.459s] -- Up-to-date: /home/marc/conveyor_packages/install/vision_interfaces/include/vision_interfaces/vision_interfaces/srv/detail/get_image__traits.hpp
[0.459s] -- Up-to-date: /home/marc/conveyor_packages/install/vision_interfaces/include/vision_interfaces/vision_interfaces/srv/detect_boxes.hpp
[0.459s] -- Up-to-date: /home/marc/conveyor_packages/install/vision_interfaces/include/vision_interfaces/vision_interfaces/srv/get_image.hpp
[0.459s] -- Up-to-date: /home/marc/conveyor_packages/install/vision_interfaces/include/vision_interfaces/vision_interfaces
[0.459s] -- Up-to-date: /home/marc/conveyor_packages/install/vision_interfaces/include/vision_interfaces/vision_interfaces/msg
[0.459s] -- Up-to-date: /home/marc/conveyor_packages/install/vision_interfaces/include/vision_interfaces/vision_interfaces/msg/rosidl_typesupport_fastrtps_cpp__visibility_control.h
[0.460s] -- Up-to-date: /home/marc/conveyor_packages/install/vision_interfaces/include/vision_interfaces/vision_interfaces/srv
[0.460s] -- Up-to-date: /home/marc/conveyor_packages/install/vision_interfaces/include/vision_interfaces/vision_interfaces/srv/detail
[0.460s] -- Up-to-date: /home/marc/conveyor_packages/install/vision_interfaces/include/vision_interfaces/vision_interfaces/srv/detail/dds_fastrtps
[0.460s] -- Up-to-date: /home/marc/conveyor_packages/install/vision_interfaces/include/vision_interfaces/vision_interfaces/srv/detail/arrange_pallet__rosidl_typesupport_fastrtps_cpp.hpp
[0.460s] -- Up-to-date: /home/marc/conveyor_packages/install/vision_interfaces/include/vision_interfaces/vision_interfaces/srv/detail/detect_boxes__rosidl_typesupport_fastrtps_cpp.hpp
[0.460s] -- Up-to-date: /home/marc/conveyor_packages/install/vision_interfaces/include/vision_interfaces/vision_interfaces/srv/detail/get_image__rosidl_typesupport_fastrtps_cpp.hpp
[0.460s] -- Up-to-date: /home/marc/conveyor_packages/install/vision_interfaces/lib/libvision_interfaces__rosidl_typesupport_fastrtps_cpp.so
[0.460s] -- Up-to-date: /home/marc/conveyor_packages/install/vision_interfaces/include/vision_interfaces/vision_interfaces
[0.460s] -- Up-to-date: /home/marc/conveyor_packages/install/vision_interfaces/include/vision_interfaces/vision_interfaces/msg
[0.460s] -- Up-to-date: /home/marc/conveyor_packages/install/vision_interfaces/include/vision_interfaces/vision_interfaces/msg/rosidl_typesupport_introspection_c__visibility_control.h
[0.460s] -- Up-to-date: /home/marc/conveyor_packages/install/vision_interfaces/include/vision_interfaces/vision_interfaces/srv
[0.460s] -- Up-to-date: /home/marc/conveyor_packages/install/vision_interfaces/include/vision_interfaces/vision_interfaces/srv/detail
[0.460s] -- Up-to-date: /home/marc/conveyor_packages/install/vision_interfaces/include/vision_interfaces/vision_interfaces/srv/detail/detect_boxes__type_support.c
[0.460s] -- Up-to-date: /home/marc/conveyor_packages/install/vision_interfaces/include/vision_interfaces/vision_interfaces/srv/detail/arrange_pallet__type_support.c
[0.460s] -- Up-to-date: /home/marc/conveyor_packages/install/vision_interfaces/include/vision_interfaces/vision_interfaces/srv/detail/get_image__type_support.c
[0.460s] -- Up-to-date: /home/marc/conveyor_packages/install/vision_interfaces/include/vision_interfaces/vision_interfaces/srv/detail/arrange_pallet__rosidl_typesupport_introspection_c.h
[0.460s] -- Up-to-date: /home/marc/conveyor_packages/install/vision_interfaces/include/vision_interfaces/vision_interfaces/srv/detail/detect_boxes__rosidl_typesupport_introspection_c.h
[0.460s] -- Up-to-date: /home/marc/conveyor_packages/install/vision_interfaces/include/vision_interfaces/vision_interfaces/srv/detail/get_image__rosidl_typesupport_introspection_c.h
[0.460s] -- Up-to-date: /home/marc/conveyor_packages/install/vision_interfaces/lib/libvision_interfaces__rosidl_typesupport_introspection_c.so
[0.460s] -- Up-to-date: /home/marc/conveyor_packages/install/vision_interfaces/lib/libvision_interfaces__rosidl_typesupport_c.so
[0.461s] -- Up-to-date: /home/marc/conveyor_packages/install/vision_interfaces/include/vision_interfaces/vision_interfaces
[0.461s] -- Up-to-date: /home/marc/conveyor_packages/install/vision_interfaces/include/vision_interfaces/vision_interfaces/srv
[0.461s] -- Up-to-date: /home/marc/conveyor_packages/install/vision_interfaces/include/vision_interfaces/vision_interfaces/srv/detail
[0.461s] -- Up-to-date: /home/marc/conveyor_packages/install/vision_interfaces/include/vision_interfaces/vision_interfaces/srv/detail/detect_boxes__type_support.cpp
[0.461s] -- Up-to-date: /home/marc/conveyor_packages/install/vision_interfaces/include/vision_interfaces/vision_interfaces/srv/detail/get_image__rosidl_typesupport_introspection_cpp.hpp
[0.461s] -- Up-to-date: /home/marc/conveyor_packages/install/vision_interfaces/include/vision_interfaces/vision_interfaces/srv/detail/detect_boxes__rosidl_typesupport_introspection_cpp.hpp
[0.461s] -- Up-to-date: /home/marc/conveyor_packages/install/vision_interfaces/include/vision_interfaces/vision_interfaces/srv/detail/get_image__type_support.cpp
[0.461s] -- Up-to-date: /home/marc/conveyor_packages/install/vision_interfaces/include/vision_interfaces/vision_interfaces/srv/detail/arrange_pallet__type_support.cpp
[0.461s] -- Up-to-date: /home/marc/conveyor_packages/install/vision_interfaces/include/vision_interfaces/vision_interfaces/srv/detail/arrange_pallet__rosidl_typesupport_introspection_cpp.hpp
[0.461s] -- Up-to-date: /home/marc/conveyor_packages/install/vision_interfaces/lib/libvision_interfaces__rosidl_typesupport_introspection_cpp.so
[0.461s] -- Up-to-date: /home/marc/conveyor_packages/install/vision_interfaces/lib/libvision_interfaces__rosidl_typesupport_cpp.so
[0.461s] -- Up-to-date: /home/marc/conveyor_packages/install/vision_interfaces/share/vision_interfaces/environment/pythonpath.sh
[0.461s] -- Up-to-date: /home/marc/conveyor_packages/install/vision_interfaces/share/vision_interfaces/environment/pythonpath.dsv
[0.461s] -- Up-to-date: /home/marc/conveyor_packages/install/vision_interfaces/lib/python3.12/site-packages/vision_interfaces-0.0.0-py3.12.egg-info
[0.461s] -- Installing: /home/marc/conveyor_packages/install/vision_interfaces/lib/python3.12/site-packages/vision_interfaces-0.0.0-py3.12.egg-info/PKG-INFO
[0.461s] -- Installing: /home/marc/conveyor_packages/install/vision_interfaces/lib/python3.12/site-packages/vision_interfaces-0.0.0-py3.12.egg-info/SOURCES.txt
[0.461s] -- Installing: /home/marc/conveyor_packages/install/vision_interfaces/lib/python3.12/site-packages/vision_interfaces-0.0.0-py3.12.egg-info/dependency_links.txt
[0.461s] -- Installing: /home/marc/conveyor_packages/install/vision_interfaces/lib/python3.12/site-packages/vision_interfaces-0.0.0-py3.12.egg-info/top_level.txt
[0.461s] -- Up-to-date: /home/marc/conveyor_packages/install/vision_interfaces/lib/python3.12/site-packages/vision_interfaces
[0.461s] -- Up-to-date: /home/marc/conveyor_packages/install/vision_interfaces/lib/python3.12/site-packages/vision_interfaces/_vision_interfaces_s.ep.rosidl_typesupport_introspection_c.c
[0.462s] -- Up-to-date: /home/marc/conveyor_packages/install/vision_interfaces/lib/python3.12/site-packages/vision_interfaces/srv
[0.462s] -- Up-to-date: /home/marc/conveyor_packages/install/vision_interfaces/lib/python3.12/site-packages/vision_interfaces/srv/_get_image_s.c
[0.462s] -- Up-to-date: /home/marc/conveyor_packages/install/vision_interfaces/lib/python3.12/site-packages/vision_interfaces/srv/_get_image.py
[0.462s] -- Up-to-date: /home/marc/conveyor_packages/install/vision_interfaces/lib/python3.12/site-packages/vision_interfaces/srv/_arrange_pallet.py
[0.462s] -- Up-to-date: /home/marc/conveyor_packages/install/vision_interfaces/lib/python3.12/site-packages/vision_interfaces/srv/_detect_boxes_s.c
[0.462s] -- Up-to-date: /home/marc/conveyor_packages/install/vision_interfaces/lib/python3.12/site-packages/vision_interfaces/srv/_detect_boxes.py
[0.462s] -- Up-to-date: /home/marc/conveyor_packages/install/vision_interfaces/lib/python3.12/site-packages/vision_interfaces/srv/__init__.py
[0.462s] -- Up-to-date: /home/marc/conveyor_packages/install/vision_interfaces/lib/python3.12/site-packages/vision_interfaces/srv/_arrange_pallet_s.c
[0.462s] -- Up-to-date: /home/marc/conveyor_packages/install/vision_interfaces/lib/python3.12/site-packages/vision_interfaces/_vision_interfaces_s.ep.rosidl_typesupport_c.c
[0.462s] -- Up-to-date: /home/marc/conveyor_packages/install/vision_interfaces/lib/python3.12/site-packages/vision_interfaces/vision_interfaces_s__rosidl_typesupport_introspection_c.so
[0.462s] -- Up-to-date: /home/marc/conveyor_packages/install/vision_interfaces/lib/python3.12/site-packages/vision_interfaces/vision_interfaces_s__rosidl_typesupport_fastrtps_c.so
[0.462s] -- Up-to-date: /home/marc/conveyor_packages/install/vision_interfaces/lib/python3.12/site-packages/vision_interfaces/vision_interfaces_s__rosidl_typesupport_c.so
[0.463s] -- Up-to-date: /home/marc/conveyor_packages/install/vision_interfaces/lib/python3.12/site-packages/vision_interfaces/__init__.py
[0.463s] -- Up-to-date: /home/marc/conveyor_packages/install/vision_interfaces/lib/python3.12/site-packages/vision_interfaces/_vision_interfaces_s.ep.rosidl_typesupport_fastrtps_c.c
[0.493s] Listing '/home/marc/conveyor_packages/install/vision_interfaces/lib/python3.12/site-packages/vision_interfaces'...
[0.493s] Listing '/home/marc/conveyor_packages/install/vision_interfaces/lib/python3.12/site-packages/vision_interfaces/srv'...
[0.500s] -- Up-to-date: /home/marc/conveyor_packages/install/vision_interfaces/lib/python3.12/site-packages/vision_interfaces/vision_interfaces_s__rosidl_typesupport_fastrtps_c.so
[0.502s] -- Up-to-date: /home/marc/conveyor_packages/install/vision_interfaces/lib/python3.12/site-packages/vision_interfaces/vision_interfaces_s__rosidl_typesupport_introspection_c.so
[0.502s] -- Up-to-date: /home/marc/conveyor_packages/install/vision_interfaces/lib/python3.12/site-packages/vision_interfaces/vision_interfaces_s__rosidl_typesupport_c.so
[0.503s] -- Up-to-date: /home/marc/conveyor_packages/install/vision_interfaces/lib/libvision_interfaces__rosidl_generator_py.so
[0.503s] -- Up-to-date: /home/marc/conveyor_packages/install/vision_interfaces/share/vision_interfaces/srv/DetectBoxes.idl
[0.503s] -- Up-to-date: /home/marc/conveyor_packages/install/vision_interfaces/share/vision_interfaces/srv/GetImage.idl
[0.503s] -- Up-to-date: /home/marc/conveyor_packages/install/vision_interfaces/share/vision_interfaces/srv/ArrangePallet.idl
[0.503s] -- Up-to-date: /home/marc/conveyor_packages/install/vision_interfaces/share/vision_interfaces/srv/DetectBoxes.srv
[0.503s] -- Up-to-date: /home/marc/conveyor_packages/install/vision_interfaces/share/vision_interfaces/srv/GetImage.srv
[0.504s] -- Up-to-date: /home/marc/conveyor_packages/install/vision_interfaces/share/vision_interfaces/srv/ArrangePallet.srv
[0.504s] -- Up-to-date: /home/marc/conveyor_packages/install/vision_interfaces/share/ament_index/resource_index/package_run_dependencies/vision_interfaces
[0.504s] -- Up-to-date: /home/marc/conveyor_packages/install/vision_interfaces/share/ament_index/resource_index/parent_prefix_path/vision_interfaces
[0.504s] -- Up-to-date: /home/marc/conveyor_packages/install/vision_interfaces/share/vision_interfaces/environment/ament_prefix_path.sh
[0.504s] -- Up-to-date: /home/marc/conveyor_packages/install/vision_interfaces/share/vision_interfaces/environment/ament_prefix_path.dsv
[0.504s] -- Up-to-date: /home/marc/conveyor_packages/install/vision_interfaces/share/vision_interfaces/environment/path.sh
[0.505s] -- Up-to-date: /home/marc/conveyor_packages/install/vision_interfaces/share/vision_interfaces/environment/path.dsv
[0.505s] -- Up-to-date: /home/marc/conveyor_packages/install/vision_interfaces/share/vision_interfaces/local_setup.bash
[0.506s] -- Up-to-date: /home/marc/conveyor_packages/install/vision_interfaces/share/vision_interfaces/local_setup.sh
[0.506s] -- Up-to-date: /home/marc/conveyor_packages/install/vision_interfaces/share/vision_interfaces/local_setup.zsh
[0.506s] -- Up-to-date: /home/marc/conveyor_packages/install/vision_interfaces/share/vision_interfaces/local_setup.dsv
[0.506s] -- Installing: /home/marc/conveyor_packages/install/vision_interfaces/share/vision_interfaces/package.dsv
[0.506s] -- Up-to-date: /home/marc/conveyor_packages/install/vision_interfaces/share/ament_index/resource_index/packages/vision_interfaces
[0.506s] -- Up-to-date: /home/marc/conveyor_packages/install/vision_interfaces/share/vision_interfaces/cmake/export_vision_interfaces__rosidl_generator_cExport.cmake
[0.506s] -- Up-to-date: /home/marc/conveyor_packages/install/vision_interfaces/share/vision_interfaces/cmake/export_vision_interfaces__rosidl_generator_cExport-noconfig.cmake
[0.506s] -- Up-to-date: /home/marc/conveyor_packages/install/vision_interfaces/share/vision_interfaces/cmake/export_vision_interfaces__rosidl_typesupport_fastrtps_cExport.cmake
[0.506s] -- Up-to-date: /home/marc/conveyor_packages/install/vision_interfaces/share/vision_interfaces/cmake/export_vision_interfaces__rosidl_typesupport_fastrtps_cExport-noconfig.cmake
[0.507s] -- Up-to-date: /home/marc/conveyor_packages/install/vision_interfaces/share/vision_interfaces/cmake/export_vision_interfaces__rosidl_generator_cppExport.cmake
[0.507s] -- Up-to-date: /home/marc/conveyor_packages/install/vision_interfaces/share/vision_interfaces/cmake/export_vision_interfaces__rosidl_typesupport_fastrtps_cppExport.cmake
[0.507s] -- Up-to-date: /home/marc/conveyor_packages/install/vision_interfaces/share/vision_interfaces/cmake/export_vision_interfaces__rosidl_typesupport_fastrtps_cppExport-noconfig.cmake
[0.507s] -- Up-to-date: /home/marc/conveyor_packages/install/vision_interfaces/share/vision_interfaces/cmake/vision_interfaces__rosidl_typesupport_introspection_cExport.cmake
[0.507s] -- Up-to-date: /home/marc/conveyor_packages/install/vision_interfaces/share/vision_interfaces/cmake/vision_interfaces__rosidl_typesupport_introspection_cExport-noconfig.cmake
[0.507s] -- Up-to-date: /home/marc/conveyor_packages/install/vision_interfaces/share/vision_interfaces/cmake/vision_interfaces__rosidl_typesupport_cExport.cmake
[0.508s] -- Up-to-date: /home/marc/conveyor_packages/install/vision_interfaces/share/vision_interfaces/cmake/vision_interfaces__rosidl_typesupport_cExport-noconfig.cmake
[0.509s] -- Up-to-date: /home/marc/conveyor_packages/install/vision_interfaces/share/vision_interfaces/cmake/vision_interfaces__rosidl_typesupport_introspection_cppExport.cmake
[0.510s] -- Up-to-date: /home/marc/conveyor_packages/install/vision_interfaces/share/vision_interfaces/cmake/vision_interfaces__rosidl_typesupport_introspection_cppExport-noconfig.cmake
[0.510s] -- Up-to-date: /home/marc/conveyor_packages/install/vision_interfaces/share/vision_interfaces/cmake/vision_interfaces__rosidl_typesupport_cppExport.cmake
[0.510s] -- Up-to-date: /home/marc/conveyor_packages/install/vision_interfaces/share/vision_interfaces/cmake/vision_interfaces__rosidl_typesupport_cppExport-noconfig.cmake
[0.510s] -- Up-to-date: /home/marc/conveyor_packages/install/vision_interfaces/share/vision_interfaces/cmake/export_vision_interfaces__rosidl_generator_pyExport.cmake
[0.510s] -- Up-to-date: /home/marc/conveyor_packages/install/vision_interfaces/share/vision_interfaces/cmake/export_vision_interfaces__rosidl_generator_pyExport-noconfig.cmake
[0.511s] -- Up-to-date: /home/marc/conveyor_packages/install/vision_interfaces/share/vision_interfaces/cmake/rosidl_cmake-extras.cmake
[0.511s] -- Up-to-date: /home/marc/conveyor_packages/install/vision_interfaces/share/vision_interfaces/cmake/ament_cmake_export_dependencies-extras.cmake
[0.511s] -- Up-to-date: /home/marc/conveyor_packages/install/vision_interfaces/share/vision_interfaces/cmake/ament_cmake_export_include_directories-extras.cmake
[0.512s] -- Up-to-date: /home/marc/conveyor_packages/install/vision_interfaces/share/vision_interfaces/cmake/ament_cmake_export_libraries-extras.cmake
[0.512s] -- Up-to-date: /home/marc/conveyor_packages/install/vision_interfaces/share/vision_interfaces/cmake/ament_cmake_export_targets-extras.cmake
[0.512s] -- Up-to-date: /home/marc/conveyor_packages/install/vision_interfaces/share/vision_interfaces/cmake/rosidl_cmake_export_typesupport_targets-extras.cmake
[0.512s] -- Up-to-date: /home/marc/conveyor_packages/install/vision_interfaces/share/vision_interfaces/cmake/rosidl_cmake_export_typesupport_libraries-extras.cmake
[0.512s] -- Up-to-date: /home/marc/conveyor_packages/install/vision_interfaces/share/vision_interfaces/cmake/vision_interfacesConfig.cmake
[0.513s] -- Up-to-date: /home/marc/conveyor_packages/install/vision_interfaces/share/vision_interfaces/cmake/vision_interfacesConfig-version.cmake
[0.513s] -- Up-to-date: /home/marc/conveyor_packages/install/vision_interfaces/share/vision_interfaces/package.xml
[0.513s] Invoked command in '/home/marc/conveyor_packages/build/vision_interfaces' returned '0': CMAKE_PREFIX_PATH=${CMAKE_PREFIX_PATH}:/opt/ros/jazzy /usr/bin/cmake --install /home/marc/conveyor_packages/build/vision_interfaces
